<?xml version="1.0" ?>
<!DOCTYPE coverage SYSTEM "http://cobertura.sourceforge.net/xml/coverage-04.dtd">
<coverage lines-valid="947" lines-covered="596" line-rate="0.6294" branches-valid="520" branches-covered="295" branch-rate="0.5672999999999999" timestamp="1635521301375" complexity="0" version="0.1">
  <sources>
    <source>C:\Source\FutureNHS</source>
  </sources>
  <packages>
    <package name="ui.componentBase" line-rate="0.7" branch-rate="0.6667000000000001">
      <classes>
        <class name="index.ts" filename="MVCForum.Website\UI\assets\src\ts\modules\ui\componentBase\index.ts" line-rate="0.7" branch-rate="0.6667000000000001">
          <methods>
            <method name="(anonymous_0)" hits="50" signature="()V">
              <lines>
                <line number="16" hits="50"/>
              </lines>
            </method>
          </methods>
          <lines>
            <line number="1" hits="14" branch="false"/>
            <line number="3" hits="14" branch="false"/>
            <line number="5" hits="14" branch="false"/>
            <line number="10" hits="14" branch="false"/>
            <line number="12" hits="50" branch="false"/>
            <line number="23" hits="50" branch="false"/>
            <line number="25" hits="50" branch="true" condition-coverage="66.66666666666666% (4/6)"/>
            <line number="27" hits="0" branch="false"/>
            <line number="29" hits="0" branch="false"/>
            <line number="36" hits="0" branch="false"/>
          </lines>
        </class>
      </classes>
    </package>
    <package name="ui.components.adminDashboard" line-rate="1" branch-rate="0.5">
      <classes>
        <class name="index.ts" filename="MVCForum.Website\UI\assets\src\ts\modules\ui\components\adminDashboard\index.ts" line-rate="1" branch-rate="0.5">
          <methods>
            <method name="(anonymous_0)" hits="1" signature="()V">
              <lines>
                <line number="10" hits="1"/>
              </lines>
            </method>
            <method name="(anonymous_1)" hits="1" signature="()V">
              <lines>
                <line number="23" hits="1"/>
              </lines>
            </method>
            <method name="(anonymous_2)" hits="3" signature="()V">
              <lines>
                <line number="33" hits="3"/>
              </lines>
            </method>
          </methods>
          <lines>
            <line number="1" hits="1" branch="false"/>
            <line number="6" hits="1" branch="false"/>
            <line number="8" hits="1" branch="false"/>
            <line number="15" hits="1" branch="false"/>
            <line number="17" hits="1" branch="false"/>
            <line number="19" hits="1" branch="false"/>
            <line number="23" hits="1" branch="false"/>
            <line number="25" hits="1" branch="false"/>
            <line number="27" hits="3" branch="true" condition-coverage="50% (1/2)"/>
            <line number="29" hits="3" branch="false"/>
            <line number="30" hits="3" branch="false"/>
            <line number="32" hits="3" branch="false"/>
            <line number="35" hits="3" branch="false"/>
          </lines>
        </class>
      </classes>
    </package>
    <package name="ui.components.ajaxForm" line-rate="1" branch-rate="1">
      <classes>
        <class name="index.ts" filename="MVCForum.Website\UI\assets\src\ts\modules\ui\components\ajaxForm\index.ts" line-rate="1" branch-rate="1">
          <methods>
            <method name="(anonymous_0)" hits="5" signature="()V">
              <lines>
                <line number="13" hits="5"/>
              </lines>
            </method>
            <method name="(anonymous_1)" hits="4" signature="()V">
              <lines>
                <line number="25" hits="4"/>
              </lines>
            </method>
            <method name="(anonymous_2)" hits="2" signature="()V">
              <lines>
                <line number="48" hits="2"/>
              </lines>
            </method>
            <method name="(anonymous_3)" hits="1" signature="()V">
              <lines>
                <line number="49" hits="1"/>
              </lines>
            </method>
          </methods>
          <lines>
            <line number="1" hits="1" branch="false"/>
            <line number="2" hits="1" branch="false"/>
            <line number="8" hits="1" branch="false"/>
            <line number="10" hits="5" branch="false"/>
            <line number="11" hits="5" branch="false"/>
            <line number="20" hits="5" branch="false"/>
            <line number="22" hits="5" branch="false"/>
            <line number="23" hits="5" branch="false"/>
            <line number="25" hits="5" branch="false"/>
            <line number="27" hits="4" branch="false"/>
            <line number="29" hits="4" branch="false"/>
            <line number="31" hits="4" branch="false"/>
            <line number="33" hits="4" branch="true" condition-coverage="100% (2/2)"/>
            <line number="35" hits="3" branch="false"/>
            <line number="36" hits="3" branch="false"/>
            <line number="43" hits="3" branch="false"/>
            <line number="48" hits="2" branch="false"/>
            <line number="49" hits="1" branch="false"/>
          </lines>
        </class>
      </classes>
    </package>
    <package name="ui.components.createTopic" line-rate="0.8763" branch-rate="0.6446999999999999">
      <classes>
        <class name="index.ts" filename="MVCForum.Website\UI\assets\src\ts\modules\ui\components\createTopic\index.ts" line-rate="0.8763" branch-rate="0.6446999999999999">
          <methods>
            <method name="(anonymous_0)" hits="3" signature="()V">
              <lines>
                <line number="23" hits="3"/>
              </lines>
            </method>
            <method name="(anonymous_1)" hits="3" signature="()V">
              <lines>
                <line number="38" hits="3"/>
              </lines>
            </method>
            <method name="(anonymous_2)" hits="3" signature="()V">
              <lines>
                <line number="46" hits="3"/>
              </lines>
            </method>
            <method name="(anonymous_3)" hits="0" signature="()V">
              <lines>
                <line number="62" hits="0"/>
              </lines>
            </method>
            <method name="(anonymous_4)" hits="0" signature="()V">
              <lines>
                <line number="75" hits="0"/>
              </lines>
            </method>
            <method name="(anonymous_5)" hits="3" signature="()V">
              <lines>
                <line number="89" hits="3"/>
              </lines>
            </method>
            <method name="(anonymous_6)" hits="1" signature="()V">
              <lines>
                <line number="116" hits="1"/>
              </lines>
            </method>
            <method name="(anonymous_7)" hits="4" signature="()V">
              <lines>
                <line number="141" hits="4"/>
              </lines>
            </method>
            <method name="(anonymous_8)" hits="1" signature="()V">
              <lines>
                <line number="156" hits="1"/>
              </lines>
            </method>
            <method name="(anonymous_9)" hits="0" signature="()V">
              <lines>
                <line number="161" hits="0"/>
              </lines>
            </method>
            <method name="(anonymous_10)" hits="3" signature="()V">
              <lines>
                <line number="175" hits="3"/>
              </lines>
            </method>
            <method name="(anonymous_11)" hits="1" signature="()V">
              <lines>
                <line number="185" hits="1"/>
              </lines>
            </method>
            <method name="(anonymous_12)" hits="1" signature="()V">
              <lines>
                <line number="197" hits="1"/>
              </lines>
            </method>
            <method name="(anonymous_13)" hits="3" signature="()V">
              <lines>
                <line number="212" hits="3"/>
              </lines>
            </method>
            <method name="(anonymous_14)" hits="1" signature="()V">
              <lines>
                <line number="229" hits="1"/>
              </lines>
            </method>
          </methods>
          <lines>
            <line number="1" hits="1" branch="false"/>
            <line number="17" hits="1" branch="false"/>
            <line number="20" hits="3" branch="false"/>
            <line number="21" hits="3" branch="false"/>
            <line number="25" hits="3" branch="false"/>
            <line number="27" hits="3" branch="false"/>
            <line number="28" hits="3" branch="false"/>
            <line number="31" hits="3" branch="false"/>
            <line number="32" hits="3" branch="false"/>
            <line number="33" hits="3" branch="false"/>
            <line number="38" hits="3" branch="false"/>
            <line number="40" hits="3" branch="true" condition-coverage="75% (3/4)"/>
            <line number="42" hits="3" branch="true" condition-coverage="50% (1/2)"/>
            <line number="43" hits="0" branch="false"/>
            <line number="46" hits="3" branch="false"/>
            <line number="49" hits="3" branch="false"/>
            <line number="51" hits="3" branch="true" condition-coverage="50% (1/2)"/>
            <line number="52" hits="0" branch="false"/>
            <line number="55" hits="3" branch="false"/>
            <line number="64" hits="0" branch="true" condition-coverage="0% (0/2)"/>
            <line number="65" hits="0" branch="false"/>
            <line number="68" hits="0" branch="true" condition-coverage="0% (0/4)"/>
            <line number="69" hits="0" branch="true" condition-coverage="0% (0/4)"/>
            <line number="71" hits="0" branch="false"/>
            <line number="72" hits="0" branch="false"/>
            <line number="76" hits="0" branch="false"/>
            <line number="83" hits="3" branch="false"/>
            <line number="89" hits="3" branch="false"/>
            <line number="91" hits="3" branch="true" condition-coverage="75% (3/4)"/>
            <line number="92" hits="3" branch="false"/>
            <line number="94" hits="3" branch="true" condition-coverage="50% (1/2)"/>
            <line number="95" hits="0" branch="false"/>
            <line number="98" hits="3" branch="false"/>
            <line number="99" hits="3" branch="false"/>
            <line number="100" hits="3" branch="false"/>
            <line number="101" hits="3" branch="false"/>
            <line number="102" hits="3" branch="false"/>
            <line number="106" hits="3" branch="false"/>
            <line number="116" hits="3" branch="false"/>
            <line number="118" hits="1" branch="false"/>
            <line number="120" hits="5" branch="true" condition-coverage="50% (1/2)"/>
            <line number="122" hits="5" branch="false"/>
            <line number="123" hits="5" branch="false"/>
            <line number="125" hits="5" branch="true" condition-coverage="100% (2/2)"/>
            <line number="127" hits="3" branch="false"/>
            <line number="131" hits="2" branch="false"/>
            <line number="141" hits="3" branch="false"/>
            <line number="143" hits="4" branch="false"/>
            <line number="145" hits="4" branch="false"/>
            <line number="147" hits="4" branch="true" condition-coverage="100% (2/2)"/>
            <line number="148" hits="3" branch="false"/>
            <line number="151" hits="1" branch="false"/>
            <line number="158" hits="1" branch="false"/>
            <line number="163" hits="0" branch="false"/>
            <line number="170" hits="3" branch="false"/>
            <line number="171" hits="3" branch="false"/>
            <line number="175" hits="3" branch="false"/>
            <line number="177" hits="3" branch="false"/>
            <line number="178" hits="3" branch="true" condition-coverage="75% (3/4)"/>
            <line number="179" hits="3" branch="true" condition-coverage="75% (3/4)"/>
            <line number="180" hits="3" branch="true" condition-coverage="75% (3/4)"/>
            <line number="181" hits="3" branch="true" condition-coverage="75% (3/4)"/>
            <line number="182" hits="3" branch="true" condition-coverage="75% (3/4)"/>
            <line number="183" hits="3" branch="true" condition-coverage="75% (3/4)"/>
            <line number="185" hits="3" branch="false"/>
            <line number="187" hits="1" branch="false"/>
            <line number="189" hits="1" branch="false"/>
            <line number="190" hits="1" branch="false"/>
            <line number="191" hits="1" branch="false"/>
            <line number="193" hits="1" branch="false"/>
            <line number="197" hits="3" branch="false"/>
            <line number="199" hits="1" branch="false"/>
            <line number="201" hits="1" branch="false"/>
            <line number="202" hits="1" branch="false"/>
            <line number="203" hits="1" branch="false"/>
            <line number="205" hits="1" branch="false"/>
            <line number="207" hits="1" branch="false"/>
            <line number="212" hits="3" branch="false"/>
            <line number="214" hits="3" branch="true" condition-coverage="100% (4/4)"/>
            <line number="216" hits="3" branch="false"/>
            <line number="217" hits="3" branch="false"/>
            <line number="218" hits="3" branch="false"/>
            <line number="220" hits="3" branch="false"/>
            <line number="221" hits="3" branch="false"/>
            <line number="223" hits="3" branch="false"/>
            <line number="225" hits="3" branch="false"/>
            <line number="229" hits="3" branch="false"/>
            <line number="231" hits="1" branch="false"/>
            <line number="233" hits="1" branch="false"/>
            <line number="235" hits="1" branch="true" condition-coverage="50% (1/2)"/>
            <line number="236" hits="0" branch="false"/>
            <line number="239" hits="1" branch="false"/>
            <line number="241" hits="1" branch="false"/>
            <line number="245" hits="3" branch="true" condition-coverage="75% (3/4)"/>
            <line number="246" hits="3" branch="true" condition-coverage="75% (3/4)"/>
            <line number="247" hits="3" branch="true" condition-coverage="75% (3/4)"/>
            <line number="248" hits="3" branch="true" condition-coverage="75% (3/4)"/>
          </lines>
        </class>
      </classes>
    </package>
    <package name="ui.components.details" line-rate="0.725" branch-rate="0.6415000000000001">
      <classes>
        <class name="index.ts" filename="MVCForum.Website\UI\assets\src\ts\modules\ui\components\details\index.ts" line-rate="0.725" branch-rate="0.6415000000000001">
          <methods>
            <method name="(anonymous_0)" hits="3" signature="()V">
              <lines>
                <line number="19" hits="3"/>
              </lines>
            </method>
            <method name="(anonymous_1)" hits="0" signature="()V">
              <lines>
                <line number="82" hits="0"/>
              </lines>
            </method>
            <method name="(anonymous_2)" hits="0" signature="()V">
              <lines>
                <line number="91" hits="0"/>
              </lines>
            </method>
            <method name="(anonymous_3)" hits="0" signature="()V">
              <lines>
                <line number="38" hits="0"/>
              </lines>
            </method>
            <method name="(anonymous_4)" hits="0" signature="()V">
              <lines>
                <line number="68" hits="0"/>
              </lines>
            </method>
          </methods>
          <lines>
            <line number="1" hits="1" branch="false"/>
            <line number="2" hits="1" branch="false"/>
            <line number="3" hits="1" branch="false"/>
            <line number="8" hits="1" branch="false"/>
            <line number="10" hits="3" branch="false"/>
            <line number="11" hits="3" branch="false"/>
            <line number="12" hits="3" branch="false"/>
            <line number="13" hits="3" branch="false"/>
            <line number="14" hits="3" branch="false"/>
            <line number="15" hits="3" branch="false"/>
            <line number="16" hits="3" branch="false"/>
            <line number="23" hits="3" branch="false"/>
            <line number="25" hits="3" branch="false"/>
            <line number="26" hits="3" branch="false"/>
            <line number="27" hits="3" branch="true" condition-coverage="75% (3/4)"/>
            <line number="28" hits="3" branch="true" condition-coverage="75% (6/8)"/>
            <line number="29" hits="3" branch="true" condition-coverage="75% (6/8)"/>
            <line number="30" hits="3" branch="true" condition-coverage="75% (6/8)"/>
            <line number="31" hits="3" branch="false"/>
            <line number="32" hits="3" branch="false"/>
            <line number="35" hits="3" branch="true" condition-coverage="50% (1/2)"/>
            <line number="36" hits="0" branch="false"/>
            <line number="38" hits="0" branch="false"/>
            <line number="40" hits="0" branch="false"/>
            <line number="48" hits="3" branch="true" condition-coverage="80% (4/5)"/>
            <line number="50" hits="3" branch="false"/>
            <line number="57" hits="3" branch="false"/>
            <line number="58" hits="3" branch="true" condition-coverage="100% (2/2)"/>
            <line number="63" hits="3" branch="true" condition-coverage="75% (3/4)"/>
            <line number="68" hits="3" branch="true" condition-coverage="75% (3/4)"/>
            <line number="70" hits="0" branch="false"/>
            <line number="71" hits="0" branch="true" condition-coverage="0% (0/2)"/>
            <line number="73" hits="0" branch="true" condition-coverage="0% (0/4)"/>
            <line number="82" hits="3" branch="false"/>
            <line number="84" hits="0" branch="false"/>
            <line number="91" hits="3" branch="false"/>
            <line number="92" hits="0" branch="false"/>
            <line number="95" hits="0" branch="true" condition-coverage="0% (0/2)"/>
            <line number="97" hits="0" branch="false"/>
            <line number="101" hits="0" branch="false"/>
          </lines>
        </class>
      </classes>
    </package>
    <package name="ui.components.dialog" line-rate="1" branch-rate="1">
      <classes>
        <class name="index.ts" filename="MVCForum.Website\UI\assets\src\ts\modules\ui\components\dialog\index.ts" line-rate="1" branch-rate="1">
          <methods>
            <method name="(anonymous_0)" hits="2" signature="()V">
              <lines>
                <line number="10" hits="2"/>
              </lines>
            </method>
            <method name="(anonymous_1)" hits="2" signature="()V">
              <lines>
                <line number="24" hits="2"/>
              </lines>
            </method>
            <method name="(anonymous_2)" hits="1" signature="()V">
              <lines>
                <line number="33" hits="1"/>
              </lines>
            </method>
            <method name="(anonymous_3)" hits="1" signature="()V">
              <lines>
                <line number="41" hits="1"/>
              </lines>
            </method>
            <method name="(anonymous_4)" hits="3" signature="()V">
              <lines>
                <line number="51" hits="3"/>
              </lines>
            </method>
          </methods>
          <lines>
            <line number="1" hits="1" branch="false"/>
            <line number="6" hits="1" branch="false"/>
            <line number="8" hits="2" branch="false"/>
            <line number="14" hits="2" branch="false"/>
            <line number="16" hits="2" branch="false"/>
            <line number="18" hits="2" branch="false"/>
            <line number="20" hits="2" branch="false"/>
            <line number="24" hits="2" branch="false"/>
            <line number="26" hits="2" branch="false"/>
            <line number="28" hits="2" branch="false"/>
            <line number="29" hits="2" branch="false"/>
            <line number="30" hits="2" branch="false"/>
            <line number="31" hits="2" branch="false"/>
            <line number="33" hits="2" branch="false"/>
            <line number="35" hits="1" branch="false"/>
            <line number="37" hits="1" branch="false"/>
            <line number="41" hits="2" branch="false"/>
            <line number="43" hits="1" branch="false"/>
            <line number="45" hits="1" branch="false"/>
            <line number="47" hits="1" branch="false"/>
            <line number="51" hits="2" branch="false"/>
            <line number="53" hits="3" branch="true" condition-coverage="100% (2/2)"/>
            <line number="55" hits="2" branch="false"/>
            <line number="57" hits="2" branch="false"/>
            <line number="61" hits="3" branch="false"/>
          </lines>
        </class>
      </classes>
    </package>
    <package name="ui.components.drawer" line-rate="0" branch-rate="0">
      <classes>
        <class name="index.ts" filename="MVCForum.Website\UI\assets\src\ts\modules\ui\components\drawer\index.ts" line-rate="0" branch-rate="0">
          <methods>
            <method name="(anonymous_0)" hits="0" signature="()V">
              <lines>
                <line number="14" hits="0"/>
              </lines>
            </method>
            <method name="(anonymous_1)" hits="0" signature="()V">
              <lines>
                <line number="42" hits="0"/>
              </lines>
            </method>
            <method name="(anonymous_2)" hits="0" signature="()V">
              <lines>
                <line number="52" hits="0"/>
              </lines>
            </method>
            <method name="(anonymous_3)" hits="0" signature="()V">
              <lines>
                <line number="54" hits="0"/>
              </lines>
            </method>
            <method name="(anonymous_4)" hits="0" signature="()V">
              <lines>
                <line number="93" hits="0"/>
              </lines>
            </method>
            <method name="(anonymous_5)" hits="0" signature="()V">
              <lines>
                <line number="102" hits="0"/>
              </lines>
            </method>
            <method name="(anonymous_6)" hits="0" signature="()V">
              <lines>
                <line number="106" hits="0"/>
              </lines>
            </method>
            <method name="(anonymous_7)" hits="0" signature="()V">
              <lines>
                <line number="110" hits="0"/>
              </lines>
            </method>
          </methods>
          <lines>
            <line number="1" hits="0" branch="false"/>
            <line number="2" hits="0" branch="false"/>
            <line number="8" hits="0" branch="false"/>
            <line number="10" hits="0" branch="false"/>
            <line number="11" hits="0" branch="false"/>
            <line number="12" hits="0" branch="false"/>
            <line number="22" hits="0" branch="false"/>
            <line number="24" hits="0" branch="false"/>
            <line number="25" hits="0" branch="true" condition-coverage="0% (0/4)"/>
            <line number="26" hits="0" branch="false"/>
            <line number="30" hits="0" branch="false"/>
            <line number="31" hits="0" branch="false"/>
            <line number="32" hits="0" branch="false"/>
            <line number="33" hits="0" branch="false"/>
            <line number="34" hits="0" branch="false"/>
            <line number="36" hits="0" branch="false"/>
            <line number="38" hits="0" branch="false"/>
            <line number="42" hits="0" branch="false"/>
            <line number="44" hits="0" branch="false"/>
            <line number="45" hits="0" branch="false"/>
            <line number="47" hits="0" branch="false"/>
            <line number="48" hits="0" branch="false"/>
            <line number="52" hits="0" branch="false"/>
            <line number="54" hits="0" branch="false"/>
            <line number="56" hits="0" branch="true" condition-coverage="0% (0/4)"/>
            <line number="58" hits="0" branch="true" condition-coverage="0% (0/2)"/>
            <line number="60" hits="0" branch="true" condition-coverage="0% (0/8)"/>
            <line number="62" hits="0" branch="true" condition-coverage="0% (0/2)"/>
            <line number="64" hits="0" branch="true" condition-coverage="0% (0/2)"/>
            <line number="66" hits="0" branch="false"/>
            <line number="67" hits="0" branch="false"/>
            <line number="73" hits="0" branch="false"/>
            <line number="74" hits="0" branch="false"/>
            <line number="80" hits="0" branch="false"/>
            <line number="81" hits="0" branch="false"/>
            <line number="85" hits="0" branch="false"/>
            <line number="93" hits="0" branch="false"/>
            <line number="95" hits="0" branch="false"/>
            <line number="97" hits="0" branch="false"/>
            <line number="98" hits="0" branch="false"/>
            <line number="102" hits="0" branch="false"/>
            <line number="104" hits="0" branch="false"/>
            <line number="106" hits="0" branch="false"/>
            <line number="110" hits="0" branch="false"/>
            <line number="112" hits="0" branch="false"/>
            <line number="114" hits="0" branch="false"/>
          </lines>
        </class>
      </classes>
    </package>
    <package name="ui.components.emailSubscription" line-rate="0" branch-rate="0">
      <classes>
        <class name="index.ts" filename="MVCForum.Website\UI\assets\src\ts\modules\ui\components\emailSubscription\index.ts" line-rate="0" branch-rate="0">
          <methods>
            <method name="(anonymous_0)" hits="0" signature="()V">
              <lines>
                <line number="12" hits="0"/>
              </lines>
            </method>
            <method name="(anonymous_1)" hits="0" signature="()V">
              <lines>
                <line number="26" hits="0"/>
              </lines>
            </method>
            <method name="(anonymous_2)" hits="0" signature="()V">
              <lines>
                <line number="30" hits="0"/>
              </lines>
            </method>
            <method name="(anonymous_3)" hits="0" signature="()V">
              <lines>
                <line number="50" hits="0"/>
              </lines>
            </method>
            <method name="(anonymous_4)" hits="0" signature="()V">
              <lines>
                <line number="53" hits="0"/>
              </lines>
            </method>
            <method name="(anonymous_5)" hits="0" signature="()V">
              <lines>
                <line number="61" hits="0"/>
              </lines>
            </method>
            <method name="(anonymous_6)" hits="0" signature="()V">
              <lines>
                <line number="67" hits="0"/>
              </lines>
            </method>
            <method name="(anonymous_7)" hits="0" signature="()V">
              <lines>
                <line number="90" hits="0"/>
              </lines>
            </method>
            <method name="(anonymous_8)" hits="0" signature="()V">
              <lines>
                <line number="107" hits="0"/>
              </lines>
            </method>
          </methods>
          <lines>
            <line number="1" hits="0" branch="false"/>
            <line number="7" hits="0" branch="false"/>
            <line number="9" hits="0" branch="false"/>
            <line number="10" hits="0" branch="false"/>
            <line number="20" hits="0" branch="false"/>
            <line number="22" hits="0" branch="false"/>
            <line number="23" hits="0" branch="false"/>
            <line number="26" hits="0" branch="false"/>
            <line number="28" hits="0" branch="false"/>
            <line number="29" hits="0" branch="true" condition-coverage="0% (0/2)"/>
            <line number="30" hits="0" branch="false"/>
            <line number="31" hits="0" branch="false"/>
            <line number="32" hits="0" branch="false"/>
            <line number="33" hits="0" branch="false"/>
            <line number="35" hits="0" branch="false"/>
            <line number="37" hits="0" branch="false"/>
            <line number="38" hits="0" branch="false"/>
            <line number="39" hits="0" branch="false"/>
            <line number="42" hits="0" branch="false"/>
            <line number="44" hits="0" branch="false"/>
            <line number="51" hits="0" branch="false"/>
            <line number="54" hits="0" branch="false"/>
            <line number="61" hits="0" branch="false"/>
            <line number="63" hits="0" branch="false"/>
            <line number="65" hits="0" branch="true" condition-coverage="0% (0/2)"/>
            <line number="67" hits="0" branch="false"/>
            <line number="69" hits="0" branch="false"/>
            <line number="71" hits="0" branch="false"/>
            <line number="72" hits="0" branch="false"/>
            <line number="73" hits="0" branch="false"/>
            <line number="74" hits="0" branch="false"/>
            <line number="76" hits="0" branch="false"/>
            <line number="78" hits="0" branch="false"/>
            <line number="79" hits="0" branch="false"/>
            <line number="82" hits="0" branch="false"/>
            <line number="84" hits="0" branch="false"/>
            <line number="93" hits="0" branch="false"/>
            <line number="94" hits="0" branch="true" condition-coverage="0% (0/2)"/>
            <line number="95" hits="0" branch="false"/>
            <line number="97" hits="0" branch="false"/>
            <line number="98" hits="0" branch="true" condition-coverage="0% (0/2)"/>
            <line number="99" hits="0" branch="false"/>
            <line number="102" hits="0" branch="false"/>
            <line number="103" hits="0" branch="true" condition-coverage="0% (0/2)"/>
            <line number="104" hits="0" branch="false"/>
            <line number="108" hits="0" branch="true" condition-coverage="0% (0/4)"/>
            <line number="116" hits="0" branch="false"/>
            <line number="117" hits="0" branch="false"/>
          </lines>
        </class>
      </classes>
    </package>
    <package name="ui.components.icon" line-rate="1" branch-rate="0.75">
      <classes>
        <class name="index.ts" filename="MVCForum.Website\UI\assets\src\ts\modules\ui\components\icon\index.ts" line-rate="1" branch-rate="0.75">
          <methods>
            <method name="(anonymous_0)" hits="3" signature="()V">
              <lines>
                <line number="12" hits="3"/>
              </lines>
            </method>
            <method name="(anonymous_1)" hits="3" signature="()V">
              <lines>
                <line number="28" hits="3"/>
              </lines>
            </method>
          </methods>
          <lines>
            <line number="1" hits="1" branch="false"/>
            <line number="6" hits="1" branch="false"/>
            <line number="8" hits="3" branch="false"/>
            <line number="9" hits="3" branch="false"/>
            <line number="10" hits="3" branch="false"/>
            <line number="17" hits="3" branch="false"/>
            <line number="19" hits="3" branch="false"/>
            <line number="20" hits="3" branch="false"/>
            <line number="22" hits="3" branch="false"/>
            <line number="24" hits="3" branch="false"/>
            <line number="30" hits="3" branch="false"/>
            <line number="31" hits="3" branch="false"/>
            <line number="32" hits="3" branch="true" condition-coverage="75% (3/4)"/>
          </lines>
        </class>
      </classes>
    </package>
    <package name="ui.components.input" line-rate="0.8889" branch-rate="0.6818000000000001">
      <classes>
        <class name="index.ts" filename="MVCForum.Website\UI\assets\src\ts\modules\ui\components\input\index.ts" line-rate="0.8889" branch-rate="0.6818000000000001">
          <methods>
            <method name="(anonymous_0)" hits="1" signature="()V">
              <lines>
                <line number="10" hits="1"/>
              </lines>
            </method>
            <method name="(anonymous_1)" hits="1" signature="()V">
              <lines>
                <line number="28" hits="1"/>
              </lines>
            </method>
            <method name="(anonymous_2)" hits="1" signature="()V">
              <lines>
                <line number="34" hits="1"/>
              </lines>
            </method>
            <method name="(anonymous_3)" hits="1" signature="()V">
              <lines>
                <line number="41" hits="1"/>
              </lines>
            </method>
            <method name="(anonymous_4)" hits="1" signature="()V">
              <lines>
                <line number="45" hits="1"/>
              </lines>
            </method>
          </methods>
          <lines>
            <line number="1" hits="1" branch="false"/>
            <line number="3" hits="1" branch="false"/>
            <line number="5" hits="1" branch="false"/>
            <line number="6" hits="1" branch="false"/>
            <line number="17" hits="1" branch="false"/>
            <line number="19" hits="1" branch="false"/>
            <line number="20" hits="1" branch="false"/>
            <line number="22" hits="1" branch="false"/>
            <line number="24" hits="1" branch="false"/>
            <line number="28" hits="1" branch="false"/>
            <line number="30" hits="1" branch="false"/>
            <line number="34" hits="1" branch="false"/>
            <line number="36" hits="1" branch="false"/>
            <line number="37" hits="1" branch="false"/>
            <line number="38" hits="1" branch="false"/>
            <line number="39" hits="1" branch="true" condition-coverage="75% (3/4)"/>
            <line number="41" hits="1" branch="false"/>
            <line number="43" hits="1" branch="false"/>
            <line number="45" hits="1" branch="true" condition-coverage="75% (3/4)"/>
            <line number="47" hits="1" branch="false"/>
            <line number="49" hits="1" branch="true" condition-coverage="50% (1/2)"/>
            <line number="50" hits="0" branch="false"/>
            <line number="53" hits="1" branch="false"/>
            <line number="56" hits="1" branch="false"/>
            <line number="57" hits="1" branch="true" condition-coverage="75% (3/4)"/>
            <line number="59" hits="1" branch="true" condition-coverage="50% (1/2)"/>
            <line number="60" hits="1" branch="false"/>
            <line number="61" hits="1" branch="false"/>
            <line number="63" hits="0" branch="false"/>
            <line number="68" hits="1" branch="true" condition-coverage="50% (1/2)"/>
            <line number="70" hits="1" branch="false"/>
            <line number="71" hits="1" branch="false"/>
            <line number="72" hits="1" branch="false"/>
            <line number="75" hits="0" branch="false"/>
            <line number="76" hits="0" branch="false"/>
            <line number="80" hits="1" branch="true" condition-coverage="75% (3/4)"/>
          </lines>
        </class>
      </classes>
    </package>
    <package name="ui.components.languageSwitcher" line-rate="1" branch-rate="0.8">
      <classes>
        <class name="index.ts" filename="MVCForum.Website\UI\assets\src\ts\modules\ui\components\languageSwitcher\index.ts" line-rate="1" branch-rate="0.8">
          <methods>
            <method name="(anonymous_0)" hits="4" signature="()V">
              <lines>
                <line number="14" hits="4"/>
              </lines>
            </method>
            <method name="(anonymous_1)" hits="2" signature="()V">
              <lines>
                <line number="33" hits="2"/>
              </lines>
            </method>
            <method name="(anonymous_2)" hits="1" signature="()V">
              <lines>
                <line number="49" hits="1"/>
              </lines>
            </method>
            <method name="(anonymous_3)" hits="1" signature="()V">
              <lines>
                <line number="50" hits="1"/>
              </lines>
            </method>
            <method name="(anonymous_4)" hits="0" signature="()V">
              <lines>
                <line number="29" hits="0"/>
              </lines>
            </method>
          </methods>
          <lines>
            <line number="1" hits="1" branch="false"/>
            <line number="2" hits="1" branch="false"/>
            <line number="8" hits="1" branch="false"/>
            <line number="10" hits="4" branch="false"/>
            <line number="11" hits="4" branch="false"/>
            <line number="12" hits="4" branch="false"/>
            <line number="21" hits="4" branch="false"/>
            <line number="23" hits="4" branch="false"/>
            <line number="24" hits="4" branch="true" condition-coverage="75% (3/4)"/>
            <line number="25" hits="4" branch="false"/>
            <line number="27" hits="4" branch="false"/>
            <line number="29" hits="4" branch="false"/>
            <line number="33" hits="4" branch="false"/>
            <line number="35" hits="2" branch="false"/>
            <line number="36" hits="2" branch="false"/>
            <line number="37" hits="2" branch="false"/>
            <line number="44" hits="2" branch="false"/>
            <line number="49" hits="1" branch="false"/>
            <line number="50" hits="1" branch="false"/>
          </lines>
        </class>
      </classes>
    </package>
    <package name="ui.components.loadMoreButton" line-rate="0.9091" branch-rate="0.72">
      <classes>
        <class name="index.ts" filename="MVCForum.Website\UI\assets\src\ts\modules\ui\components\loadMoreButton\index.ts" line-rate="0.9091" branch-rate="0.72">
          <methods>
            <method name="(anonymous_0)" hits="3" signature="()V">
              <lines>
                <line number="20" hits="3"/>
              </lines>
            </method>
            <method name="(anonymous_1)" hits="3" signature="()V">
              <lines>
                <line number="53" hits="3"/>
              </lines>
            </method>
            <method name="(anonymous_2)" hits="2" signature="()V">
              <lines>
                <line number="63" hits="2"/>
              </lines>
            </method>
            <method name="(anonymous_3)" hits="2" signature="()V">
              <lines>
                <line number="81" hits="2"/>
              </lines>
            </method>
            <method name="(anonymous_4)" hits="0" signature="()V">
              <lines>
                <line number="98" hits="0"/>
              </lines>
            </method>
          </methods>
          <lines>
            <line number="1" hits="1" branch="false"/>
            <line number="2" hits="1" branch="false"/>
            <line number="8" hits="1" branch="false"/>
            <line number="10" hits="3" branch="false"/>
            <line number="11" hits="3" branch="false"/>
            <line number="12" hits="3" branch="false"/>
            <line number="13" hits="3" branch="false"/>
            <line number="14" hits="3" branch="false"/>
            <line number="15" hits="3" branch="false"/>
            <line number="16" hits="3" branch="false"/>
            <line number="17" hits="3" branch="false"/>
            <line number="34" hits="3" branch="false"/>
            <line number="36" hits="3" branch="false"/>
            <line number="37" hits="3" branch="true" condition-coverage="75% (3/4)"/>
            <line number="38" hits="3" branch="true" condition-coverage="75% (3/4)"/>
            <line number="39" hits="3" branch="true" condition-coverage="75% (3/4)"/>
            <line number="40" hits="3" branch="false"/>
            <line number="41" hits="3" branch="false"/>
            <line number="42" hits="3" branch="false"/>
            <line number="43" hits="3" branch="false"/>
            <line number="44" hits="3" branch="false"/>
            <line number="45" hits="3" branch="false"/>
            <line number="47" hits="3" branch="false"/>
            <line number="49" hits="3" branch="false"/>
            <line number="53" hits="3" branch="false"/>
            <line number="55" hits="3" branch="false"/>
            <line number="56" hits="3" branch="false"/>
            <line number="58" hits="3" branch="true" condition-coverage="100% (2/2)"/>
            <line number="59" hits="1" branch="false"/>
            <line number="63" hits="2" branch="false"/>
            <line number="65" hits="2" branch="true" condition-coverage="75% (3/4)"/>
            <line number="67" hits="2" branch="false"/>
            <line number="68" hits="2" branch="false"/>
            <line number="69" hits="2" branch="false"/>
            <line number="70" hits="2" branch="false"/>
            <line number="75" hits="2" branch="false"/>
            <line number="83" hits="2" branch="false"/>
            <line number="85" hits="2" branch="true" condition-coverage="75% (3/4)"/>
            <line number="87" hits="2" branch="true" condition-coverage="50% (1/2)"/>
            <line number="89" hits="0" branch="false"/>
            <line number="91" hits="0" branch="false"/>
            <line number="95" hits="2" branch="false"/>
            <line number="100" hits="0" branch="false"/>
            <line number="101" hits="0" branch="false"/>
          </lines>
        </class>
      </classes>
    </package>
    <package name="ui.components.mobileNav" line-rate="1" branch-rate="0.75">
      <classes>
        <class name="index.ts" filename="MVCForum.Website\UI\assets\src\ts\modules\ui\components\mobileNav\index.ts" line-rate="1" branch-rate="0.75">
          <methods>
            <method name="(anonymous_0)" hits="2" signature="()V">
              <lines>
                <line number="11" hits="2"/>
              </lines>
            </method>
            <method name="(anonymous_1)" hits="1" signature="()V">
              <lines>
                <line number="22" hits="1"/>
              </lines>
            </method>
          </methods>
          <lines>
            <line number="1" hits="1" branch="false"/>
            <line number="6" hits="1" branch="false"/>
            <line number="8" hits="2" branch="false"/>
            <line number="9" hits="2" branch="false"/>
            <line number="17" hits="2" branch="false"/>
            <line number="19" hits="2" branch="false"/>
            <line number="20" hits="2" branch="false"/>
            <line number="22" hits="2" branch="true" condition-coverage="75% (3/4)"/>
            <line number="24" hits="1" branch="false"/>
            <line number="26" hits="1" branch="false"/>
            <line number="30" hits="2" branch="false"/>
          </lines>
        </class>
      </classes>
    </package>
    <package name="ui.components.siteHeaderNav" line-rate="0" branch-rate="0">
      <classes>
        <class name="index.ts" filename="MVCForum.Website\UI\assets\src\ts\modules\ui\components\siteHeaderNav\index.ts" line-rate="0" branch-rate="0">
          <methods>
            <method name="(anonymous_0)" hits="0" signature="()V">
              <lines>
                <line number="14" hits="0"/>
              </lines>
            </method>
            <method name="(anonymous_1)" hits="0" signature="()V">
              <lines>
                <line number="66" hits="0"/>
              </lines>
            </method>
            <method name="(anonymous_2)" hits="0" signature="()V">
              <lines>
                <line number="83" hits="0"/>
              </lines>
            </method>
            <method name="(anonymous_3)" hits="0" signature="()V">
              <lines>
                <line number="110" hits="0"/>
              </lines>
            </method>
            <method name="(anonymous_4)" hits="0" signature="()V">
              <lines>
                <line number="119" hits="0"/>
              </lines>
            </method>
            <method name="(anonymous_5)" hits="0" signature="()V">
              <lines>
                <line number="128" hits="0"/>
              </lines>
            </method>
            <method name="(anonymous_6)" hits="0" signature="()V">
              <lines>
                <line number="151" hits="0"/>
              </lines>
            </method>
            <method name="(anonymous_7)" hits="0" signature="()V">
              <lines>
                <line number="153" hits="0"/>
              </lines>
            </method>
            <method name="(anonymous_8)" hits="0" signature="()V">
              <lines>
                <line number="155" hits="0"/>
              </lines>
            </method>
            <method name="(anonymous_9)" hits="0" signature="()V">
              <lines>
                <line number="175" hits="0"/>
              </lines>
            </method>
            <method name="(anonymous_10)" hits="0" signature="()V">
              <lines>
                <line number="177" hits="0"/>
              </lines>
            </method>
            <method name="(anonymous_11)" hits="0" signature="()V">
              <lines>
                <line number="179" hits="0"/>
              </lines>
            </method>
            <method name="(anonymous_12)" hits="0" signature="()V">
              <lines>
                <line number="181" hits="0"/>
              </lines>
            </method>
            <method name="(anonymous_13)" hits="0" signature="()V">
              <lines>
                <line number="200" hits="0"/>
              </lines>
            </method>
            <method name="(anonymous_14)" hits="0" signature="()V">
              <lines>
                <line number="211" hits="0"/>
              </lines>
            </method>
            <method name="(anonymous_15)" hits="0" signature="()V">
              <lines>
                <line number="223" hits="0"/>
              </lines>
            </method>
            <method name="(anonymous_16)" hits="0" signature="()V">
              <lines>
                <line number="48" hits="0"/>
              </lines>
            </method>
          </methods>
          <lines>
            <line number="1" hits="0" branch="false"/>
            <line number="2" hits="0" branch="false"/>
            <line number="7" hits="0" branch="false"/>
            <line number="9" hits="0" branch="false"/>
            <line number="10" hits="0" branch="false"/>
            <line number="12" hits="0" branch="false"/>
            <line number="24" hits="0" branch="false"/>
            <line number="26" hits="0" branch="false"/>
            <line number="27" hits="0" branch="false"/>
            <line number="28" hits="0" branch="false"/>
            <line number="29" hits="0" branch="false"/>
            <line number="30" hits="0" branch="false"/>
            <line number="31" hits="0" branch="false"/>
            <line number="33" hits="0" branch="false"/>
            <line number="34" hits="0" branch="false"/>
            <line number="36" hits="0" branch="false"/>
            <line number="37" hits="0" branch="false"/>
            <line number="38" hits="0" branch="false"/>
            <line number="40" hits="0" branch="false"/>
            <line number="41" hits="0" branch="false"/>
            <line number="42" hits="0" branch="false"/>
            <line number="43" hits="0" branch="false"/>
            <line number="48" hits="0" branch="false"/>
            <line number="50" hits="0" branch="false"/>
            <line number="57" hits="0" branch="false"/>
            <line number="58" hits="0" branch="false"/>
            <line number="66" hits="0" branch="false"/>
            <line number="68" hits="0" branch="false"/>
            <line number="69" hits="0" branch="false"/>
            <line number="71" hits="0" branch="false"/>
            <line number="83" hits="0" branch="false"/>
            <line number="87" hits="0" branch="true" condition-coverage="0% (0/2)"/>
            <line number="89" hits="0" branch="false"/>
            <line number="93" hits="0" branch="false"/>
            <line number="110" hits="0" branch="false"/>
            <line number="112" hits="0" branch="false"/>
            <line number="119" hits="0" branch="false"/>
            <line number="121" hits="0" branch="false"/>
            <line number="128" hits="0" branch="false"/>
            <line number="130" hits="0" branch="true" condition-coverage="0% (0/2)"/>
            <line number="132" hits="0" branch="false"/>
            <line number="139" hits="0" branch="false"/>
            <line number="151" hits="0" branch="false"/>
            <line number="153" hits="0" branch="false"/>
            <line number="155" hits="0" branch="false"/>
            <line number="157" hits="0" branch="false"/>
            <line number="158" hits="0" branch="false"/>
            <line number="160" hits="0" branch="true" condition-coverage="0% (0/2)"/>
            <line number="162" hits="0" branch="false"/>
            <line number="175" hits="0" branch="false"/>
            <line number="177" hits="0" branch="false"/>
            <line number="179" hits="0" branch="false"/>
            <line number="181" hits="0" branch="false"/>
            <line number="183" hits="0" branch="true" condition-coverage="0% (0/2)"/>
            <line number="185" hits="0" branch="false"/>
            <line number="200" hits="0" branch="false"/>
            <line number="202" hits="0" branch="false"/>
            <line number="211" hits="0" branch="false"/>
            <line number="213" hits="0" branch="false"/>
            <line number="215" hits="0" branch="true" condition-coverage="0% (0/4)"/>
            <line number="217" hits="0" branch="false"/>
            <line number="223" hits="0" branch="false"/>
            <line number="225" hits="0" branch="false"/>
            <line number="227" hits="0" branch="true" condition-coverage="0% (0/2)"/>
            <line number="229" hits="0" branch="false"/>
          </lines>
        </class>
      </classes>
    </package>
    <package name="ui.components.tagsInput" line-rate="0.619" branch-rate="0.5">
      <classes>
        <class name="index.ts" filename="MVCForum.Website\UI\assets\src\ts\modules\ui\components\tagsInput\index.ts" line-rate="0.619" branch-rate="0.5">
          <methods>
            <method name="(anonymous_0)" hits="2" signature="()V">
              <lines>
                <line number="25" hits="2"/>
              </lines>
            </method>
            <method name="(anonymous_1)" hits="0" signature="()V">
              <lines>
                <line number="36" hits="0"/>
              </lines>
            </method>
            <method name="(anonymous_2)" hits="2" signature="()V">
              <lines>
                <line number="53" hits="2"/>
              </lines>
            </method>
            <method name="(anonymous_3)" hits="0" signature="()V">
              <lines>
                <line number="67" hits="0"/>
              </lines>
            </method>
          </methods>
          <lines>
            <line number="1" hits="1" branch="false"/>
            <line number="19" hits="1" branch="false"/>
            <line number="22" hits="2" branch="false"/>
            <line number="23" hits="2" branch="false"/>
            <line number="27" hits="2" branch="false"/>
            <line number="29" hits="2" branch="false"/>
            <line number="30" hits="2" branch="false"/>
            <line number="32" hits="2" branch="false"/>
            <line number="36" hits="2" branch="false"/>
            <line number="38" hits="0" branch="false"/>
            <line number="39" hits="0" branch="false"/>
            <line number="41" hits="0" branch="true" condition-coverage="0% (0/2)"/>
            <line number="43" hits="0" branch="false"/>
            <line number="45" hits="0" branch="true" condition-coverage="0% (0/2)"/>
            <line number="46" hits="0" branch="false"/>
            <line number="53" hits="2" branch="false"/>
            <line number="55" hits="2" branch="false"/>
            <line number="65" hits="2" branch="true" condition-coverage="75% (3/4)"/>
            <line number="67" hits="2" branch="true" condition-coverage="75% (3/4)"/>
            <line number="69" hits="0" branch="false"/>
            <line number="70" hits="0" branch="false"/>
          </lines>
        </class>
      </classes>
    </package>
    <package name="ui.components.tinyMCE" line-rate="0.9348000000000001" branch-rate="0.7059000000000001">
      <classes>
        <class name="index.ts" filename="MVCForum.Website\UI\assets\src\ts\modules\ui\components\tinyMCE\index.ts" line-rate="0.9348000000000001" branch-rate="0.7059000000000001">
          <methods>
            <method name="(anonymous_0)" hits="2" signature="()V">
              <lines>
                <line number="11" hits="2"/>
              </lines>
            </method>
            <method name="(anonymous_1)" hits="2" signature="()V">
              <lines>
                <line number="32" hits="2"/>
              </lines>
            </method>
            <method name="(anonymous_2)" hits="2" signature="()V">
              <lines>
                <line number="39" hits="2"/>
              </lines>
            </method>
            <method name="(anonymous_3)" hits="1" signature="()V">
              <lines>
                <line number="43" hits="1"/>
              </lines>
            </method>
            <method name="(anonymous_4)" hits="2" signature="()V">
              <lines>
                <line number="53" hits="2"/>
              </lines>
            </method>
            <method name="(anonymous_5)" hits="1" signature="()V">
              <lines>
                <line number="60" hits="1"/>
              </lines>
            </method>
            <method name="(anonymous_6)" hits="1" signature="()V">
              <lines>
                <line number="64" hits="1"/>
              </lines>
            </method>
          </methods>
          <lines>
            <line number="1" hits="1" branch="false"/>
            <line number="3" hits="1" branch="false"/>
            <line number="5" hits="2" branch="false"/>
            <line number="6" hits="2" branch="false"/>
            <line number="7" hits="2" branch="false"/>
            <line number="19" hits="2" branch="false"/>
            <line number="21" hits="2" branch="false"/>
            <line number="22" hits="2" branch="false"/>
            <line number="23" hits="2" branch="false"/>
            <line number="25" hits="2" branch="false"/>
            <line number="27" hits="2" branch="false"/>
            <line number="32" hits="2" branch="false"/>
            <line number="34" hits="2" branch="false"/>
            <line number="35" hits="2" branch="false"/>
            <line number="39" hits="2" branch="false"/>
            <line number="41" hits="2" branch="true" condition-coverage="75% (3/4)"/>
            <line number="43" hits="2" branch="true" condition-coverage="75% (3/4)"/>
            <line number="45" hits="1" branch="false"/>
            <line number="46" hits="1" branch="false"/>
            <line number="47" hits="1" branch="false"/>
            <line number="53" hits="2" branch="false"/>
            <line number="54" hits="2" branch="false"/>
            <line number="55" hits="2" branch="false"/>
            <line number="56" hits="2" branch="false"/>
            <line number="57" hits="2" branch="true" condition-coverage="75% (3/4)"/>
            <line number="58" hits="2" branch="true" condition-coverage="75% (3/4)"/>
            <line number="60" hits="2" branch="false"/>
            <line number="62" hits="1" branch="false"/>
            <line number="64" hits="1" branch="true" condition-coverage="75% (3/4)"/>
            <line number="66" hits="1" branch="false"/>
            <line number="68" hits="1" branch="true" condition-coverage="50% (1/2)"/>
            <line number="69" hits="0" branch="false"/>
            <line number="72" hits="1" branch="false"/>
            <line number="73" hits="1" branch="false"/>
            <line number="74" hits="1" branch="true" condition-coverage="75% (3/4)"/>
            <line number="76" hits="1" branch="true" condition-coverage="50% (1/2)"/>
            <line number="77" hits="1" branch="false"/>
            <line number="78" hits="1" branch="false"/>
            <line number="80" hits="0" branch="false"/>
            <line number="85" hits="1" branch="true" condition-coverage="50% (1/2)"/>
            <line number="87" hits="1" branch="false"/>
            <line number="88" hits="1" branch="false"/>
            <line number="90" hits="1" branch="false"/>
            <line number="92" hits="1" branch="false"/>
            <line number="95" hits="0" branch="false"/>
            <line number="99" hits="2" branch="true" condition-coverage="75% (3/4)"/>
          </lines>
        </class>
      </classes>
    </package>
    <package name="ui.components.toast" line-rate="1" branch-rate="1">
      <classes>
        <class name="index.ts" filename="MVCForum.Website\UI\assets\src\ts\modules\ui\components\toast\index.ts" line-rate="1" branch-rate="1">
          <methods>
            <method name="(anonymous_0)" hits="11" signature="()V">
              <lines>
                <line number="14" hits="11"/>
              </lines>
            </method>
            <method name="(anonymous_1)" hits="4" signature="()V">
              <lines>
                <line number="39" hits="4"/>
              </lines>
            </method>
            <method name="(anonymous_2)" hits="4" signature="()V">
              <lines>
                <line number="50" hits="4"/>
              </lines>
            </method>
            <method name="(anonymous_3)" hits="1" signature="()V">
              <lines>
                <line number="58" hits="1"/>
              </lines>
            </method>
          </methods>
          <lines>
            <line number="1" hits="2" branch="false"/>
            <line number="6" hits="2" branch="false"/>
            <line number="8" hits="11" branch="false"/>
            <line number="9" hits="11" branch="false"/>
            <line number="10" hits="11" branch="false"/>
            <line number="11" hits="11" branch="false"/>
            <line number="12" hits="11" branch="false"/>
            <line number="20" hits="11" branch="false"/>
            <line number="22" hits="11" branch="false"/>
            <line number="23" hits="11" branch="true" condition-coverage="100% (4/4)"/>
            <line number="24" hits="11" branch="true" condition-coverage="100% (4/4)"/>
            <line number="26" hits="11" branch="false"/>
            <line number="27" hits="11" branch="false"/>
            <line number="29" hits="11" branch="true" condition-coverage="100% (2/2)"/>
            <line number="31" hits="3" branch="false"/>
            <line number="35" hits="11" branch="false"/>
            <line number="39" hits="11" branch="false"/>
            <line number="41" hits="4" branch="false"/>
            <line number="50" hits="11" branch="false"/>
            <line number="52" hits="4" branch="false"/>
            <line number="54" hits="4" branch="false"/>
            <line number="56" hits="4" branch="false"/>
            <line number="58" hits="4" branch="false"/>
            <line number="60" hits="1" branch="false"/>
            <line number="62" hits="1" branch="false"/>
            <line number="64" hits="1" branch="false"/>
            <line number="68" hits="4" branch="true" condition-coverage="100% (2/2)"/>
            <line number="70" hits="1" branch="false"/>
            <line number="72" hits="1" branch="false"/>
            <line number="74" hits="1" branch="false"/>
            <line number="78" hits="3" branch="false"/>
            <line number="80" hits="3" branch="false"/>
          </lines>
        </class>
      </classes>
    </package>
    <package name="ui.components.topicPost" line-rate="0.47009999999999996" branch-rate="0.2783">
      <classes>
        <class name="index.ts" filename="MVCForum.Website\UI\assets\src\ts\modules\ui\components\topicPost\index.ts" line-rate="0.47009999999999996" branch-rate="0.2783">
          <methods>
            <method name="(anonymous_0)" hits="6" signature="()V">
              <lines>
                <line number="30" hits="6"/>
              </lines>
            </method>
            <method name="(anonymous_1)" hits="6" signature="()V">
              <lines>
                <line number="44" hits="6"/>
              </lines>
            </method>
            <method name="(anonymous_2)" hits="0" signature="()V">
              <lines>
                <line number="68" hits="0"/>
              </lines>
            </method>
            <method name="(anonymous_3)" hits="6" signature="()V">
              <lines>
                <line number="80" hits="6"/>
              </lines>
            </method>
            <method name="(anonymous_4)" hits="1" signature="()V">
              <lines>
                <line number="85" hits="1"/>
              </lines>
            </method>
            <method name="(anonymous_5)" hits="1" signature="()V">
              <lines>
                <line number="115" hits="1"/>
              </lines>
            </method>
            <method name="(anonymous_6)" hits="0" signature="()V">
              <lines>
                <line number="121" hits="0"/>
              </lines>
            </method>
            <method name="(anonymous_7)" hits="6" signature="()V">
              <lines>
                <line number="133" hits="6"/>
              </lines>
            </method>
            <method name="(anonymous_8)" hits="6" signature="()V">
              <lines>
                <line number="138" hits="6"/>
              </lines>
            </method>
            <method name="(anonymous_9)" hits="1" signature="()V">
              <lines>
                <line number="149" hits="1"/>
              </lines>
            </method>
            <method name="(anonymous_10)" hits="1" signature="()V">
              <lines>
                <line number="173" hits="1"/>
              </lines>
            </method>
            <method name="(anonymous_11)" hits="0" signature="()V">
              <lines>
                <line number="178" hits="0"/>
              </lines>
            </method>
            <method name="(anonymous_12)" hits="6" signature="()V">
              <lines>
                <line number="194" hits="6"/>
              </lines>
            </method>
            <method name="(anonymous_13)" hits="6" signature="()V">
              <lines>
                <line number="199" hits="6"/>
              </lines>
            </method>
            <method name="(anonymous_14)" hits="3" signature="()V">
              <lines>
                <line number="204" hits="3"/>
              </lines>
            </method>
            <method name="(anonymous_15)" hits="6" signature="()V">
              <lines>
                <line number="221" hits="6"/>
              </lines>
            </method>
            <method name="(anonymous_16)" hits="6" signature="()V">
              <lines>
                <line number="227" hits="6"/>
              </lines>
            </method>
            <method name="(anonymous_17)" hits="2" signature="()V">
              <lines>
                <line number="232" hits="2"/>
              </lines>
            </method>
            <method name="(anonymous_18)" hits="6" signature="()V">
              <lines>
                <line number="247" hits="6"/>
              </lines>
            </method>
            <method name="(anonymous_19)" hits="1" signature="()V">
              <lines>
                <line number="253" hits="1"/>
              </lines>
            </method>
            <method name="(anonymous_20)" hits="6" signature="()V">
              <lines>
                <line number="264" hits="6"/>
              </lines>
            </method>
            <method name="(anonymous_21)" hits="0" signature="()V">
              <lines>
                <line number="271" hits="0"/>
              </lines>
            </method>
            <method name="(anonymous_22)" hits="0" signature="()V">
              <lines>
                <line number="276" hits="0"/>
              </lines>
            </method>
            <method name="(anonymous_23)" hits="6" signature="()V">
              <lines>
                <line number="296" hits="6"/>
              </lines>
            </method>
            <method name="(anonymous_24)" hits="6" signature="()V">
              <lines>
                <line number="301" hits="6"/>
              </lines>
            </method>
            <method name="(anonymous_25)" hits="1" signature="()V">
              <lines>
                <line number="306" hits="1"/>
              </lines>
            </method>
            <method name="(anonymous_26)" hits="6" signature="()V">
              <lines>
                <line number="317" hits="6"/>
              </lines>
            </method>
            <method name="(anonymous_27)" hits="0" signature="()V">
              <lines>
                <line number="326" hits="0"/>
              </lines>
            </method>
            <method name="(anonymous_28)" hits="0" signature="()V">
              <lines>
                <line number="336" hits="0"/>
              </lines>
            </method>
            <method name="(anonymous_29)" hits="0" signature="()V">
              <lines>
                <line number="340" hits="0"/>
              </lines>
            </method>
            <method name="(anonymous_30)" hits="0" signature="()V">
              <lines>
                <line number="341" hits="0"/>
              </lines>
            </method>
            <method name="(anonymous_31)" hits="0" signature="()V">
              <lines>
                <line number="349" hits="0"/>
              </lines>
            </method>
            <method name="(anonymous_32)" hits="0" signature="()V">
              <lines>
                <line number="373" hits="0"/>
              </lines>
            </method>
            <method name="(anonymous_33)" hits="6" signature="()V">
              <lines>
                <line number="388" hits="6"/>
              </lines>
            </method>
            <method name="(anonymous_34)" hits="0" signature="()V">
              <lines>
                <line number="392" hits="0"/>
              </lines>
            </method>
            <method name="(anonymous_35)" hits="0" signature="()V">
              <lines>
                <line number="398" hits="0"/>
              </lines>
            </method>
            <method name="(anonymous_36)" hits="0" signature="()V">
              <lines>
                <line number="418" hits="0"/>
              </lines>
            </method>
            <method name="(anonymous_37)" hits="0" signature="()V">
              <lines>
                <line number="461" hits="0"/>
              </lines>
            </method>
            <method name="(anonymous_38)" hits="0" signature="()V">
              <lines>
                <line number="465" hits="0"/>
              </lines>
            </method>
            <method name="(anonymous_39)" hits="6" signature="()V">
              <lines>
                <line number="479" hits="6"/>
              </lines>
            </method>
            <method name="(anonymous_40)" hits="0" signature="()V">
              <lines>
                <line number="483" hits="0"/>
              </lines>
            </method>
            <method name="(anonymous_41)" hits="0" signature="()V">
              <lines>
                <line number="487" hits="0"/>
              </lines>
            </method>
            <method name="(anonymous_42)" hits="0" signature="()V">
              <lines>
                <line number="499" hits="0"/>
              </lines>
            </method>
            <method name="(anonymous_43)" hits="0" signature="()V">
              <lines>
                <line number="537" hits="0"/>
              </lines>
            </method>
            <method name="(anonymous_44)" hits="12" signature="()V">
              <lines>
                <line number="551" hits="12"/>
              </lines>
            </method>
            <method name="(anonymous_45)" hits="0" signature="()V">
              <lines>
                <line number="557" hits="0"/>
              </lines>
            </method>
            <method name="(anonymous_46)" hits="0" signature="()V">
              <lines>
                <line number="588" hits="0"/>
              </lines>
            </method>
            <method name="(anonymous_47)" hits="0" signature="()V">
              <lines>
                <line number="597" hits="0"/>
              </lines>
            </method>
            <method name="(anonymous_48)" hits="0" signature="()V">
              <lines>
                <line number="606" hits="0"/>
              </lines>
            </method>
            <method name="(anonymous_49)" hits="0" signature="()V">
              <lines>
                <line number="615" hits="0"/>
              </lines>
            </method>
            <method name="(anonymous_50)" hits="0" signature="()V">
              <lines>
                <line number="631" hits="0"/>
              </lines>
            </method>
            <method name="(anonymous_51)" hits="0" signature="()V">
              <lines>
                <line number="637" hits="0"/>
              </lines>
            </method>
            <method name="(anonymous_52)" hits="0" signature="()V">
              <lines>
                <line number="673" hits="0"/>
              </lines>
            </method>
            <method name="(anonymous_53)" hits="0" signature="()V">
              <lines>
                <line number="681" hits="0"/>
              </lines>
            </method>
          </methods>
          <lines>
            <line number="1" hits="1" branch="false"/>
            <line number="22" hits="1" branch="false"/>
            <line number="24" hits="6" branch="false"/>
            <line number="25" hits="6" branch="false"/>
            <line number="26" hits="6" branch="false"/>
            <line number="27" hits="6" branch="false"/>
            <line number="28" hits="6" branch="false"/>
            <line number="32" hits="6" branch="false"/>
            <line number="34" hits="6" branch="false"/>
            <line number="35" hits="6" branch="false"/>
            <line number="36" hits="6" branch="false"/>
            <line number="37" hits="6" branch="false"/>
            <line number="38" hits="6" branch="false"/>
            <line number="40" hits="6" branch="false"/>
            <line number="44" hits="6" branch="false"/>
            <line number="46" hits="6" branch="false"/>
            <line number="47" hits="6" branch="false"/>
            <line number="48" hits="6" branch="false"/>
            <line number="49" hits="6" branch="false"/>
            <line number="50" hits="6" branch="false"/>
            <line number="51" hits="6" branch="false"/>
            <line number="52" hits="6" branch="false"/>
            <line number="53" hits="6" branch="false"/>
            <line number="54" hits="6" branch="false"/>
            <line number="55" hits="6" branch="false"/>
            <line number="56" hits="6" branch="false"/>
            <line number="68" hits="6" branch="false"/>
            <line number="70" hits="0" branch="false"/>
            <line number="71" hits="0" branch="false"/>
            <line number="72" hits="0" branch="false"/>
            <line number="73" hits="0" branch="false"/>
            <line number="74" hits="0" branch="false"/>
            <line number="75" hits="0" branch="false"/>
            <line number="80" hits="6" branch="false"/>
            <line number="82" hits="6" branch="false"/>
            <line number="83" hits="6" branch="false"/>
            <line number="84" hits="6" branch="true" condition-coverage="75% (3/4)"/>
            <line number="85" hits="6" branch="false"/>
            <line number="87" hits="1" branch="false"/>
            <line number="88" hits="1" branch="false"/>
            <line number="90" hits="1" branch="true" condition-coverage="75% (6/8)"/>
            <line number="92" hits="1" branch="false"/>
            <line number="97" hits="1" branch="false"/>
            <line number="98" hits="1" branch="false"/>
            <line number="109" hits="1" branch="false"/>
            <line number="117" hits="1" branch="false"/>
            <line number="118" hits="1" branch="false"/>
            <line number="123" hits="0" branch="false"/>
            <line number="129" hits="6" branch="true" condition-coverage="75% (3/4)"/>
            <line number="133" hits="6" branch="false"/>
            <line number="135" hits="6" branch="false"/>
            <line number="136" hits="6" branch="false"/>
            <line number="138" hits="6" branch="false"/>
            <line number="140" hits="6" branch="false"/>
            <line number="142" hits="6" branch="true" condition-coverage="50% (1/2)"/>
            <line number="143" hits="0" branch="false"/>
            <line number="146" hits="6" branch="false"/>
            <line number="147" hits="6" branch="false"/>
            <line number="149" hits="6" branch="false"/>
            <line number="151" hits="1" branch="false"/>
            <line number="153" hits="1" branch="false"/>
            <line number="154" hits="1" branch="false"/>
            <line number="167" hits="1" branch="false"/>
            <line number="175" hits="1" branch="false"/>
            <line number="180" hits="0" branch="false"/>
            <line number="186" hits="6" branch="false"/>
            <line number="194" hits="6" branch="false"/>
            <line number="196" hits="6" branch="false"/>
            <line number="197" hits="6" branch="false"/>
            <line number="199" hits="6" branch="true" condition-coverage="75% (3/4)"/>
            <line number="201" hits="6" branch="true" condition-coverage="75% (3/4)"/>
            <line number="202" hits="6" branch="false"/>
            <line number="204" hits="6" branch="false"/>
            <line number="206" hits="3" branch="false"/>
            <line number="207" hits="3" branch="false"/>
            <line number="209" hits="3" branch="false"/>
            <line number="214" hits="6" branch="true" condition-coverage="75% (3/4)"/>
            <line number="221" hits="6" branch="false"/>
            <line number="223" hits="6" branch="false"/>
            <line number="225" hits="6" branch="false"/>
            <line number="227" hits="6" branch="true" condition-coverage="75% (3/4)"/>
            <line number="229" hits="6" branch="false"/>
            <line number="230" hits="6" branch="false"/>
            <line number="232" hits="6" branch="false"/>
            <line number="234" hits="2" branch="false"/>
            <line number="235" hits="2" branch="false"/>
            <line number="237" hits="2" branch="false"/>
            <line number="241" hits="6" branch="false"/>
            <line number="247" hits="6" branch="false"/>
            <line number="249" hits="6" branch="false"/>
            <line number="250" hits="6" branch="false"/>
            <line number="251" hits="6" branch="true" condition-coverage="66.66666666666666% (4/6)"/>
            <line number="253" hits="6" branch="false"/>
            <line number="255" hits="1" branch="false"/>
            <line number="256" hits="1" branch="false"/>
            <line number="257" hits="1" branch="false"/>
            <line number="259" hits="1" branch="false"/>
            <line number="260" hits="1" branch="false"/>
            <line number="264" hits="6" branch="true" condition-coverage="75% (3/4)"/>
            <line number="266" hits="6" branch="false"/>
            <line number="271" hits="6" branch="false"/>
            <line number="273" hits="0" branch="false"/>
            <line number="274" hits="0" branch="false"/>
            <line number="276" hits="0" branch="false"/>
            <line number="278" hits="0" branch="false"/>
            <line number="279" hits="0" branch="false"/>
            <line number="280" hits="0" branch="false"/>
            <line number="282" hits="0" branch="false"/>
            <line number="283" hits="0" branch="false"/>
            <line number="285" hits="0" branch="false"/>
            <line number="289" hits="0" branch="true" condition-coverage="0% (0/4)"/>
            <line number="296" hits="6" branch="false"/>
            <line number="298" hits="6" branch="false"/>
            <line number="299" hits="6" branch="false"/>
            <line number="301" hits="6" branch="false"/>
            <line number="303" hits="6" branch="false"/>
            <line number="304" hits="6" branch="false"/>
            <line number="306" hits="6" branch="false"/>
            <line number="308" hits="1" branch="false"/>
            <line number="309" hits="1" branch="false"/>
            <line number="317" hits="6" branch="false"/>
            <line number="319" hits="6" branch="false"/>
            <line number="320" hits="6" branch="false"/>
            <line number="321" hits="6" branch="false"/>
            <line number="322" hits="6" branch="false"/>
            <line number="323" hits="6" branch="false"/>
            <line number="324" hits="6" branch="false"/>
            <line number="326" hits="6" branch="false"/>
            <line number="328" hits="0" branch="true" condition-coverage="0% (0/4)"/>
            <line number="330" hits="0" branch="true" condition-coverage="0% (0/2)"/>
            <line number="331" hits="0" branch="false"/>
            <line number="334" hits="0" branch="false"/>
            <line number="336" hits="0" branch="false"/>
            <line number="338" hits="0" branch="false"/>
            <line number="340" hits="0" branch="false"/>
            <line number="341" hits="0" branch="false"/>
            <line number="343" hits="0" branch="false"/>
            <line number="344" hits="0" branch="false"/>
            <line number="349" hits="0" branch="false"/>
            <line number="351" hits="0" branch="false"/>
            <line number="353" hits="0" branch="false"/>
            <line number="355" hits="0" branch="false"/>
            <line number="367" hits="0" branch="false"/>
            <line number="375" hits="0" branch="false"/>
            <line number="382" hits="0" branch="true" condition-coverage="0% (0/4)"/>
            <line number="388" hits="6" branch="false"/>
            <line number="390" hits="6" branch="false"/>
            <line number="392" hits="6" branch="false"/>
            <line number="394" hits="0" branch="false"/>
            <line number="395" hits="0" branch="false"/>
            <line number="396" hits="0" branch="false"/>
            <line number="398" hits="0" branch="false"/>
            <line number="400" hits="0" branch="false"/>
            <line number="401" hits="0" branch="false"/>
            <line number="403" hits="0" branch="true" condition-coverage="0% (0/2)"/>
            <line number="404" hits="0" branch="false"/>
            <line number="407" hits="0" branch="false"/>
            <line number="409" hits="0" branch="false"/>
            <line number="410" hits="0" branch="false"/>
            <line number="411" hits="0" branch="false"/>
            <line number="412" hits="0" branch="true" condition-coverage="0% (0/2)"/>
            <line number="413" hits="0" branch="false"/>
            <line number="414" hits="0" branch="false"/>
            <line number="415" hits="0" branch="true" condition-coverage="0% (0/2)"/>
            <line number="416" hits="0" branch="false"/>
            <line number="418" hits="0" branch="false"/>
            <line number="420" hits="0" branch="false"/>
            <line number="422" hits="0" branch="true" condition-coverage="0% (0/2)"/>
            <line number="424" hits="0" branch="true" condition-coverage="0% (0/4)"/>
            <line number="425" hits="0" branch="false"/>
            <line number="426" hits="0" branch="false"/>
            <line number="427" hits="0" branch="false"/>
            <line number="428" hits="0" branch="false"/>
            <line number="432" hits="0" branch="true" condition-coverage="0% (0/4)"/>
            <line number="433" hits="0" branch="false"/>
            <line number="434" hits="0" branch="false"/>
            <line number="435" hits="0" branch="false"/>
            <line number="436" hits="0" branch="false"/>
            <line number="442" hits="0" branch="false"/>
            <line number="443" hits="0" branch="false"/>
            <line number="455" hits="0" branch="false"/>
            <line number="463" hits="0" branch="false"/>
            <line number="467" hits="0" branch="false"/>
            <line number="472" hits="0" branch="true" condition-coverage="0% (0/4)"/>
            <line number="479" hits="6" branch="false"/>
            <line number="481" hits="6" branch="false"/>
            <line number="483" hits="6" branch="false"/>
            <line number="485" hits="0" branch="false"/>
            <line number="487" hits="0" branch="false"/>
            <line number="489" hits="0" branch="false"/>
            <line number="490" hits="0" branch="false"/>
            <line number="492" hits="0" branch="false"/>
            <line number="493" hits="0" branch="false"/>
            <line number="494" hits="0" branch="false"/>
            <line number="495" hits="0" branch="false"/>
            <line number="496" hits="0" branch="false"/>
            <line number="497" hits="0" branch="false"/>
            <line number="499" hits="0" branch="false"/>
            <line number="501" hits="0" branch="false"/>
            <line number="503" hits="0" branch="true" condition-coverage="0% (0/2)"/>
            <line number="505" hits="0" branch="false"/>
            <line number="506" hits="0" branch="false"/>
            <line number="507" hits="0" branch="false"/>
            <line number="508" hits="0" branch="false"/>
            <line number="512" hits="0" branch="false"/>
            <line number="513" hits="0" branch="false"/>
            <line number="514" hits="0" branch="false"/>
            <line number="518" hits="0" branch="false"/>
            <line number="519" hits="0" branch="false"/>
            <line number="531" hits="0" branch="false"/>
            <line number="539" hits="0" branch="false"/>
            <line number="545" hits="0" branch="true" condition-coverage="0% (0/4)"/>
            <line number="551" hits="6" branch="false"/>
            <line number="553" hits="12" branch="false"/>
            <line number="554" hits="12" branch="false"/>
            <line number="555" hits="12" branch="false"/>
            <line number="557" hits="12" branch="false"/>
            <line number="559" hits="0" branch="false"/>
            <line number="561" hits="0" branch="false"/>
            <line number="562" hits="0" branch="false"/>
            <line number="563" hits="0" branch="false"/>
            <line number="564" hits="0" branch="false"/>
            <line number="565" hits="0" branch="false"/>
            <line number="567" hits="0" branch="true" condition-coverage="0% (0/4)"/>
            <line number="568" hits="0" branch="false"/>
            <line number="571" hits="0" branch="true" condition-coverage="0% (0/2)"/>
            <line number="572" hits="0" branch="false"/>
            <line number="573" hits="0" branch="false"/>
            <line number="578" hits="0" branch="false"/>
            <line number="583" hits="0" branch="false"/>
            <line number="590" hits="0" branch="true" condition-coverage="0% (0/2)"/>
            <line number="591" hits="0" branch="false"/>
            <line number="593" hits="0" branch="false"/>
            <line number="599" hits="0" branch="false"/>
            <line number="606" hits="12" branch="false"/>
            <line number="609" hits="0" branch="false"/>
            <line number="615" hits="6" branch="true" condition-coverage="0% (0/1)"/>
            <line number="617" hits="0" branch="false"/>
            <line number="619" hits="0" branch="true" condition-coverage="0% (0/2)"/>
            <line number="621" hits="0" branch="true" condition-coverage="0% (0/4)"/>
            <line number="623" hits="0" branch="false"/>
            <line number="627" hits="0" branch="true" condition-coverage="0% (0/4)"/>
            <line number="631" hits="6" branch="false"/>
            <line number="633" hits="0" branch="false"/>
            <line number="637" hits="6" branch="false"/>
            <line number="640" hits="0" branch="false"/>
            <line number="641" hits="0" branch="false"/>
            <line number="642" hits="0" branch="false"/>
            <line number="644" hits="0" branch="true" condition-coverage="0% (0/4)"/>
            <line number="646" hits="0" branch="false"/>
            <line number="647" hits="0" branch="false"/>
            <line number="648" hits="0" branch="false"/>
            <line number="649" hits="0" branch="false"/>
            <line number="651" hits="0" branch="true" condition-coverage="0% (0/2)"/>
            <line number="652" hits="0" branch="false"/>
            <line number="655" hits="0" branch="true" condition-coverage="0% (0/2)"/>
            <line number="656" hits="0" branch="false"/>
            <line number="659" hits="0" branch="true" condition-coverage="0% (0/2)"/>
            <line number="660" hits="0" branch="false"/>
            <line number="663" hits="0" branch="true" condition-coverage="0% (0/2)"/>
            <line number="664" hits="0" branch="false"/>
            <line number="667" hits="0" branch="false"/>
            <line number="669" hits="0" branch="false"/>
            <line number="673" hits="6" branch="false"/>
            <line number="675" hits="0" branch="false"/>
            <line number="677" hits="0" branch="false"/>
            <line number="681" hits="6" branch="false"/>
            <line number="683" hits="0" branch="false"/>
          </lines>
        </class>
      </classes>
    </package>
    <package name="utilities.css" line-rate="1" branch-rate="0.8181999999999999">
      <classes>
        <class name="index.ts" filename="MVCForum.Website\UI\assets\src\ts\modules\utilities\css\index.ts" line-rate="1" branch-rate="0.8181999999999999">
          <methods>
            <method name="(anonymous_0)" hits="2" signature="()V">
              <lines>
                <line number="4" hits="2"/>
              </lines>
            </method>
            <method name="(anonymous_1)" hits="1" signature="()V">
              <lines>
                <line number="15" hits="1"/>
              </lines>
            </method>
            <method name="(anonymous_2)" hits="2" signature="()V">
              <lines>
                <line number="24" hits="2"/>
              </lines>
            </method>
            <method name="(anonymous_3)" hits="2" signature="()V">
              <lines>
                <line number="51" hits="2"/>
              </lines>
            </method>
          </methods>
          <lines>
            <line number="4" hits="1" branch="false"/>
            <line number="6" hits="2" branch="false"/>
            <line number="8" hits="2" branch="false"/>
            <line number="15" hits="1" branch="false"/>
            <line number="17" hits="1" branch="false"/>
            <line number="24" hits="1" branch="false"/>
            <line number="29" hits="2" branch="true" condition-coverage="75% (6/8)"/>
            <line number="30" hits="2" branch="true" condition-coverage="75% (6/8)"/>
            <line number="32" hits="2" branch="true" condition-coverage="100% (4/4)"/>
            <line number="34" hits="1" branch="false"/>
            <line number="42" hits="1" branch="false"/>
            <line number="51" hits="1" branch="false"/>
            <line number="53" hits="2" branch="true" condition-coverage="100% (2/2)"/>
            <line number="55" hits="1" branch="false"/>
            <line number="56" hits="1" branch="false"/>
            <line number="60" hits="1" branch="false"/>
            <line number="61" hits="1" branch="false"/>
          </lines>
        </class>
      </classes>
    </package>
    <package name="utilities.fetch" line-rate="0.975" branch-rate="0.9722">
      <classes>
        <class name="index.ts" filename="MVCForum.Website\UI\assets\src\ts\modules\utilities\fetch\index.ts" line-rate="0.975" branch-rate="0.9722">
          <methods>
            <method name="(anonymous_0)" hits="13" signature="()V">
              <lines>
                <line number="6" hits="13"/>
              </lines>
            </method>
            <method name="(anonymous_1)" hits="10" signature="()V">
              <lines>
                <line number="51" hits="10"/>
              </lines>
            </method>
            <method name="(anonymous_2)" hits="7" signature="()V">
              <lines>
                <line number="63" hits="7"/>
              </lines>
            </method>
            <method name="(anonymous_3)" hits="10" signature="()V">
              <lines>
                <line number="74" hits="10"/>
              </lines>
            </method>
            <method name="(anonymous_4)" hits="0" signature="()V">
              <lines>
                <line number="74" hits="0"/>
              </lines>
            </method>
            <method name="(anonymous_5)" hits="7" signature="()V">
              <lines>
                <line number="82" hits="7"/>
              </lines>
            </method>
            <method name="(anonymous_6)" hits="6" signature="()V">
              <lines>
                <line number="92" hits="6"/>
              </lines>
            </method>
            <method name="(anonymous_7)" hits="6" signature="()V">
              <lines>
                <line number="97" hits="6"/>
              </lines>
            </method>
            <method name="(anonymous_8)" hits="3" signature="()V">
              <lines>
                <line number="131" hits="3"/>
              </lines>
            </method>
          </methods>
          <lines>
            <line number="6" hits="5" branch="false"/>
            <line number="14" hits="13" branch="false"/>
            <line number="15" hits="13" branch="true" condition-coverage="100% (4/4)"/>
            <line number="16" hits="13" branch="true" condition-coverage="100% (4/4)"/>
            <line number="17" hits="13" branch="false"/>
            <line number="18" hits="13" branch="true" condition-coverage="100% (4/4)"/>
            <line number="20" hits="13" branch="false"/>
            <line number="26" hits="13" branch="true" condition-coverage="100% (2/2)"/>
            <line number="28" hits="5" branch="false"/>
            <line number="32" hits="13" branch="false"/>
            <line number="38" hits="13" branch="true" condition-coverage="100% (4/4)"/>
            <line number="40" hits="3" branch="false"/>
            <line number="44" hits="13" branch="false"/>
            <line number="51" hits="5" branch="false"/>
            <line number="59" hits="10" branch="false"/>
            <line number="60" hits="10" branch="true" condition-coverage="100% (8/8)"/>
            <line number="62" hits="10" branch="false"/>
            <line number="65" hits="7" branch="true" condition-coverage="100% (2/2)"/>
            <line number="67" hits="1" branch="false"/>
            <line number="71" hits="6" branch="false"/>
            <line number="74" hits="10" branch="false"/>
            <line number="82" hits="5" branch="false"/>
            <line number="89" hits="7" branch="false"/>
            <line number="91" hits="7" branch="false"/>
            <line number="97" hits="6" branch="false"/>
            <line number="99" hits="6" branch="true" condition-coverage="100% (2/2)"/>
            <line number="100" hits="3" branch="false"/>
            <line number="103" hits="3" branch="true" condition-coverage="50% (1/2)"/>
            <line number="105" hits="0" branch="false"/>
            <line number="108" hits="3" branch="false"/>
            <line number="110" hits="3" branch="false"/>
            <line number="112" hits="3" branch="false"/>
            <line number="116" hits="2" branch="false"/>
            <line number="120" hits="3" branch="false"/>
            <line number="131" hits="5" branch="false"/>
            <line number="133" hits="3" branch="true" condition-coverage="100% (2/2)"/>
            <line number="135" hits="1" branch="false"/>
            <line number="139" hits="2" branch="true" condition-coverage="100% (2/2)"/>
            <line number="141" hits="2" branch="false"/>
            <line number="146" hits="5" branch="false"/>
          </lines>
        </class>
      </classes>
    </package>
    <package name="utilities.gtmDataLayer" line-rate="1" branch-rate="1">
      <classes>
        <class name="index.ts" filename="MVCForum.Website\UI\assets\src\ts\modules\utilities\gtmDataLayer\index.ts" line-rate="1" branch-rate="1">
          <methods>
            <method name="(anonymous_0)" hits="6" signature="()V">
              <lines>
                <line number="4" hits="6"/>
              </lines>
            </method>
          </methods>
          <lines>
            <line number="4" hits="1" branch="false"/>
            <line number="6" hits="6" branch="true" condition-coverage="100% (2/2)"/>
            <line number="8" hits="1" branch="false"/>
            <line number="12" hits="5" branch="true" condition-coverage="100% (2/2)"/>
            <line number="14" hits="1" branch="false"/>
            <line number="18" hits="4" branch="true" condition-coverage="100% (2/2)"/>
            <line number="20" hits="4" branch="false"/>
            <line number="24" hits="4" branch="true" condition-coverage="100% (2/2)"/>
            <line number="26" hits="3" branch="false"/>
            <line number="30" hits="4" branch="true" condition-coverage="100% (4/4)"/>
            <line number="32" hits="1" branch="false"/>
            <line number="36" hits="4" branch="false"/>
          </lines>
        </class>
      </classes>
    </package>
    <package name="utilities.routing" line-rate="1" branch-rate="0.8889">
      <classes>
        <class name="index.ts" filename="MVCForum.Website\UI\assets\src\ts\modules\utilities\routing\index.ts" line-rate="1" branch-rate="0.8889">
          <methods>
            <method name="(anonymous_0)" hits="2" signature="()V">
              <lines>
                <line number="4" hits="2"/>
              </lines>
            </method>
            <method name="(anonymous_1)" hits="2" signature="()V">
              <lines>
                <line number="15" hits="2"/>
              </lines>
            </method>
            <method name="(anonymous_2)" hits="2" signature="()V">
              <lines>
                <line number="16" hits="2"/>
              </lines>
            </method>
            <method name="(anonymous_3)" hits="3" signature="()V">
              <lines>
                <line number="35" hits="3"/>
              </lines>
            </method>
            <method name="(anonymous_4)" hits="2" signature="()V">
              <lines>
                <line number="45" hits="2"/>
              </lines>
            </method>
            <method name="(anonymous_5)" hits="1" signature="()V">
              <lines>
                <line number="67" hits="1"/>
              </lines>
            </method>
          </methods>
          <lines>
            <line number="4" hits="1" branch="false"/>
            <line number="6" hits="2" branch="true" condition-coverage="100% (5/5)"/>
            <line number="8" hits="1" branch="false"/>
            <line number="12" hits="1" branch="true" condition-coverage="50% (1/2)"/>
            <line number="15" hits="2" branch="false"/>
            <line number="18" hits="2" branch="false"/>
            <line number="20" hits="2" branch="true" condition-coverage="50% (1/2)"/>
            <line number="22" hits="2" branch="false"/>
            <line number="28" hits="1" branch="false"/>
            <line number="35" hits="1" branch="false"/>
            <line number="37" hits="3" branch="false"/>
            <line number="39" hits="3" branch="true" condition-coverage="100% (5/5)"/>
            <line number="41" hits="2" branch="false"/>
            <line number="45" hits="1" branch="false"/>
            <line number="47" hits="2" branch="true" condition-coverage="100% (2/2)"/>
            <line number="48" hits="2" branch="false"/>
            <line number="50" hits="2" branch="true" condition-coverage="100% (2/2)"/>
            <line number="52" hits="1" branch="false"/>
            <line number="56" hits="2" branch="false"/>
            <line number="60" hits="1" branch="false"/>
            <line number="67" hits="1" branch="false"/>
            <line number="69" hits="1" branch="false"/>
          </lines>
        </class>
      </classes>
    </package>
    <package name="utilities.sw" line-rate="0" branch-rate="0">
      <classes>
        <class name="index.ts" filename="MVCForum.Website\UI\assets\src\ts\modules\utilities\sw\index.ts" line-rate="0" branch-rate="0">
          <methods>
            <method name="(anonymous_0)" hits="0" signature="()V">
              <lines>
                <line number="4" hits="0"/>
              </lines>
            </method>
            <method name="(anonymous_1)" hits="0" signature="()V">
              <lines>
                <line number="11" hits="0"/>
              </lines>
            </method>
            <method name="(anonymous_2)" hits="0" signature="()V">
              <lines>
                <line number="18" hits="0"/>
              </lines>
            </method>
          </methods>
          <lines>
            <line number="4" hits="0" branch="false"/>
            <line number="6" hits="0" branch="true" condition-coverage="0% (0/2)"/>
            <line number="8" hits="0" branch="false"/>
            <line number="20" hits="0" branch="false"/>
          </lines>
        </class>
      </classes>
    </package>
  </packages>
</coverage>
