{"C:\\Source\\FutureNHS\\MVCForum.Website\\UI\\assets\\src\\ts\\modules\\ui\\componentBase\\index.ts": {"path":"C:\\Source\\FutureNHS\\MVCForum.Website\\UI\\assets\\src\\ts\\modules\\ui\\componentBase\\index.ts","statementMap":{"0":{"start":{"line":1,"column":0},"end":{"line":1,"column":72}},"1":{"start":{"line":3,"column":21},"end":{"line":3,"column":38}},"2":{"start":{"line":5,"column":0},"end":{"line":5,"column":39}},"3":{"start":{"line":23,"column":8},"end":{"line":23,"column":16}},"4":{"start":{"line":12,"column":11},"end":{"line":14,"column":11}},"5":{"start":{"line":25,"column":8},"end":{"line":38,"column":null}},"6":{"start":{"line":27,"column":12},"end":{"line":31,"column":14}},"7":{"start":{"line":29,"column":16},"end":{"line":29,"column":80}},"8":{"start":{"line":36,"column":12},"end":{"line":36,"column":54}},"9":{"start":{"line":10,"column":0},"end":{"line":10,"column":13}}},"fnMap":{"0":{"name":"(anonymous_0)","decl":{"start":{"line":16,"column":4},"end":{"line":16,"column":16}},"loc":{"start":{"line":21,"column":5},"end":{"line":40,"column":5}}}},"branchMap":{"0":{"loc":{"start":{"line":25,"column":8},"end":{"line":38,"column":null}},"type":"if","locations":[{"start":{"line":25,"column":8},"end":{"line":38,"column":null}},{"start":{"line":25,"column":8},"end":{"line":38,"column":null}}]},"1":{"loc":{"start":{"line":25,"column":23},"end":{"line":25,"column":25}},"type":"cond-expr","locations":[{"start":{"line":25,"column":23},"end":{"line":25,"column":25}},{"start":{"line":25,"column":12},"end":{"line":25,"column":31}}]},"2":{"loc":{"start":{"line":25,"column":12},"end":{"line":25,"column":25}},"type":"binary-expr","locations":[{"start":{"line":25,"column":12},"end":{"line":25,"column":25}},{"start":{"line":25,"column":12},"end":{"line":25,"column":25}}]}},"s":{"0":14,"1":14,"2":14,"3":50,"4":50,"5":50,"6":0,"7":0,"8":0,"9":14},"f":{"0":50},"b":{"0":[0,50],"1":[50,0],"2":[50,50]}}
,"C:\\Source\\FutureNHS\\MVCForum.Website\\UI\\assets\\src\\ts\\modules\\ui\\components\\adminDashboard\\index.ts": {"path":"C:\\Source\\FutureNHS\\MVCForum.Website\\UI\\assets\\src\\ts\\modules\\ui\\components\\adminDashboard\\index.ts","statementMap":{"0":{"start":{"line":1,"column":0},"end":{"line":1,"column":60}},"1":{"start":{"line":15,"column":8},"end":{"line":15,"column":22}},"2":{"start":{"line":8,"column":4},"end":{"line":8,"column":34}},"3":{"start":{"line":23,"column":11},"end":{"line":44,"column":null}},"4":{"start":{"line":25,"column":8},"end":{"line":41,"column":null}},"5":{"start":{"line":27,"column":12},"end":{"line":40,"column":null}},"6":{"start":{"line":29,"column":41},"end":{"line":29,"column":69}},"7":{"start":{"line":30,"column":42},"end":{"line":30,"column":72}},"8":{"start":{"line":32,"column":16},"end":{"line":37,"column":23}},"9":{"start":{"line":35,"column":24},"end":{"line":35,"column":54}},"10":{"start":{"line":17,"column":8},"end":{"line":17,"column":48}},"11":{"start":{"line":19,"column":8},"end":{"line":19,"column":77}},"12":{"start":{"line":6,"column":0},"end":{"line":6,"column":13}}},"fnMap":{"0":{"name":"(anonymous_0)","decl":{"start":{"line":10,"column":4},"end":{"line":10,"column":16}},"loc":{"start":{"line":13,"column":5},"end":{"line":21,"column":5}}},"1":{"name":"(anonymous_1)","decl":{"start":{"line":23,"column":36},"end":{"line":23,"column":45}},"loc":{"start":{"line":23,"column":47},"end":{"line":44,"column":5}}},"2":{"name":"(anonymous_2)","decl":{"start":{"line":33,"column":20},"end":{"line":33,"column":30}},"loc":{"start":{"line":33,"column":34},"end":{"line":37,"column":21}}}},"branchMap":{"0":{"loc":{"start":{"line":27,"column":12},"end":{"line":40,"column":null}},"type":"if","locations":[{"start":{"line":27,"column":12},"end":{"line":40,"column":null}},{"start":{"line":27,"column":12},"end":{"line":40,"column":null}}]}},"s":{"0":1,"1":1,"2":1,"3":1,"4":1,"5":3,"6":3,"7":3,"8":3,"9":3,"10":1,"11":1,"12":1},"f":{"0":1,"1":1,"2":3},"b":{"0":[3,0]}}
,"C:\\Source\\FutureNHS\\MVCForum.Website\\UI\\assets\\src\\ts\\modules\\ui\\components\\ajaxForm\\index.ts": {"path":"C:\\Source\\FutureNHS\\MVCForum.Website\\UI\\assets\\src\\ts\\modules\\ui\\components\\ajaxForm\\index.ts","statementMap":{"0":{"start":{"line":1,"column":0},"end":{"line":1,"column":66}},"1":{"start":{"line":2,"column":0},"end":{"line":2,"column":49}},"2":{"start":{"line":20,"column":8},"end":{"line":20,"column":36}},"3":{"start":{"line":10,"column":4},"end":{"line":10,"column":31}},"4":{"start":{"line":11,"column":4},"end":{"line":11,"column":49}},"5":{"start":{"line":22,"column":8},"end":{"line":22,"column":54}},"6":{"start":{"line":23,"column":8},"end":{"line":23,"column":36}},"7":{"start":{"line":25,"column":8},"end":{"line":53,"column":11}},"8":{"start":{"line":27,"column":12},"end":{"line":27,"column":35}},"9":{"start":{"line":29,"column":13},"end":{"line":29,"column":40}},"10":{"start":{"line":31,"column":38},"end":{"line":31,"column":61}},"11":{"start":{"line":33,"column":12},"end":{"line":51,"column":null}},"12":{"start":{"line":35,"column":55},"end":{"line":35,"column":80}},"13":{"start":{"line":36,"column":51},"end":{"line":41,"column":18}},"14":{"start":{"line":43,"column":16},"end":{"line":49,"column":78}},"15":{"start":{"line":48,"column":37},"end":{"line":48,"column":63}},"16":{"start":{"line":49,"column":39},"end":{"line":49,"column":76}},"17":{"start":{"line":8,"column":0},"end":{"line":8,"column":13}}},"fnMap":{"0":{"name":"(anonymous_0)","decl":{"start":{"line":13,"column":4},"end":{"line":13,"column":16}},"loc":{"start":{"line":18,"column":5},"end":{"line":55,"column":5}}},"1":{"name":"(anonymous_1)","decl":{"start":{"line":25,"column":56},"end":{"line":25,"column":57}},"loc":{"start":{"line":25,"column":71},"end":{"line":53,"column":9}}},"2":{"name":"(anonymous_2)","decl":{"start":{"line":48,"column":22},"end":{"line":48,"column":23}},"loc":{"start":{"line":48,"column":37},"end":{"line":48,"column":63}}},"3":{"name":"(anonymous_3)","decl":{"start":{"line":49,"column":23},"end":{"line":49,"column":24}},"loc":{"start":{"line":49,"column":39},"end":{"line":49,"column":76}}}},"branchMap":{"0":{"loc":{"start":{"line":16,"column":22},"end":{"line":18,"column":null}},"type":"default-arg","locations":[{"start":{"line":16,"column":22},"end":{"line":18,"column":null}}]},"1":{"loc":{"start":{"line":33,"column":12},"end":{"line":51,"column":null}},"type":"if","locations":[{"start":{"line":33,"column":12},"end":{"line":51,"column":null}},{"start":{"line":33,"column":12},"end":{"line":51,"column":null}}]}},"s":{"0":1,"1":1,"2":5,"3":5,"4":5,"5":5,"6":5,"7":5,"8":4,"9":4,"10":4,"11":4,"12":3,"13":3,"14":3,"15":2,"16":1,"17":1},"f":{"0":5,"1":4,"2":2,"3":1},"b":{"0":[1],"1":[3,1]}}
,"C:\\Source\\FutureNHS\\MVCForum.Website\\UI\\assets\\src\\ts\\modules\\ui\\components\\createTopic\\index.ts": {"path":"C:\\Source\\FutureNHS\\MVCForum.Website\\UI\\assets\\src\\ts\\modules\\ui\\components\\createTopic\\index.ts","statementMap":{"0":{"start":{"line":1,"column":0},"end":{"line":1,"column":60}},"1":{"start":{"line":25,"column":8},"end":{"line":25,"column":22}},"2":{"start":{"line":20,"column":4},"end":{"line":20,"column":45}},"3":{"start":{"line":21,"column":4},"end":{"line":21,"column":29}},"4":{"start":{"line":38,"column":4},"end":{"line":87,"column":null}},"5":{"start":{"line":40,"column":55},"end":{"line":40,"column":122}},"6":{"start":{"line":42,"column":8},"end":{"line":44,"column":null}},"7":{"start":{"line":43,"column":12},"end":{"line":43,"column":19}},"8":{"start":{"line":46,"column":39},"end":{"line":81,"column":9}},"9":{"start":{"line":49,"column":46},"end":{"line":49,"column":100}},"10":{"start":{"line":51,"column":12},"end":{"line":53,"column":null}},"11":{"start":{"line":52,"column":16},"end":{"line":52,"column":23}},"12":{"start":{"line":55,"column":12},"end":{"line":78,"column":15}},"13":{"start":{"line":64,"column":20},"end":{"line":66,"column":null}},"14":{"start":{"line":65,"column":24},"end":{"line":65,"column":31}},"15":{"start":{"line":68,"column":54},"end":{"line":68,"column":122}},"16":{"start":{"line":69,"column":57},"end":{"line":69,"column":128}},"17":{"start":{"line":71,"column":20},"end":{"line":71,"column":54}},"18":{"start":{"line":72,"column":20},"end":{"line":72,"column":50}},"19":{"start":{"line":76,"column":20},"end":{"line":76,"column":80}},"20":{"start":{"line":83,"column":8},"end":{"line":83,"column":null}},"21":{"start":{"line":89,"column":4},"end":{"line":173,"column":null}},"22":{"start":{"line":91,"column":45},"end":{"line":91,"column":101}},"23":{"start":{"line":92,"column":29},"end":{"line":92,"column":39}},"24":{"start":{"line":94,"column":8},"end":{"line":96,"column":null}},"25":{"start":{"line":95,"column":12},"end":{"line":95,"column":19}},"26":{"start":{"line":98,"column":56},"end":{"line":98,"column":115}},"27":{"start":{"line":99,"column":56},"end":{"line":99,"column":115}},"28":{"start":{"line":100,"column":61},"end":{"line":100,"column":125}},"29":{"start":{"line":101,"column":66},"end":{"line":101,"column":135}},"30":{"start":{"line":102,"column":60},"end":{"line":102,"column":123}},"31":{"start":{"line":106,"column":12},"end":{"line":112,"column":10}},"32":{"start":{"line":116,"column":21},"end":{"line":139,"column":9}},"33":{"start":{"line":118,"column":12},"end":{"line":137,"column":null}},"34":{"start":{"line":120,"column":16},"end":{"line":135,"column":null}},"35":{"start":{"line":122,"column":58},"end":{"line":122,"column":91}},"36":{"start":{"line":123,"column":42},"end":{"line":123,"column":81}},"37":{"start":{"line":125,"column":20},"end":{"line":133,"column":null}},"38":{"start":{"line":127,"column":24},"end":{"line":127,"column":48}},"39":{"start":{"line":131,"column":24},"end":{"line":131,"column":48}},"40":{"start":{"line":141,"column":51},"end":{"line":168,"column":9}},"41":{"start":{"line":143,"column":12},"end":{"line":143,"column":31}},"42":{"start":{"line":145,"column":42},"end":{"line":145,"column":52}},"43":{"start":{"line":147,"column":12},"end":{"line":149,"column":null}},"44":{"start":{"line":148,"column":16},"end":{"line":148,"column":23}},"45":{"start":{"line":151,"column":12},"end":{"line":166,"column":15}},"46":{"start":{"line":158,"column":20},"end":{"line":158,"column":68}},"47":{"start":{"line":163,"column":20},"end":{"line":163,"column":75}},"48":{"start":{"line":170,"column":8},"end":{"line":170,"column":71}},"49":{"start":{"line":171,"column":8},"end":{"line":171,"column":63}},"50":{"start":{"line":175,"column":4},"end":{"line":250,"column":null}},"51":{"start":{"line":177,"column":43},"end":{"line":177,"column":44}},"52":{"start":{"line":178,"column":42},"end":{"line":178,"column":110}},"53":{"start":{"line":179,"column":49},"end":{"line":179,"column":115}},"54":{"start":{"line":180,"column":52},"end":{"line":180,"column":120}},"55":{"start":{"line":181,"column":52},"end":{"line":181,"column":120}},"56":{"start":{"line":182,"column":51},"end":{"line":182,"column":112}},"57":{"start":{"line":183,"column":54},"end":{"line":183,"column":118}},"58":{"start":{"line":185,"column":27},"end":{"line":195,"column":9}},"59":{"start":{"line":187,"column":12},"end":{"line":187,"column":31}},"60":{"start":{"line":189,"column":12},"end":{"line":189,"column":39}},"61":{"start":{"line":190,"column":12},"end":{"line":190,"column":39}},"62":{"start":{"line":191,"column":12},"end":{"line":191,"column":39}},"63":{"start":{"line":193,"column":12},"end":{"line":193,"column":24}},"64":{"start":{"line":197,"column":27},"end":{"line":210,"column":9}},"65":{"start":{"line":199,"column":12},"end":{"line":199,"column":31}},"66":{"start":{"line":201,"column":12},"end":{"line":201,"column":39}},"67":{"start":{"line":202,"column":12},"end":{"line":202,"column":39}},"68":{"start":{"line":203,"column":12},"end":{"line":203,"column":39}},"69":{"start":{"line":205,"column":12},"end":{"line":205,"column":42}},"70":{"start":{"line":207,"column":12},"end":{"line":207,"column":37}},"71":{"start":{"line":212,"column":26},"end":{"line":227,"column":9}},"72":{"start":{"line":214,"column":12},"end":{"line":214,"column":32}},"73":{"start":{"line":216,"column":40},"end":{"line":216,"column":65}},"74":{"start":{"line":217,"column":43},"end":{"line":217,"column":239}},"75":{"start":{"line":218,"column":46},"end":{"line":218,"column":74}},"76":{"start":{"line":220,"column":12},"end":{"line":220,"column":81}},"77":{"start":{"line":221,"column":12},"end":{"line":221,"column":56}},"78":{"start":{"line":223,"column":12},"end":{"line":223,"column":57}},"79":{"start":{"line":225,"column":12},"end":{"line":225,"column":68}},"80":{"start":{"line":229,"column":29},"end":{"line":243,"column":9}},"81":{"start":{"line":231,"column":12},"end":{"line":231,"column":31}},"82":{"start":{"line":233,"column":42},"end":{"line":233,"column":66}},"83":{"start":{"line":235,"column":12},"end":{"line":237,"column":null}},"84":{"start":{"line":236,"column":16},"end":{"line":236,"column":23}},"85":{"start":{"line":239,"column":12},"end":{"line":239,"column":51}},"86":{"start":{"line":241,"column":12},"end":{"line":241,"column":68}},"87":{"start":{"line":245,"column":8},"end":{"line":245,"column":62}},"88":{"start":{"line":246,"column":8},"end":{"line":246,"column":64}},"89":{"start":{"line":247,"column":8},"end":{"line":247,"column":64}},"90":{"start":{"line":248,"column":8},"end":{"line":248,"column":68}},"91":{"start":{"line":27,"column":8},"end":{"line":27,"column":54}},"92":{"start":{"line":28,"column":8},"end":{"line":28,"column":51}},"93":{"start":{"line":31,"column":8},"end":{"line":31,"column":21}},"94":{"start":{"line":32,"column":8},"end":{"line":32,"column":27}},"95":{"start":{"line":33,"column":8},"end":{"line":33,"column":35}},"96":{"start":{"line":17,"column":0},"end":{"line":17,"column":13}}},"fnMap":{"0":{"name":"(anonymous_0)","decl":{"start":{"line":23,"column":4},"end":{"line":23,"column":16}},"loc":{"start":{"line":23,"column":58},"end":{"line":35,"column":5}}},"1":{"name":"(anonymous_1)","decl":{"start":{"line":38,"column":26},"end":{"line":38,"column":29}},"loc":{"start":{"line":38,"column":31},"end":{"line":87,"column":5}}},"2":{"name":"(anonymous_2)","decl":{"start":{"line":46,"column":39},"end":{"line":46,"column":42}},"loc":{"start":{"line":46,"column":44},"end":{"line":81,"column":9}}},"3":{"name":"(anonymous_3)","decl":{"start":{"line":62,"column":25},"end":{"line":62,"column":26}},"loc":{"start":{"line":62,"column":42},"end":{"line":74,"column":17}}},"4":{"name":"(anonymous_4)","decl":{"start":{"line":75,"column":23},"end":{"line":75,"column":24}},"loc":{"start":{"line":75,"column":65},"end":{"line":77,"column":17}}},"5":{"name":"(anonymous_5)","decl":{"start":{"line":89,"column":18},"end":{"line":89,"column":21}},"loc":{"start":{"line":89,"column":23},"end":{"line":173,"column":5}}},"6":{"name":"(anonymous_6)","decl":{"start":{"line":116,"column":21},"end":{"line":116,"column":22}},"loc":{"start":{"line":116,"column":42},"end":{"line":139,"column":9}}},"7":{"name":"(anonymous_7)","decl":{"start":{"line":141,"column":51},"end":{"line":141,"column":61}},"loc":{"start":{"line":141,"column":69},"end":{"line":168,"column":9}}},"8":{"name":"(anonymous_8)","decl":{"start":{"line":156,"column":25},"end":{"line":156,"column":35}},"loc":{"start":{"line":156,"column":51},"end":{"line":160,"column":17}}},"9":{"name":"(anonymous_9)","decl":{"start":{"line":161,"column":23},"end":{"line":161,"column":24}},"loc":{"start":{"line":161,"column":57},"end":{"line":165,"column":17}}},"10":{"name":"(anonymous_10)","decl":{"start":{"line":175,"column":12},"end":{"line":175,"column":15}},"loc":{"start":{"line":175,"column":17},"end":{"line":250,"column":5}}},"11":{"name":"(anonymous_11)","decl":{"start":{"line":185,"column":27},"end":{"line":185,"column":28}},"loc":{"start":{"line":185,"column":40},"end":{"line":195,"column":9}}},"12":{"name":"(anonymous_12)","decl":{"start":{"line":197,"column":27},"end":{"line":197,"column":28}},"loc":{"start":{"line":197,"column":40},"end":{"line":210,"column":9}}},"13":{"name":"(anonymous_13)","decl":{"start":{"line":212,"column":26},"end":{"line":212,"column":27}},"loc":{"start":{"line":212,"column":40},"end":{"line":227,"column":9}}},"14":{"name":"(anonymous_14)","decl":{"start":{"line":229,"column":29},"end":{"line":229,"column":30}},"loc":{"start":{"line":229,"column":42},"end":{"line":243,"column":9}}}},"branchMap":{"0":{"loc":{"start":{"line":40,"column":117},"end":{"line":40,"column":120}},"type":"cond-expr","locations":[{"start":{"line":40,"column":117},"end":{"line":40,"column":120}},{"start":{"line":40,"column":117},"end":{"line":40,"column":122}}]},"1":{"loc":{"start":{"line":40,"column":55},"end":{"line":40,"column":120}},"type":"binary-expr","locations":[{"start":{"line":40,"column":55},"end":{"line":40,"column":120}},{"start":{"line":40,"column":117},"end":{"line":40,"column":120}}]},"2":{"loc":{"start":{"line":42,"column":8},"end":{"line":44,"column":null}},"type":"if","locations":[{"start":{"line":42,"column":8},"end":{"line":44,"column":null}},{"start":{"line":42,"column":8},"end":{"line":44,"column":null}}]},"3":{"loc":{"start":{"line":51,"column":12},"end":{"line":53,"column":null}},"type":"if","locations":[{"start":{"line":51,"column":12},"end":{"line":53,"column":null}},{"start":{"line":51,"column":12},"end":{"line":53,"column":null}}]},"4":{"loc":{"start":{"line":64,"column":20},"end":{"line":66,"column":null}},"type":"if","locations":[{"start":{"line":64,"column":20},"end":{"line":66,"column":null}},{"start":{"line":64,"column":20},"end":{"line":66,"column":null}}]},"5":{"loc":{"start":{"line":68,"column":117},"end":{"line":68,"column":120}},"type":"cond-expr","locations":[{"start":{"line":68,"column":117},"end":{"line":68,"column":120}},{"start":{"line":68,"column":117},"end":{"line":68,"column":122}}]},"6":{"loc":{"start":{"line":68,"column":54},"end":{"line":68,"column":120}},"type":"binary-expr","locations":[{"start":{"line":68,"column":54},"end":{"line":68,"column":120}},{"start":{"line":68,"column":117},"end":{"line":68,"column":120}}]},"7":{"loc":{"start":{"line":69,"column":123},"end":{"line":69,"column":126}},"type":"cond-expr","locations":[{"start":{"line":69,"column":123},"end":{"line":69,"column":126}},{"start":{"line":69,"column":123},"end":{"line":69,"column":128}}]},"8":{"loc":{"start":{"line":69,"column":57},"end":{"line":69,"column":126}},"type":"binary-expr","locations":[{"start":{"line":69,"column":57},"end":{"line":69,"column":126}},{"start":{"line":69,"column":123},"end":{"line":69,"column":126}}]},"9":{"loc":{"start":{"line":91,"column":96},"end":{"line":91,"column":99}},"type":"cond-expr","locations":[{"start":{"line":91,"column":96},"end":{"line":91,"column":99}},{"start":{"line":91,"column":96},"end":{"line":91,"column":101}}]},"10":{"loc":{"start":{"line":91,"column":45},"end":{"line":91,"column":99}},"type":"binary-expr","locations":[{"start":{"line":91,"column":45},"end":{"line":91,"column":99}},{"start":{"line":91,"column":96},"end":{"line":91,"column":99}}]},"11":{"loc":{"start":{"line":94,"column":8},"end":{"line":96,"column":null}},"type":"if","locations":[{"start":{"line":94,"column":8},"end":{"line":96,"column":null}},{"start":{"line":94,"column":8},"end":{"line":96,"column":null}}]},"12":{"loc":{"start":{"line":120,"column":16},"end":{"line":135,"column":null}},"type":"if","locations":[{"start":{"line":120,"column":16},"end":{"line":135,"column":null}},{"start":{"line":120,"column":16},"end":{"line":135,"column":null}}]},"13":{"loc":{"start":{"line":125,"column":20},"end":{"line":133,"column":null}},"type":"if","locations":[{"start":{"line":125,"column":20},"end":{"line":133,"column":null}},{"start":{"line":125,"column":20},"end":{"line":133,"column":null}}]},"14":{"loc":{"start":{"line":147,"column":12},"end":{"line":149,"column":null}},"type":"if","locations":[{"start":{"line":147,"column":12},"end":{"line":149,"column":null}},{"start":{"line":147,"column":12},"end":{"line":149,"column":null}}]},"15":{"loc":{"start":{"line":178,"column":105},"end":{"line":178,"column":108}},"type":"cond-expr","locations":[{"start":{"line":178,"column":105},"end":{"line":178,"column":108}},{"start":{"line":178,"column":105},"end":{"line":178,"column":110}}]},"16":{"loc":{"start":{"line":178,"column":42},"end":{"line":178,"column":108}},"type":"binary-expr","locations":[{"start":{"line":178,"column":42},"end":{"line":178,"column":108}},{"start":{"line":178,"column":105},"end":{"line":178,"column":108}}]},"17":{"loc":{"start":{"line":179,"column":110},"end":{"line":179,"column":113}},"type":"cond-expr","locations":[{"start":{"line":179,"column":110},"end":{"line":179,"column":113}},{"start":{"line":179,"column":110},"end":{"line":179,"column":115}}]},"18":{"loc":{"start":{"line":179,"column":49},"end":{"line":179,"column":113}},"type":"binary-expr","locations":[{"start":{"line":179,"column":49},"end":{"line":179,"column":113}},{"start":{"line":179,"column":110},"end":{"line":179,"column":113}}]},"19":{"loc":{"start":{"line":180,"column":115},"end":{"line":180,"column":118}},"type":"cond-expr","locations":[{"start":{"line":180,"column":115},"end":{"line":180,"column":118}},{"start":{"line":180,"column":115},"end":{"line":180,"column":120}}]},"20":{"loc":{"start":{"line":180,"column":52},"end":{"line":180,"column":118}},"type":"binary-expr","locations":[{"start":{"line":180,"column":52},"end":{"line":180,"column":118}},{"start":{"line":180,"column":115},"end":{"line":180,"column":118}}]},"21":{"loc":{"start":{"line":181,"column":115},"end":{"line":181,"column":118}},"type":"cond-expr","locations":[{"start":{"line":181,"column":115},"end":{"line":181,"column":118}},{"start":{"line":181,"column":115},"end":{"line":181,"column":120}}]},"22":{"loc":{"start":{"line":181,"column":52},"end":{"line":181,"column":118}},"type":"binary-expr","locations":[{"start":{"line":181,"column":52},"end":{"line":181,"column":118}},{"start":{"line":181,"column":115},"end":{"line":181,"column":118}}]},"23":{"loc":{"start":{"line":182,"column":107},"end":{"line":182,"column":110}},"type":"cond-expr","locations":[{"start":{"line":182,"column":107},"end":{"line":182,"column":110}},{"start":{"line":182,"column":107},"end":{"line":182,"column":112}}]},"24":{"loc":{"start":{"line":182,"column":51},"end":{"line":182,"column":110}},"type":"binary-expr","locations":[{"start":{"line":182,"column":51},"end":{"line":182,"column":110}},{"start":{"line":182,"column":107},"end":{"line":182,"column":110}}]},"25":{"loc":{"start":{"line":183,"column":113},"end":{"line":183,"column":116}},"type":"cond-expr","locations":[{"start":{"line":183,"column":113},"end":{"line":183,"column":116}},{"start":{"line":183,"column":113},"end":{"line":183,"column":118}}]},"26":{"loc":{"start":{"line":183,"column":54},"end":{"line":183,"column":116}},"type":"binary-expr","locations":[{"start":{"line":183,"column":54},"end":{"line":183,"column":116}},{"start":{"line":183,"column":113},"end":{"line":183,"column":116}}]},"27":{"loc":{"start":{"line":214,"column":13},"end":{"line":214,"column":15}},"type":"cond-expr","locations":[{"start":{"line":214,"column":13},"end":{"line":214,"column":15}},{"start":{"line":214,"column":12},"end":{"line":214,"column":31}}]},"28":{"loc":{"start":{"line":214,"column":12},"end":{"line":214,"column":15}},"type":"binary-expr","locations":[{"start":{"line":214,"column":12},"end":{"line":214,"column":15}},{"start":{"line":214,"column":12},"end":{"line":214,"column":15}}]},"29":{"loc":{"start":{"line":235,"column":12},"end":{"line":237,"column":null}},"type":"if","locations":[{"start":{"line":235,"column":12},"end":{"line":237,"column":null}},{"start":{"line":235,"column":12},"end":{"line":237,"column":null}}]},"30":{"loc":{"start":{"line":245,"column":23},"end":{"line":245,"column":25}},"type":"cond-expr","locations":[{"start":{"line":245,"column":23},"end":{"line":245,"column":25}},{"start":{"line":245,"column":8},"end":{"line":245,"column":61}}]},"31":{"loc":{"start":{"line":245,"column":8},"end":{"line":245,"column":25}},"type":"binary-expr","locations":[{"start":{"line":245,"column":8},"end":{"line":245,"column":25}},{"start":{"line":245,"column":8},"end":{"line":245,"column":25}}]},"32":{"loc":{"start":{"line":246,"column":24},"end":{"line":246,"column":26}},"type":"cond-expr","locations":[{"start":{"line":246,"column":24},"end":{"line":246,"column":26}},{"start":{"line":246,"column":8},"end":{"line":246,"column":63}}]},"33":{"loc":{"start":{"line":246,"column":8},"end":{"line":246,"column":26}},"type":"binary-expr","locations":[{"start":{"line":246,"column":8},"end":{"line":246,"column":26}},{"start":{"line":246,"column":8},"end":{"line":246,"column":26}}]},"34":{"loc":{"start":{"line":247,"column":24},"end":{"line":247,"column":26}},"type":"cond-expr","locations":[{"start":{"line":247,"column":24},"end":{"line":247,"column":26}},{"start":{"line":247,"column":8},"end":{"line":247,"column":63}}]},"35":{"loc":{"start":{"line":247,"column":8},"end":{"line":247,"column":26}},"type":"binary-expr","locations":[{"start":{"line":247,"column":8},"end":{"line":247,"column":26}},{"start":{"line":247,"column":8},"end":{"line":247,"column":26}}]},"36":{"loc":{"start":{"line":248,"column":26},"end":{"line":248,"column":28}},"type":"cond-expr","locations":[{"start":{"line":248,"column":26},"end":{"line":248,"column":28}},{"start":{"line":248,"column":8},"end":{"line":248,"column":67}}]},"37":{"loc":{"start":{"line":248,"column":8},"end":{"line":248,"column":28}},"type":"binary-expr","locations":[{"start":{"line":248,"column":8},"end":{"line":248,"column":28}},{"start":{"line":248,"column":8},"end":{"line":248,"column":28}}]}},"s":{"0":1,"1":3,"2":3,"3":3,"4":3,"5":3,"6":3,"7":0,"8":3,"9":3,"10":3,"11":0,"12":3,"13":0,"14":0,"15":0,"16":0,"17":0,"18":0,"19":0,"20":3,"21":3,"22":3,"23":3,"24":3,"25":0,"26":3,"27":3,"28":3,"29":3,"30":3,"31":3,"32":3,"33":1,"34":5,"35":5,"36":5,"37":5,"38":3,"39":2,"40":3,"41":4,"42":4,"43":4,"44":3,"45":1,"46":1,"47":0,"48":3,"49":3,"50":3,"51":3,"52":3,"53":3,"54":3,"55":3,"56":3,"57":3,"58":3,"59":1,"60":1,"61":1,"62":1,"63":1,"64":3,"65":1,"66":1,"67":1,"68":1,"69":1,"70":1,"71":3,"72":3,"73":3,"74":3,"75":3,"76":3,"77":3,"78":3,"79":3,"80":3,"81":1,"82":1,"83":1,"84":0,"85":1,"86":1,"87":3,"88":3,"89":3,"90":3,"91":3,"92":3,"93":3,"94":3,"95":3,"96":1},"f":{"0":3,"1":3,"2":3,"3":0,"4":0,"5":3,"6":1,"7":4,"8":1,"9":0,"10":3,"11":1,"12":1,"13":3,"14":1},"b":{"0":[0,3],"1":[3,3],"2":[0,3],"3":[0,3],"4":[0,0],"5":[0,0],"6":[0,0],"7":[0,0],"8":[0,0],"9":[0,3],"10":[3,3],"11":[0,3],"12":[5,0],"13":[3,2],"14":[3,1],"15":[0,3],"16":[3,3],"17":[0,3],"18":[3,3],"19":[0,3],"20":[3,3],"21":[0,3],"22":[3,3],"23":[0,3],"24":[3,3],"25":[0,3],"26":[3,3],"27":[1,2],"28":[3,3],"29":[0,1],"30":[0,3],"31":[3,3],"32":[0,3],"33":[3,3],"34":[0,3],"35":[3,3],"36":[0,3],"37":[3,3]}}
,"C:\\Source\\FutureNHS\\MVCForum.Website\\UI\\assets\\src\\ts\\modules\\ui\\components\\details\\index.ts": {"path":"C:\\Source\\FutureNHS\\MVCForum.Website\\UI\\assets\\src\\ts\\modules\\ui\\components\\details\\index.ts","statementMap":{"0":{"start":{"line":1,"column":0},"end":{"line":1,"column":36}},"1":{"start":{"line":2,"column":0},"end":{"line":2,"column":66}},"2":{"start":{"line":3,"column":0},"end":{"line":3,"column":51}},"3":{"start":{"line":23,"column":8},"end":{"line":23,"column":22}},"4":{"start":{"line":10,"column":4},"end":{"line":10,"column":52}},"5":{"start":{"line":11,"column":4},"end":{"line":11,"column":37}},"6":{"start":{"line":12,"column":4},"end":{"line":12,"column":43}},"7":{"start":{"line":13,"column":4},"end":{"line":13,"column":27}},"8":{"start":{"line":14,"column":4},"end":{"line":14,"column":33}},"9":{"start":{"line":15,"column":4},"end":{"line":15,"column":35}},"10":{"start":{"line":16,"column":4},"end":{"line":16,"column":35}},"11":{"start":{"line":82,"column":13},"end":{"line":86,"column":null}},"12":{"start":{"line":84,"column":8},"end":{"line":84,"column":65}},"13":{"start":{"line":91,"column":12},"end":{"line":104,"column":null}},"14":{"start":{"line":92,"column":35},"end":{"line":92,"column":54}},"15":{"start":{"line":95,"column":8},"end":{"line":103,"column":null}},"16":{"start":{"line":97,"column":12},"end":{"line":97,"column":58}},"17":{"start":{"line":101,"column":12},"end":{"line":101,"column":57}},"18":{"start":{"line":25,"column":8},"end":{"line":25,"column":54}},"19":{"start":{"line":26,"column":8},"end":{"line":26,"column":69}},"20":{"start":{"line":27,"column":8},"end":{"line":27,"column":73}},"21":{"start":{"line":28,"column":8},"end":{"line":28,"column":56}},"22":{"start":{"line":29,"column":8},"end":{"line":29,"column":60}},"23":{"start":{"line":30,"column":8},"end":{"line":30,"column":72}},"24":{"start":{"line":31,"column":8},"end":{"line":31,"column":57}},"25":{"start":{"line":32,"column":8},"end":{"line":32,"column":61}},"26":{"start":{"line":35,"column":8},"end":{"line":43,"column":null}},"27":{"start":{"line":36,"column":12},"end":{"line":36,"column":34}},"28":{"start":{"line":38,"column":12},"end":{"line":42,"column":31}},"29":{"start":{"line":40,"column":16},"end":{"line":40,"column":38}},"30":{"start":{"line":48,"column":8},"end":{"line":55,"column":null}},"31":{"start":{"line":50,"column":12},"end":{"line":53,"column":15}},"32":{"start":{"line":57,"column":32},"end":{"line":57,"column":73}},"33":{"start":{"line":58,"column":34},"end":{"line":58,"column":74}},"34":{"start":{"line":63,"column":8},"end":{"line":63,"column":37}},"35":{"start":{"line":68,"column":9},"end":{"line":75,"column":11}},"36":{"start":{"line":70,"column":36},"end":{"line":70,"column":77}},"37":{"start":{"line":71,"column":38},"end":{"line":71,"column":78}},"38":{"start":{"line":73,"column":12},"end":{"line":73,"column":41}},"39":{"start":{"line":8,"column":0},"end":{"line":8,"column":13}}},"fnMap":{"0":{"name":"(anonymous_0)","decl":{"start":{"line":19,"column":4},"end":{"line":19,"column":16}},"loc":{"start":{"line":21,"column":5},"end":{"line":77,"column":5}}},"1":{"name":"(anonymous_1)","decl":{"start":{"line":82,"column":38},"end":{"line":82,"column":50}},"loc":{"start":{"line":82,"column":52},"end":{"line":86,"column":5}}},"2":{"name":"(anonymous_2)","decl":{"start":{"line":91,"column":39},"end":{"line":91,"column":48}},"loc":{"start":{"line":91,"column":50},"end":{"line":104,"column":5}}},"3":{"name":"(anonymous_3)","decl":{"start":{"line":38,"column":55},"end":{"line":38,"column":58}},"loc":{"start":{"line":38,"column":60},"end":{"line":42,"column":13}}},"4":{"name":"(anonymous_4)","decl":{"start":{"line":68,"column":58},"end":{"line":68,"column":61}},"loc":{"start":{"line":68,"column":63},"end":{"line":75,"column":9}}}},"branchMap":{"0":{"loc":{"start":{"line":95,"column":8},"end":{"line":103,"column":null}},"type":"if","locations":[{"start":{"line":95,"column":8},"end":{"line":103,"column":null}},{"start":{"line":95,"column":8},"end":{"line":103,"column":null}}]},"1":{"loc":{"start":{"line":27,"column":39},"end":{"line":27,"column":41}},"type":"cond-expr","locations":[{"start":{"line":27,"column":39},"end":{"line":27,"column":41}},{"start":{"line":27,"column":39},"end":{"line":27,"column":72}}]},"2":{"loc":{"start":{"line":27,"column":27},"end":{"line":27,"column":41}},"type":"binary-expr","locations":[{"start":{"line":27,"column":27},"end":{"line":27,"column":41}},{"start":{"line":27,"column":39},"end":{"line":27,"column":41}}]},"3":{"loc":{"start":{"line":28,"column":45},"end":{"line":28,"column":47}},"type":"cond-expr","locations":[{"start":{"line":28,"column":45},"end":{"line":28,"column":47}},{"start":{"line":28,"column":45},"end":{"line":28,"column":55}}]},"4":{"loc":{"start":{"line":28,"column":24},"end":{"line":28,"column":47}},"type":"binary-expr","locations":[{"start":{"line":28,"column":24},"end":{"line":28,"column":47}},{"start":{"line":28,"column":45},"end":{"line":28,"column":47}}]},"5":{"loc":{"start":{"line":28,"column":36},"end":{"line":28,"column":38}},"type":"cond-expr","locations":[{"start":{"line":28,"column":36},"end":{"line":28,"column":38}},{"start":{"line":28,"column":36},"end":{"line":28,"column":45}}]},"6":{"loc":{"start":{"line":28,"column":24},"end":{"line":28,"column":38}},"type":"binary-expr","locations":[{"start":{"line":28,"column":24},"end":{"line":28,"column":38}},{"start":{"line":28,"column":36},"end":{"line":28,"column":38}}]},"7":{"loc":{"start":{"line":29,"column":47},"end":{"line":29,"column":49}},"type":"cond-expr","locations":[{"start":{"line":29,"column":47},"end":{"line":29,"column":49}},{"start":{"line":29,"column":47},"end":{"line":29,"column":59}}]},"8":{"loc":{"start":{"line":29,"column":26},"end":{"line":29,"column":49}},"type":"binary-expr","locations":[{"start":{"line":29,"column":26},"end":{"line":29,"column":49}},{"start":{"line":29,"column":47},"end":{"line":29,"column":49}}]},"9":{"loc":{"start":{"line":29,"column":38},"end":{"line":29,"column":40}},"type":"cond-expr","locations":[{"start":{"line":29,"column":38},"end":{"line":29,"column":40}},{"start":{"line":29,"column":38},"end":{"line":29,"column":47}}]},"10":{"loc":{"start":{"line":29,"column":26},"end":{"line":29,"column":40}},"type":"binary-expr","locations":[{"start":{"line":29,"column":26},"end":{"line":29,"column":40}},{"start":{"line":29,"column":38},"end":{"line":29,"column":40}}]},"11":{"loc":{"start":{"line":30,"column":56},"end":{"line":30,"column":58}},"type":"cond-expr","locations":[{"start":{"line":30,"column":56},"end":{"line":30,"column":58}},{"start":{"line":30,"column":56},"end":{"line":30,"column":71}}]},"12":{"loc":{"start":{"line":30,"column":35},"end":{"line":30,"column":58}},"type":"binary-expr","locations":[{"start":{"line":30,"column":35},"end":{"line":30,"column":58}},{"start":{"line":30,"column":56},"end":{"line":30,"column":58}}]},"13":{"loc":{"start":{"line":30,"column":47},"end":{"line":30,"column":49}},"type":"cond-expr","locations":[{"start":{"line":30,"column":47},"end":{"line":30,"column":49}},{"start":{"line":30,"column":47},"end":{"line":30,"column":56}}]},"14":{"loc":{"start":{"line":30,"column":35},"end":{"line":30,"column":49}},"type":"binary-expr","locations":[{"start":{"line":30,"column":35},"end":{"line":30,"column":49}},{"start":{"line":30,"column":47},"end":{"line":30,"column":49}}]},"15":{"loc":{"start":{"line":35,"column":8},"end":{"line":43,"column":null}},"type":"if","locations":[{"start":{"line":35,"column":8},"end":{"line":43,"column":null}},{"start":{"line":35,"column":8},"end":{"line":43,"column":null}}]},"16":{"loc":{"start":{"line":48,"column":8},"end":{"line":55,"column":null}},"type":"if","locations":[{"start":{"line":48,"column":8},"end":{"line":55,"column":null}},{"start":{"line":48,"column":8},"end":{"line":55,"column":null}}]},"17":{"loc":{"start":{"line":48,"column":11},"end":{"line":48,"column":27}},"type":"binary-expr","locations":[{"start":{"line":48,"column":11},"end":{"line":48,"column":27}},{"start":{"line":48,"column":31},"end":{"line":48,"column":44}},{"start":{"line":48,"column":48},"end":{"line":48,"column":63}}]},"18":{"loc":{"start":{"line":58,"column":43},"end":{"line":58,"column":56}},"type":"cond-expr","locations":[{"start":{"line":58,"column":43},"end":{"line":58,"column":56}},{"start":{"line":58,"column":59},"end":{"line":58,"column":74}}]},"19":{"loc":{"start":{"line":63,"column":17},"end":{"line":63,"column":19}},"type":"cond-expr","locations":[{"start":{"line":63,"column":17},"end":{"line":63,"column":19}},{"start":{"line":63,"column":17},"end":{"line":63,"column":36}}]},"20":{"loc":{"start":{"line":63,"column":8},"end":{"line":63,"column":19}},"type":"binary-expr","locations":[{"start":{"line":63,"column":8},"end":{"line":63,"column":19}},{"start":{"line":63,"column":17},"end":{"line":63,"column":19}}]},"21":{"loc":{"start":{"line":68,"column":29},"end":{"line":68,"column":31}},"type":"cond-expr","locations":[{"start":{"line":68,"column":29},"end":{"line":68,"column":31}},{"start":{"line":68,"column":29},"end":{"line":75,"column":10}}]},"22":{"loc":{"start":{"line":68,"column":9},"end":{"line":68,"column":31}},"type":"binary-expr","locations":[{"start":{"line":68,"column":9},"end":{"line":68,"column":31}},{"start":{"line":68,"column":29},"end":{"line":68,"column":31}}]},"23":{"loc":{"start":{"line":71,"column":47},"end":{"line":71,"column":60}},"type":"cond-expr","locations":[{"start":{"line":71,"column":47},"end":{"line":71,"column":60}},{"start":{"line":71,"column":63},"end":{"line":71,"column":78}}]},"24":{"loc":{"start":{"line":73,"column":21},"end":{"line":73,"column":23}},"type":"cond-expr","locations":[{"start":{"line":73,"column":21},"end":{"line":73,"column":23}},{"start":{"line":73,"column":21},"end":{"line":73,"column":40}}]},"25":{"loc":{"start":{"line":73,"column":12},"end":{"line":73,"column":23}},"type":"binary-expr","locations":[{"start":{"line":73,"column":12},"end":{"line":73,"column":23}},{"start":{"line":73,"column":21},"end":{"line":73,"column":23}}]}},"s":{"0":1,"1":1,"2":1,"3":3,"4":3,"5":3,"6":3,"7":3,"8":3,"9":3,"10":3,"11":3,"12":0,"13":3,"14":0,"15":0,"16":0,"17":0,"18":3,"19":3,"20":3,"21":3,"22":3,"23":3,"24":3,"25":3,"26":3,"27":0,"28":0,"29":0,"30":3,"31":3,"32":3,"33":3,"34":3,"35":3,"36":0,"37":0,"38":0,"39":1},"f":{"0":3,"1":0,"2":0,"3":0,"4":0},"b":{"0":[0,0],"1":[0,3],"2":[3,3],"3":[0,3],"4":[3,3],"5":[0,3],"6":[3,3],"7":[0,3],"8":[3,3],"9":[0,3],"10":[3,3],"11":[0,3],"12":[3,3],"13":[0,3],"14":[3,3],"15":[0,3],"16":[3,0],"17":[3,3,3],"18":[1,2],"19":[0,3],"20":[3,3],"21":[0,3],"22":[3,3],"23":[0,0],"24":[0,0],"25":[0,0]}}
,"C:\\Source\\FutureNHS\\MVCForum.Website\\UI\\assets\\src\\ts\\modules\\ui\\components\\dialog\\index.ts": {"path":"C:\\Source\\FutureNHS\\MVCForum.Website\\UI\\assets\\src\\ts\\modules\\ui\\components\\dialog\\index.ts","statementMap":{"0":{"start":{"line":1,"column":0},"end":{"line":1,"column":60}},"1":{"start":{"line":14,"column":8},"end":{"line":14,"column":22}},"2":{"start":{"line":8,"column":4},"end":{"line":8,"column":45}},"3":{"start":{"line":24,"column":11},"end":{"line":67,"column":null}},"4":{"start":{"line":26,"column":41},"end":{"line":26,"column":46}},"5":{"start":{"line":28,"column":33},"end":{"line":28,"column":84}},"6":{"start":{"line":29,"column":49},"end":{"line":29,"column":82}},"7":{"start":{"line":30,"column":48},"end":{"line":30,"column":96}},"8":{"start":{"line":31,"column":49},"end":{"line":31,"column":98}},"9":{"start":{"line":33,"column":8},"end":{"line":39,"column":11}},"10":{"start":{"line":35,"column":12},"end":{"line":35,"column":31}},"11":{"start":{"line":37,"column":12},"end":{"line":37,"column":34}},"12":{"start":{"line":41,"column":8},"end":{"line":49,"column":11}},"13":{"start":{"line":43,"column":12},"end":{"line":43,"column":31}},"14":{"start":{"line":45,"column":12},"end":{"line":45,"column":37}},"15":{"start":{"line":47,"column":12},"end":{"line":47,"column":41}},"16":{"start":{"line":51,"column":8},"end":{"line":63,"column":11}},"17":{"start":{"line":53,"column":12},"end":{"line":59,"column":14}},"18":{"start":{"line":55,"column":16},"end":{"line":55,"column":35}},"19":{"start":{"line":57,"column":16},"end":{"line":57,"column":37}},"20":{"start":{"line":61,"column":12},"end":{"line":61,"column":38}},"21":{"start":{"line":16,"column":8},"end":{"line":16,"column":54}},"22":{"start":{"line":18,"column":8},"end":{"line":18,"column":20}},"23":{"start":{"line":20,"column":8},"end":{"line":20,"column":20}},"24":{"start":{"line":6,"column":0},"end":{"line":6,"column":13}}},"fnMap":{"0":{"name":"(anonymous_0)","decl":{"start":{"line":10,"column":4},"end":{"line":10,"column":16}},"loc":{"start":{"line":12,"column":5},"end":{"line":22,"column":5}}},"1":{"name":"(anonymous_1)","decl":{"start":{"line":24,"column":18},"end":{"line":24,"column":27}},"loc":{"start":{"line":24,"column":29},"end":{"line":67,"column":5}}},"2":{"name":"(anonymous_2)","decl":{"start":{"line":33,"column":47},"end":{"line":33,"column":48}},"loc":{"start":{"line":33,"column":60},"end":{"line":39,"column":9}}},"3":{"name":"(anonymous_3)","decl":{"start":{"line":41,"column":48},"end":{"line":41,"column":49}},"loc":{"start":{"line":41,"column":61},"end":{"line":49,"column":9}}},"4":{"name":"(anonymous_4)","decl":{"start":{"line":51,"column":55},"end":{"line":51,"column":56}},"loc":{"start":{"line":51,"column":68},"end":{"line":63,"column":9}}}},"branchMap":{"0":{"loc":{"start":{"line":53,"column":12},"end":{"line":59,"column":14}},"type":"if","locations":[{"start":{"line":53,"column":12},"end":{"line":59,"column":14}},{"start":{"line":53,"column":12},"end":{"line":59,"column":14}}]}},"s":{"0":1,"1":2,"2":2,"3":2,"4":2,"5":2,"6":2,"7":2,"8":2,"9":2,"10":1,"11":1,"12":2,"13":1,"14":1,"15":1,"16":2,"17":3,"18":2,"19":2,"20":3,"21":2,"22":2,"23":2,"24":1},"f":{"0":2,"1":2,"2":1,"3":1,"4":3},"b":{"0":[2,1]}}
,"C:\\Source\\FutureNHS\\MVCForum.Website\\UI\\assets\\src\\ts\\modules\\ui\\components\\drawer\\index.ts": {"path":"C:\\Source\\FutureNHS\\MVCForum.Website\\UI\\assets\\src\\ts\\modules\\ui\\components\\drawer\\index.ts","statementMap":{"0":{"start":{"line":1,"column":1},"end":{"line":1,"column":61}},"1":{"start":{"line":2,"column":0},"end":{"line":2,"column":48}},"2":{"start":{"line":22,"column":8},"end":{"line":22,"column":22}},"3":{"start":{"line":10,"column":4},"end":{"line":10,"column":45}},"4":{"start":{"line":11,"column":4},"end":{"line":11,"column":37}},"5":{"start":{"line":12,"column":4},"end":{"line":12,"column":19}},"6":{"start":{"line":42,"column":12},"end":{"line":50,"column":null}},"7":{"start":{"line":44,"column":51},"end":{"line":44,"column":108}},"8":{"start":{"line":45,"column":44},"end":{"line":45,"column":99}},"9":{"start":{"line":47,"column":8},"end":{"line":47,"column":47}},"10":{"start":{"line":48,"column":8},"end":{"line":48,"column":47}},"11":{"start":{"line":52,"column":12},"end":{"line":91,"column":null}},"12":{"start":{"line":54,"column":8},"end":{"line":89,"column":11}},"13":{"start":{"line":56,"column":12},"end":{"line":87,"column":null}},"14":{"start":{"line":58,"column":16},"end":{"line":83,"column":null}},"15":{"start":{"line":60,"column":47},"end":{"line":60,"column":90}},"16":{"start":{"line":62,"column":20},"end":{"line":76,"column":null}},"17":{"start":{"line":64,"column":24},"end":{"line":69,"column":null}},"18":{"start":{"line":66,"column":28},"end":{"line":66,"column":41}},"19":{"start":{"line":67,"column":28},"end":{"line":67,"column":41}},"20":{"start":{"line":73,"column":24},"end":{"line":73,"column":37}},"21":{"start":{"line":74,"column":24},"end":{"line":74,"column":37}},"22":{"start":{"line":80,"column":20},"end":{"line":80,"column":33}},"23":{"start":{"line":81,"column":20},"end":{"line":81,"column":33}},"24":{"start":{"line":85,"column":16},"end":{"line":85,"column":29}},"25":{"start":{"line":93,"column":11},"end":{"line":100,"column":null}},"26":{"start":{"line":95,"column":8},"end":{"line":95,"column":29}},"27":{"start":{"line":97,"column":8},"end":{"line":97,"column":47}},"28":{"start":{"line":98,"column":8},"end":{"line":98,"column":66}},"29":{"start":{"line":102,"column":11},"end":{"line":108,"column":null}},"30":{"start":{"line":104,"column":8},"end":{"line":104,"column":47}},"31":{"start":{"line":106,"column":8},"end":{"line":106,"column":48}},"32":{"start":{"line":110,"column":11},"end":{"line":116,"column":null}},"33":{"start":{"line":112,"column":8},"end":{"line":112,"column":30}},"34":{"start":{"line":114,"column":8},"end":{"line":114,"column":69}},"35":{"start":{"line":24,"column":8},"end":{"line":24,"column":54}},"36":{"start":{"line":25,"column":8},"end":{"line":25,"column":143}},"37":{"start":{"line":26,"column":8},"end":{"line":28,"column":10}},"38":{"start":{"line":30,"column":8},"end":{"line":30,"column":53}},"39":{"start":{"line":31,"column":8},"end":{"line":31,"column":45}},"40":{"start":{"line":32,"column":8},"end":{"line":32,"column":41}},"41":{"start":{"line":33,"column":8},"end":{"line":33,"column":43}},"42":{"start":{"line":34,"column":8},"end":{"line":34,"column":41}},"43":{"start":{"line":36,"column":8},"end":{"line":36,"column":22}},"44":{"start":{"line":38,"column":8},"end":{"line":38,"column":20}},"45":{"start":{"line":8,"column":0},"end":{"line":8,"column":13}}},"fnMap":{"0":{"name":"(anonymous_0)","decl":{"start":{"line":14,"column":4},"end":{"line":14,"column":16}},"loc":{"start":{"line":20,"column":5},"end":{"line":40,"column":5}}},"1":{"name":"(anonymous_1)","decl":{"start":{"line":42,"column":25},"end":{"line":42,"column":26}},"loc":{"start":{"line":42,"column":76},"end":{"line":50,"column":5}}},"2":{"name":"(anonymous_2)","decl":{"start":{"line":52,"column":21},"end":{"line":52,"column":30}},"loc":{"start":{"line":52,"column":32},"end":{"line":91,"column":5}}},"3":{"name":"(anonymous_3)","decl":{"start":{"line":54,"column":55},"end":{"line":54,"column":56}},"loc":{"start":{"line":54,"column":65},"end":{"line":89,"column":9}}},"4":{"name":"(anonymous_4)","decl":{"start":{"line":93,"column":18},"end":{"line":93,"column":19}},"loc":{"start":{"line":93,"column":66},"end":{"line":100,"column":5}}},"5":{"name":"(anonymous_5)","decl":{"start":{"line":102,"column":19},"end":{"line":102,"column":28}},"loc":{"start":{"line":102,"column":30},"end":{"line":108,"column":5}}},"6":{"name":"(anonymous_6)","decl":{"start":{"line":106,"column":32},"end":{"line":106,"column":46}},"loc":{"start":{"line":106,"column":32},"end":{"line":106,"column":47}}},"7":{"name":"(anonymous_7)","decl":{"start":{"line":110,"column":18},"end":{"line":110,"column":27}},"loc":{"start":{"line":110,"column":29},"end":{"line":116,"column":5}}}},"branchMap":{"0":{"loc":{"start":{"line":56,"column":12},"end":{"line":87,"column":null}},"type":"if","locations":[{"start":{"line":56,"column":12},"end":{"line":87,"column":null}},{"start":{"line":56,"column":12},"end":{"line":87,"column":null}}]},"1":{"loc":{"start":{"line":56,"column":16},"end":{"line":56,"column":47}},"type":"binary-expr","locations":[{"start":{"line":56,"column":16},"end":{"line":56,"column":47}},{"start":{"line":56,"column":51},"end":{"line":56,"column":88}}]},"2":{"loc":{"start":{"line":58,"column":16},"end":{"line":83,"column":null}},"type":"if","locations":[{"start":{"line":58,"column":16},"end":{"line":83,"column":null}},{"start":{"line":58,"column":16},"end":{"line":83,"column":null}}]},"3":{"loc":{"start":{"line":60,"column":86},"end":{"line":60,"column":90}},"type":"cond-expr","locations":[{"start":{"line":60,"column":86},"end":{"line":60,"column":90}},{"start":{"line":60,"column":86},"end":{"line":60,"column":90}}]},"4":{"loc":{"start":{"line":60,"column":47},"end":{"line":60,"column":90}},"type":"binary-expr","locations":[{"start":{"line":60,"column":47},"end":{"line":60,"column":90}},{"start":{"line":60,"column":86},"end":{"line":60,"column":90}}]},"5":{"loc":{"start":{"line":60,"column":74},"end":{"line":60,"column":76}},"type":"cond-expr","locations":[{"start":{"line":60,"column":74},"end":{"line":60,"column":76}},{"start":{"line":60,"column":74},"end":{"line":60,"column":86}}]},"6":{"loc":{"start":{"line":60,"column":47},"end":{"line":60,"column":76}},"type":"binary-expr","locations":[{"start":{"line":60,"column":47},"end":{"line":60,"column":76}},{"start":{"line":60,"column":74},"end":{"line":60,"column":76}}]},"7":{"loc":{"start":{"line":62,"column":20},"end":{"line":76,"column":null}},"type":"if","locations":[{"start":{"line":62,"column":20},"end":{"line":76,"column":null}},{"start":{"line":62,"column":20},"end":{"line":76,"column":null}}]},"8":{"loc":{"start":{"line":64,"column":24},"end":{"line":69,"column":null}},"type":"if","locations":[{"start":{"line":64,"column":24},"end":{"line":69,"column":null}},{"start":{"line":64,"column":24},"end":{"line":69,"column":null}}]},"9":{"loc":{"start":{"line":25,"column":47},"end":{"line":25,"column":51}},"type":"cond-expr","locations":[{"start":{"line":25,"column":47},"end":{"line":25,"column":51}},{"start":{"line":25,"column":51},"end":{"line":25,"column":142}}]},"10":{"loc":{"start":{"line":25,"column":28},"end":{"line":25,"column":51}},"type":"binary-expr","locations":[{"start":{"line":25,"column":28},"end":{"line":25,"column":51}},{"start":{"line":25,"column":47},"end":{"line":25,"column":51}}]}},"s":{"0":0,"1":0,"2":0,"3":0,"4":0,"5":0,"6":0,"7":0,"8":0,"9":0,"10":0,"11":0,"12":0,"13":0,"14":0,"15":0,"16":0,"17":0,"18":0,"19":0,"20":0,"21":0,"22":0,"23":0,"24":0,"25":0,"26":0,"27":0,"28":0,"29":0,"30":0,"31":0,"32":0,"33":0,"34":0,"35":0,"36":0,"37":0,"38":0,"39":0,"40":0,"41":0,"42":0,"43":0,"44":0,"45":0},"f":{"0":0,"1":0,"2":0,"3":0,"4":0,"5":0,"6":0,"7":0},"b":{"0":[0,0],"1":[0,0],"2":[0,0],"3":[0,0],"4":[0,0],"5":[0,0],"6":[0,0],"7":[0,0],"8":[0,0],"9":[0,0],"10":[0,0]}}
,"C:\\Source\\FutureNHS\\MVCForum.Website\\UI\\assets\\src\\ts\\modules\\ui\\components\\emailSubscription\\index.ts": {"path":"C:\\Source\\FutureNHS\\MVCForum.Website\\UI\\assets\\src\\ts\\modules\\ui\\components\\emailSubscription\\index.ts","statementMap":{"0":{"start":{"line":1,"column":1},"end":{"line":1,"column":67}},"1":{"start":{"line":20,"column":8},"end":{"line":20,"column":36}},"2":{"start":{"line":9,"column":4},"end":{"line":9,"column":29}},"3":{"start":{"line":10,"column":4},"end":{"line":10,"column":45}},"4":{"start":{"line":22,"column":8},"end":{"line":22,"column":54}},"5":{"start":{"line":23,"column":8},"end":{"line":23,"column":51}},"6":{"start":{"line":26,"column":34},"end":{"line":59,"column":9}},"7":{"start":{"line":28,"column":23},"end":{"line":28,"column":46}},"8":{"start":{"line":29,"column":12},"end":{"line":58,"column":null}},"9":{"start":{"line":30,"column":16},"end":{"line":57,"column":19}},"10":{"start":{"line":31,"column":20},"end":{"line":31,"column":39}},"11":{"start":{"line":32,"column":35},"end":{"line":32,"column":53}},"12":{"start":{"line":33,"column":43},"end":{"line":33,"column":63}},"13":{"start":{"line":35,"column":20},"end":{"line":35,"column":35}},"14":{"start":{"line":37,"column":55},"end":{"line":37,"column":67}},"15":{"start":{"line":38,"column":20},"end":{"line":38,"column":58}},"16":{"start":{"line":39,"column":20},"end":{"line":39,"column":80}},"17":{"start":{"line":42,"column":33},"end":{"line":42,"column":72}},"18":{"start":{"line":44,"column":20},"end":{"line":56,"column":23}},"19":{"start":{"line":51,"column":28},"end":{"line":51,"column":63}},"20":{"start":{"line":54,"column":28},"end":{"line":54,"column":88}},"21":{"start":{"line":61,"column":36},"end":{"line":114,"column":9}},"22":{"start":{"line":63,"column":35},"end":{"line":63,"column":60}},"23":{"start":{"line":65,"column":12},"end":{"line":112,"column":null}},"24":{"start":{"line":67,"column":16},"end":{"line":111,"column":19}},"25":{"start":{"line":69,"column":20},"end":{"line":69,"column":43}},"26":{"start":{"line":71,"column":42},"end":{"line":71,"column":49}},"27":{"start":{"line":72,"column":54},"end":{"line":72,"column":72}},"28":{"start":{"line":73,"column":53},"end":{"line":73,"column":73}},"29":{"start":{"line":74,"column":59},"end":{"line":74,"column":71}},"30":{"start":{"line":76,"column":20},"end":{"line":76,"column":36}},"31":{"start":{"line":78,"column":20},"end":{"line":78,"column":60}},"32":{"start":{"line":79,"column":20},"end":{"line":79,"column":82}},"33":{"start":{"line":82,"column":43},"end":{"line":82,"column":84}},"34":{"start":{"line":84,"column":20},"end":{"line":110,"column":23}},"35":{"start":{"line":93,"column":46},"end":{"line":93,"column":78}},"36":{"start":{"line":94,"column":28},"end":{"line":96,"column":null}},"37":{"start":{"line":95,"column":32},"end":{"line":95,"column":60}},"38":{"start":{"line":97,"column":43},"end":{"line":97,"column":72}},"39":{"start":{"line":98,"column":28},"end":{"line":100,"column":null}},"40":{"start":{"line":99,"column":32},"end":{"line":99,"column":57}},"41":{"start":{"line":102,"column":52},"end":{"line":102,"column":75}},"42":{"start":{"line":103,"column":28},"end":{"line":105,"column":null}},"43":{"start":{"line":104,"column":32},"end":{"line":104,"column":59}},"44":{"start":{"line":108,"column":28},"end":{"line":108,"column":89}},"45":{"start":{"line":116,"column":8},"end":{"line":116,"column":28}},"46":{"start":{"line":117,"column":8},"end":{"line":117,"column":30}},"47":{"start":{"line":7,"column":0},"end":{"line":7,"column":13}}},"fnMap":{"0":{"name":"(anonymous_0)","decl":{"start":{"line":12,"column":4},"end":{"line":12,"column":16}},"loc":{"start":{"line":18,"column":5},"end":{"line":119,"column":5}}},"1":{"name":"(anonymous_1)","decl":{"start":{"line":26,"column":34},"end":{"line":26,"column":37}},"loc":{"start":{"line":26,"column":39},"end":{"line":59,"column":9}}},"2":{"name":"(anonymous_2)","decl":{"start":{"line":30,"column":27},"end":{"line":30,"column":28}},"loc":{"start":{"line":30,"column":33},"end":{"line":57,"column":17}}},"3":{"name":"(anonymous_3)","decl":{"start":{"line":50,"column":33},"end":{"line":50,"column":43}},"loc":{"start":{"line":50,"column":47},"end":{"line":52,"column":25}}},"4":{"name":"(anonymous_4)","decl":{"start":{"line":53,"column":31},"end":{"line":53,"column":32}},"loc":{"start":{"line":53,"column":65},"end":{"line":55,"column":25}}},"5":{"name":"(anonymous_5)","decl":{"start":{"line":61,"column":36},"end":{"line":61,"column":39}},"loc":{"start":{"line":61,"column":41},"end":{"line":114,"column":9}}},"6":{"name":"(anonymous_6)","decl":{"start":{"line":67,"column":35},"end":{"line":67,"column":36}},"loc":{"start":{"line":67,"column":50},"end":{"line":111,"column":17}}},"7":{"name":"(anonymous_7)","decl":{"start":{"line":90,"column":33},"end":{"line":90,"column":34}},"loc":{"start":{"line":90,"column":42},"end":{"line":106,"column":25}}},"8":{"name":"(anonymous_8)","decl":{"start":{"line":107,"column":31},"end":{"line":107,"column":32}},"loc":{"start":{"line":107,"column":65},"end":{"line":109,"column":25}}}},"branchMap":{"0":{"loc":{"start":{"line":29,"column":12},"end":{"line":58,"column":null}},"type":"if","locations":[{"start":{"line":29,"column":12},"end":{"line":58,"column":null}},{"start":{"line":29,"column":12},"end":{"line":58,"column":null}}]},"1":{"loc":{"start":{"line":65,"column":12},"end":{"line":112,"column":null}},"type":"if","locations":[{"start":{"line":65,"column":12},"end":{"line":112,"column":null}},{"start":{"line":65,"column":12},"end":{"line":112,"column":null}}]},"2":{"loc":{"start":{"line":94,"column":28},"end":{"line":96,"column":null}},"type":"if","locations":[{"start":{"line":94,"column":28},"end":{"line":96,"column":null}},{"start":{"line":94,"column":28},"end":{"line":96,"column":null}}]},"3":{"loc":{"start":{"line":98,"column":28},"end":{"line":100,"column":null}},"type":"if","locations":[{"start":{"line":98,"column":28},"end":{"line":100,"column":null}},{"start":{"line":98,"column":28},"end":{"line":100,"column":null}}]},"4":{"loc":{"start":{"line":103,"column":28},"end":{"line":105,"column":null}},"type":"if","locations":[{"start":{"line":103,"column":28},"end":{"line":105,"column":null}},{"start":{"line":103,"column":28},"end":{"line":105,"column":null}}]},"5":{"loc":{"start":{"line":108,"column":38},"end":{"line":108,"column":40}},"type":"cond-expr","locations":[{"start":{"line":108,"column":38},"end":{"line":108,"column":40}},{"start":{"line":108,"column":38},"end":{"line":108,"column":88}}]},"6":{"loc":{"start":{"line":108,"column":28},"end":{"line":108,"column":40}},"type":"binary-expr","locations":[{"start":{"line":108,"column":28},"end":{"line":108,"column":40}},{"start":{"line":108,"column":38},"end":{"line":108,"column":40}}]}},"s":{"0":0,"1":0,"2":0,"3":0,"4":0,"5":0,"6":0,"7":0,"8":0,"9":0,"10":0,"11":0,"12":0,"13":0,"14":0,"15":0,"16":0,"17":0,"18":0,"19":0,"20":0,"21":0,"22":0,"23":0,"24":0,"25":0,"26":0,"27":0,"28":0,"29":0,"30":0,"31":0,"32":0,"33":0,"34":0,"35":0,"36":0,"37":0,"38":0,"39":0,"40":0,"41":0,"42":0,"43":0,"44":0,"45":0,"46":0,"47":0},"f":{"0":0,"1":0,"2":0,"3":0,"4":0,"5":0,"6":0,"7":0,"8":0},"b":{"0":[0,0],"1":[0,0],"2":[0,0],"3":[0,0],"4":[0,0],"5":[0,0],"6":[0,0]}}
,"C:\\Source\\FutureNHS\\MVCForum.Website\\UI\\assets\\src\\ts\\modules\\ui\\components\\icon\\index.ts": {"path":"C:\\Source\\FutureNHS\\MVCForum.Website\\UI\\assets\\src\\ts\\modules\\ui\\components\\icon\\index.ts","statementMap":{"0":{"start":{"line":1,"column":0},"end":{"line":1,"column":60}},"1":{"start":{"line":17,"column":8},"end":{"line":17,"column":22}},"2":{"start":{"line":8,"column":4},"end":{"line":8,"column":37}},"3":{"start":{"line":9,"column":4},"end":{"line":9,"column":32}},"4":{"start":{"line":10,"column":4},"end":{"line":10,"column":22}},"5":{"start":{"line":19,"column":8},"end":{"line":19,"column":54}},"6":{"start":{"line":20,"column":8},"end":{"line":20,"column":32}},"7":{"start":{"line":22,"column":8},"end":{"line":22,"column":45}},"8":{"start":{"line":24,"column":8},"end":{"line":24,"column":20}},"9":{"start":{"line":30,"column":8},"end":{"line":30,"column":25}},"10":{"start":{"line":31,"column":8},"end":{"line":31,"column":68}},"11":{"start":{"line":32,"column":8},"end":{"line":32,"column":69}},"12":{"start":{"line":6,"column":0},"end":{"line":6,"column":13}}},"fnMap":{"0":{"name":"(anonymous_0)","decl":{"start":{"line":12,"column":4},"end":{"line":12,"column":16}},"loc":{"start":{"line":15,"column":5},"end":{"line":26,"column":5}}},"1":{"name":"(anonymous_1)","decl":{"start":{"line":28,"column":11},"end":{"line":28,"column":17}},"loc":{"start":{"line":28,"column":30},"end":{"line":34,"column":5}}}},"branchMap":{"0":{"loc":{"start":{"line":32,"column":23},"end":{"line":32,"column":25}},"type":"cond-expr","locations":[{"start":{"line":32,"column":23},"end":{"line":32,"column":25}},{"start":{"line":32,"column":23},"end":{"line":32,"column":68}}]},"1":{"loc":{"start":{"line":32,"column":8},"end":{"line":32,"column":25}},"type":"binary-expr","locations":[{"start":{"line":32,"column":8},"end":{"line":32,"column":25}},{"start":{"line":32,"column":23},"end":{"line":32,"column":25}}]}},"s":{"0":1,"1":3,"2":3,"3":3,"4":3,"5":3,"6":3,"7":3,"8":3,"9":3,"10":3,"11":3,"12":1},"f":{"0":3,"1":3},"b":{"0":[0,3],"1":[3,3]}}
,"C:\\Source\\FutureNHS\\MVCForum.Website\\UI\\assets\\src\\ts\\modules\\ui\\components\\input\\index.ts": {"path":"C:\\Source\\FutureNHS\\MVCForum.Website\\UI\\assets\\src\\ts\\modules\\ui\\components\\input\\index.ts","statementMap":{"0":{"start":{"line":1,"column":0},"end":{"line":1,"column":60}},"1":{"start":{"line":17,"column":8},"end":{"line":17,"column":22}},"2":{"start":{"line":5,"column":4},"end":{"line":5,"column":45}},"3":{"start":{"line":6,"column":4},"end":{"line":8,"column":11}},"4":{"start":{"line":28,"column":4},"end":{"line":32,"column":null}},"5":{"start":{"line":30,"column":8},"end":{"line":30,"column":35}},"6":{"start":{"line":34,"column":4},"end":{"line":82,"column":null}},"7":{"start":{"line":36,"column":32},"end":{"line":36,"column":52}},"8":{"start":{"line":37,"column":40},"end":{"line":37,"column":93}},"9":{"start":{"line":38,"column":28},"end":{"line":38,"column":88}},"10":{"start":{"line":39,"column":44},"end":{"line":39,"column":101}},"11":{"start":{"line":41,"column":28},"end":{"line":78,"column":9}},"12":{"start":{"line":43,"column":37},"end":{"line":43,"column":42}},"13":{"start":{"line":45,"column":12},"end":{"line":66,"column":15}},"14":{"start":{"line":47,"column":34},"end":{"line":47,"column":67}},"15":{"start":{"line":49,"column":16},"end":{"line":51,"column":null}},"16":{"start":{"line":50,"column":20},"end":{"line":50,"column":27}},"17":{"start":{"line":53,"column":47},"end":{"line":53,"column":61}},"18":{"start":{"line":56,"column":43},"end":{"line":56,"column":68}},"19":{"start":{"line":57,"column":46},"end":{"line":57,"column":122}},"20":{"start":{"line":59,"column":16},"end":{"line":64,"column":null}},"21":{"start":{"line":60,"column":20},"end":{"line":60,"column":37}},"22":{"start":{"line":61,"column":20},"end":{"line":61,"column":62}},"23":{"start":{"line":63,"column":20},"end":{"line":63,"column":59}},"24":{"start":{"line":68,"column":12},"end":{"line":73,"column":null}},"25":{"start":{"line":70,"column":16},"end":{"line":70,"column":54}},"26":{"start":{"line":71,"column":16},"end":{"line":71,"column":65}},"27":{"start":{"line":72,"column":16},"end":{"line":72,"column":23}},"28":{"start":{"line":75,"column":12},"end":{"line":75,"column":53}},"29":{"start":{"line":76,"column":12},"end":{"line":76,"column":64}},"30":{"start":{"line":80,"column":8},"end":{"line":80,"column":57}},"31":{"start":{"line":19,"column":8},"end":{"line":19,"column":54}},"32":{"start":{"line":20,"column":8},"end":{"line":20,"column":54}},"33":{"start":{"line":22,"column":8},"end":{"line":22,"column":20}},"34":{"start":{"line":24,"column":8},"end":{"line":24,"column":20}},"35":{"start":{"line":3,"column":0},"end":{"line":3,"column":13}}},"fnMap":{"0":{"name":"(anonymous_0)","decl":{"start":{"line":10,"column":4},"end":{"line":10,"column":16}},"loc":{"start":{"line":15,"column":5},"end":{"line":26,"column":5}}},"1":{"name":"(anonymous_1)","decl":{"start":{"line":28,"column":11},"end":{"line":28,"column":20}},"loc":{"start":{"line":28,"column":22},"end":{"line":32,"column":5}}},"2":{"name":"(anonymous_2)","decl":{"start":{"line":34,"column":26},"end":{"line":34,"column":35}},"loc":{"start":{"line":34,"column":37},"end":{"line":82,"column":5}}},"3":{"name":"(anonymous_3)","decl":{"start":{"line":41,"column":28},"end":{"line":41,"column":29}},"loc":{"start":{"line":41,"column":39},"end":{"line":78,"column":9}}},"4":{"name":"(anonymous_4)","decl":{"start":{"line":45,"column":34},"end":{"line":45,"column":35}},"loc":{"start":{"line":45,"column":50},"end":{"line":66,"column":13}}}},"branchMap":{"0":{"loc":{"start":{"line":39,"column":89},"end":{"line":39,"column":91}},"type":"cond-expr","locations":[{"start":{"line":39,"column":89},"end":{"line":39,"column":91}},{"start":{"line":39,"column":89},"end":{"line":39,"column":101}}]},"1":{"loc":{"start":{"line":39,"column":44},"end":{"line":39,"column":91}},"type":"binary-expr","locations":[{"start":{"line":39,"column":44},"end":{"line":39,"column":91}},{"start":{"line":39,"column":89},"end":{"line":39,"column":91}}]},"2":{"loc":{"start":{"line":45,"column":24},"end":{"line":45,"column":26}},"type":"cond-expr","locations":[{"start":{"line":45,"column":24},"end":{"line":45,"column":26}},{"start":{"line":45,"column":12},"end":{"line":66,"column":14}}]},"3":{"loc":{"start":{"line":45,"column":12},"end":{"line":45,"column":26}},"type":"binary-expr","locations":[{"start":{"line":45,"column":12},"end":{"line":45,"column":26}},{"start":{"line":45,"column":12},"end":{"line":45,"column":26}}]},"4":{"loc":{"start":{"line":49,"column":16},"end":{"line":51,"column":null}},"type":"if","locations":[{"start":{"line":49,"column":16},"end":{"line":51,"column":null}},{"start":{"line":49,"column":16},"end":{"line":51,"column":null}}]},"5":{"loc":{"start":{"line":57,"column":117},"end":{"line":57,"column":120}},"type":"cond-expr","locations":[{"start":{"line":57,"column":117},"end":{"line":57,"column":120}},{"start":{"line":57,"column":117},"end":{"line":57,"column":122}}]},"6":{"loc":{"start":{"line":57,"column":46},"end":{"line":57,"column":120}},"type":"binary-expr","locations":[{"start":{"line":57,"column":46},"end":{"line":57,"column":120}},{"start":{"line":57,"column":117},"end":{"line":57,"column":120}}]},"7":{"loc":{"start":{"line":59,"column":16},"end":{"line":64,"column":null}},"type":"if","locations":[{"start":{"line":59,"column":16},"end":{"line":64,"column":null}},{"start":{"line":59,"column":16},"end":{"line":64,"column":null}}]},"8":{"loc":{"start":{"line":68,"column":12},"end":{"line":73,"column":null}},"type":"if","locations":[{"start":{"line":68,"column":12},"end":{"line":73,"column":null}},{"start":{"line":68,"column":12},"end":{"line":73,"column":null}}]},"9":{"loc":{"start":{"line":80,"column":13},"end":{"line":80,"column":15}},"type":"cond-expr","locations":[{"start":{"line":80,"column":13},"end":{"line":80,"column":15}},{"start":{"line":80,"column":8},"end":{"line":80,"column":56}}]},"10":{"loc":{"start":{"line":80,"column":8},"end":{"line":80,"column":15}},"type":"binary-expr","locations":[{"start":{"line":80,"column":8},"end":{"line":80,"column":15}},{"start":{"line":80,"column":8},"end":{"line":80,"column":15}}]}},"s":{"0":1,"1":1,"2":1,"3":1,"4":1,"5":1,"6":1,"7":1,"8":1,"9":1,"10":1,"11":1,"12":1,"13":1,"14":1,"15":1,"16":0,"17":1,"18":1,"19":1,"20":1,"21":1,"22":1,"23":0,"24":1,"25":1,"26":1,"27":1,"28":0,"29":0,"30":1,"31":1,"32":1,"33":1,"34":1,"35":1},"f":{"0":1,"1":1,"2":1,"3":1,"4":1},"b":{"0":[0,1],"1":[1,1],"2":[0,1],"3":[1,1],"4":[0,1],"5":[0,1],"6":[1,1],"7":[1,0],"8":[1,0],"9":[0,1],"10":[1,1]}}
,"C:\\Source\\FutureNHS\\MVCForum.Website\\UI\\assets\\src\\ts\\modules\\ui\\components\\languageSwitcher\\index.ts": {"path":"C:\\Source\\FutureNHS\\MVCForum.Website\\UI\\assets\\src\\ts\\modules\\ui\\components\\languageSwitcher\\index.ts","statementMap":{"0":{"start":{"line":1,"column":1},"end":{"line":1,"column":61}},"1":{"start":{"line":2,"column":0},"end":{"line":2,"column":49}},"2":{"start":{"line":21,"column":8},"end":{"line":21,"column":36}},"3":{"start":{"line":10,"column":4},"end":{"line":10,"column":51}},"4":{"start":{"line":11,"column":4},"end":{"line":11,"column":31}},"5":{"start":{"line":12,"column":4},"end":{"line":12,"column":34}},"6":{"start":{"line":33,"column":12},"end":{"line":52,"column":null}},"7":{"start":{"line":35,"column":41},"end":{"line":35,"column":67}},"8":{"start":{"line":36,"column":47},"end":{"line":36,"column":64}},"9":{"start":{"line":37,"column":43},"end":{"line":42,"column":10}},"10":{"start":{"line":44,"column":8},"end":{"line":50,"column":70}},"11":{"start":{"line":49,"column":20},"end":{"line":49,"column":40}},"12":{"start":{"line":50,"column":31},"end":{"line":50,"column":68}},"13":{"start":{"line":23,"column":8},"end":{"line":23,"column":54}},"14":{"start":{"line":24,"column":8},"end":{"line":24,"column":66}},"15":{"start":{"line":25,"column":8},"end":{"line":25,"column":54}},"16":{"start":{"line":27,"column":8},"end":{"line":27,"column":59}},"17":{"start":{"line":29,"column":8},"end":{"line":29,"column":84}},"18":{"start":{"line":29,"column":62},"end":{"line":29,"column":82}},"19":{"start":{"line":8,"column":0},"end":{"line":8,"column":13}}},"fnMap":{"0":{"name":"(anonymous_0)","decl":{"start":{"line":14,"column":4},"end":{"line":14,"column":16}},"loc":{"start":{"line":19,"column":5},"end":{"line":31,"column":5}}},"1":{"name":"(anonymous_1)","decl":{"start":{"line":33,"column":28},"end":{"line":33,"column":37}},"loc":{"start":{"line":33,"column":39},"end":{"line":52,"column":5}}},"2":{"name":"(anonymous_2)","decl":{"start":{"line":49,"column":14},"end":{"line":49,"column":17}},"loc":{"start":{"line":49,"column":20},"end":{"line":49,"column":40}}},"3":{"name":"(anonymous_3)","decl":{"start":{"line":50,"column":15},"end":{"line":50,"column":16}},"loc":{"start":{"line":50,"column":31},"end":{"line":50,"column":68}}},"4":{"name":"(anonymous_4)","decl":{"start":{"line":29,"column":56},"end":{"line":29,"column":59}},"loc":{"start":{"line":29,"column":62},"end":{"line":29,"column":82}}}},"branchMap":{"0":{"loc":{"start":{"line":17,"column":22},"end":{"line":19,"column":null}},"type":"default-arg","locations":[{"start":{"line":17,"column":22},"end":{"line":19,"column":null}}]},"1":{"loc":{"start":{"line":24,"column":35},"end":{"line":24,"column":39}},"type":"cond-expr","locations":[{"start":{"line":24,"column":35},"end":{"line":24,"column":39}},{"start":{"line":24,"column":39},"end":{"line":24,"column":65}}]},"2":{"loc":{"start":{"line":24,"column":22},"end":{"line":24,"column":39}},"type":"binary-expr","locations":[{"start":{"line":24,"column":22},"end":{"line":24,"column":39}},{"start":{"line":24,"column":35},"end":{"line":24,"column":39}}]}},"s":{"0":1,"1":1,"2":4,"3":4,"4":4,"5":4,"6":4,"7":2,"8":2,"9":2,"10":2,"11":1,"12":1,"13":4,"14":4,"15":4,"16":4,"17":4,"18":0,"19":1},"f":{"0":4,"1":2,"2":1,"3":1,"4":0},"b":{"0":[1],"1":[0,4],"2":[4,4]}}
,"C:\\Source\\FutureNHS\\MVCForum.Website\\UI\\assets\\src\\ts\\modules\\ui\\components\\loadMoreButton\\index.ts": {"path":"C:\\Source\\FutureNHS\\MVCForum.Website\\UI\\assets\\src\\ts\\modules\\ui\\components\\loadMoreButton\\index.ts","statementMap":{"0":{"start":{"line":1,"column":0},"end":{"line":1,"column":60}},"1":{"start":{"line":2,"column":0},"end":{"line":2,"column":49}},"2":{"start":{"line":34,"column":8},"end":{"line":34,"column":36}},"3":{"start":{"line":10,"column":4},"end":{"line":10,"column":65}},"4":{"start":{"line":11,"column":4},"end":{"line":11,"column":30}},"5":{"start":{"line":12,"column":4},"end":{"line":12,"column":38}},"6":{"start":{"line":13,"column":4},"end":{"line":13,"column":37}},"7":{"start":{"line":14,"column":4},"end":{"line":14,"column":38}},"8":{"start":{"line":15,"column":4},"end":{"line":15,"column":38}},"9":{"start":{"line":16,"column":4},"end":{"line":16,"column":50}},"10":{"start":{"line":17,"column":4},"end":{"line":17,"column":51}},"11":{"start":{"line":53,"column":11},"end":{"line":108,"column":null}},"12":{"start":{"line":55,"column":27},"end":{"line":55,"column":44}},"13":{"start":{"line":56,"column":39},"end":{"line":56,"column":66}},"14":{"start":{"line":58,"column":8},"end":{"line":60,"column":null}},"15":{"start":{"line":59,"column":12},"end":{"line":59,"column":19}},"16":{"start":{"line":63,"column":8},"end":{"line":106,"column":null}},"17":{"start":{"line":65,"column":12},"end":{"line":65,"column":32}},"18":{"start":{"line":67,"column":29},"end":{"line":67,"column":42}},"19":{"start":{"line":68,"column":32},"end":{"line":68,"column":48}},"20":{"start":{"line":69,"column":51},"end":{"line":69,"column":68}},"21":{"start":{"line":70,"column":47},"end":{"line":73,"column":14}},"22":{"start":{"line":75,"column":12},"end":{"line":103,"column":15}},"23":{"start":{"line":83,"column":16},"end":{"line":83,"column":79}},"24":{"start":{"line":85,"column":16},"end":{"line":85,"column":43}},"25":{"start":{"line":87,"column":16},"end":{"line":93,"column":null}},"26":{"start":{"line":89,"column":20},"end":{"line":89,"column":67}},"27":{"start":{"line":91,"column":20},"end":{"line":91,"column":27}},"28":{"start":{"line":95,"column":16},"end":{"line":95,"column":31}},"29":{"start":{"line":100,"column":16},"end":{"line":100,"column":49}},"30":{"start":{"line":101,"column":16},"end":{"line":101,"column":28}},"31":{"start":{"line":36,"column":8},"end":{"line":36,"column":46}},"32":{"start":{"line":37,"column":8},"end":{"line":37,"column":51}},"33":{"start":{"line":38,"column":8},"end":{"line":38,"column":57}},"34":{"start":{"line":39,"column":8},"end":{"line":39,"column":66}},"35":{"start":{"line":40,"column":8},"end":{"line":40,"column":48}},"36":{"start":{"line":41,"column":8},"end":{"line":41,"column":50}},"37":{"start":{"line":42,"column":8},"end":{"line":42,"column":54}},"38":{"start":{"line":43,"column":8},"end":{"line":43,"column":54}},"39":{"start":{"line":44,"column":8},"end":{"line":44,"column":62}},"40":{"start":{"line":45,"column":8},"end":{"line":45,"column":68}},"41":{"start":{"line":47,"column":8},"end":{"line":47,"column":20}},"42":{"start":{"line":49,"column":8},"end":{"line":49,"column":20}},"43":{"start":{"line":8,"column":0},"end":{"line":8,"column":13}}},"fnMap":{"0":{"name":"(anonymous_0)","decl":{"start":{"line":20,"column":4},"end":{"line":20,"column":16}},"loc":{"start":{"line":32,"column":5},"end":{"line":51,"column":5}}},"1":{"name":"(anonymous_1)","decl":{"start":{"line":53,"column":18},"end":{"line":53,"column":27}},"loc":{"start":{"line":53,"column":29},"end":{"line":108,"column":5}}},"2":{"name":"(anonymous_2)","decl":{"start":{"line":63,"column":55},"end":{"line":63,"column":56}},"loc":{"start":{"line":63,"column":68},"end":{"line":106,"column":9}}},"3":{"name":"(anonymous_3)","decl":{"start":{"line":81,"column":18},"end":{"line":81,"column":19}},"loc":{"start":{"line":81,"column":35},"end":{"line":97,"column":13}}},"4":{"name":"(anonymous_4)","decl":{"start":{"line":98,"column":19},"end":{"line":98,"column":20}},"loc":{"start":{"line":98,"column":34},"end":{"line":103,"column":13}}}},"branchMap":{"0":{"loc":{"start":{"line":30,"column":22},"end":{"line":32,"column":null}},"type":"default-arg","locations":[{"start":{"line":30,"column":22},"end":{"line":32,"column":null}}]},"1":{"loc":{"start":{"line":58,"column":8},"end":{"line":60,"column":null}},"type":"if","locations":[{"start":{"line":58,"column":8},"end":{"line":60,"column":null}},{"start":{"line":58,"column":8},"end":{"line":60,"column":null}}]},"2":{"loc":{"start":{"line":65,"column":13},"end":{"line":65,"column":15}},"type":"cond-expr","locations":[{"start":{"line":65,"column":13},"end":{"line":65,"column":15}},{"start":{"line":65,"column":12},"end":{"line":65,"column":31}}]},"3":{"loc":{"start":{"line":65,"column":12},"end":{"line":65,"column":15}},"type":"binary-expr","locations":[{"start":{"line":65,"column":12},"end":{"line":65,"column":15}},{"start":{"line":65,"column":12},"end":{"line":65,"column":15}}]},"4":{"loc":{"start":{"line":85,"column":38},"end":{"line":85,"column":42}},"type":"cond-expr","locations":[{"start":{"line":85,"column":38},"end":{"line":85,"column":42}},{"start":{"line":85,"column":16},"end":{"line":85,"column":42}}]},"5":{"loc":{"start":{"line":85,"column":16},"end":{"line":85,"column":42}},"type":"binary-expr","locations":[{"start":{"line":85,"column":16},"end":{"line":85,"column":42}},{"start":{"line":85,"column":16},"end":{"line":85,"column":42}}]},"6":{"loc":{"start":{"line":87,"column":16},"end":{"line":93,"column":null}},"type":"if","locations":[{"start":{"line":87,"column":16},"end":{"line":93,"column":null}},{"start":{"line":87,"column":16},"end":{"line":93,"column":null}}]},"7":{"loc":{"start":{"line":37,"column":35},"end":{"line":37,"column":39}},"type":"cond-expr","locations":[{"start":{"line":37,"column":35},"end":{"line":37,"column":39}},{"start":{"line":37,"column":39},"end":{"line":37,"column":50}}]},"8":{"loc":{"start":{"line":37,"column":22},"end":{"line":37,"column":39}},"type":"binary-expr","locations":[{"start":{"line":37,"column":22},"end":{"line":37,"column":39}},{"start":{"line":37,"column":35},"end":{"line":37,"column":39}}]},"9":{"loc":{"start":{"line":38,"column":39},"end":{"line":38,"column":43}},"type":"cond-expr","locations":[{"start":{"line":38,"column":39},"end":{"line":38,"column":43}},{"start":{"line":38,"column":43},"end":{"line":38,"column":56}}]},"10":{"loc":{"start":{"line":38,"column":24},"end":{"line":38,"column":43}},"type":"binary-expr","locations":[{"start":{"line":38,"column":24},"end":{"line":38,"column":43}},{"start":{"line":38,"column":39},"end":{"line":38,"column":43}}]},"11":{"loc":{"start":{"line":39,"column":45},"end":{"line":39,"column":49}},"type":"cond-expr","locations":[{"start":{"line":39,"column":45},"end":{"line":39,"column":49}},{"start":{"line":39,"column":49},"end":{"line":39,"column":65}}]},"12":{"loc":{"start":{"line":39,"column":27},"end":{"line":39,"column":49}},"type":"binary-expr","locations":[{"start":{"line":39,"column":27},"end":{"line":39,"column":49}},{"start":{"line":39,"column":45},"end":{"line":39,"column":49}}]}},"s":{"0":1,"1":1,"2":3,"3":3,"4":3,"5":3,"6":3,"7":3,"8":3,"9":3,"10":3,"11":3,"12":3,"13":3,"14":3,"15":1,"16":2,"17":2,"18":2,"19":2,"20":2,"21":2,"22":2,"23":2,"24":2,"25":2,"26":0,"27":0,"28":2,"29":0,"30":0,"31":3,"32":3,"33":3,"34":3,"35":3,"36":3,"37":3,"38":3,"39":3,"40":3,"41":3,"42":3,"43":1},"f":{"0":3,"1":3,"2":2,"3":2,"4":0},"b":{"0":[0],"1":[1,2],"2":[0,2],"3":[2,2],"4":[2,0],"5":[2,2],"6":[0,2],"7":[0,3],"8":[3,3],"9":[0,3],"10":[3,3],"11":[0,3],"12":[3,3]}}
,"C:\\Source\\FutureNHS\\MVCForum.Website\\UI\\assets\\src\\ts\\modules\\ui\\components\\mobileNav\\index.ts": {"path":"C:\\Source\\FutureNHS\\MVCForum.Website\\UI\\assets\\src\\ts\\modules\\ui\\components\\mobileNav\\index.ts","statementMap":{"0":{"start":{"line":1,"column":1},"end":{"line":1,"column":61}},"1":{"start":{"line":17,"column":8},"end":{"line":17,"column":22}},"2":{"start":{"line":8,"column":4},"end":{"line":8,"column":51}},"3":{"start":{"line":9,"column":4},"end":{"line":9,"column":45}},"4":{"start":{"line":19,"column":8},"end":{"line":19,"column":66}},"5":{"start":{"line":20,"column":8},"end":{"line":20,"column":54}},"6":{"start":{"line":22,"column":8},"end":{"line":28,"column":11}},"7":{"start":{"line":24,"column":12},"end":{"line":24,"column":35}},"8":{"start":{"line":26,"column":12},"end":{"line":26,"column":50}},"9":{"start":{"line":30,"column":8},"end":{"line":30,"column":20}},"10":{"start":{"line":6,"column":0},"end":{"line":6,"column":13}}},"fnMap":{"0":{"name":"(anonymous_0)","decl":{"start":{"line":11,"column":4},"end":{"line":11,"column":16}},"loc":{"start":{"line":15,"column":5},"end":{"line":32,"column":5}}},"1":{"name":"(anonymous_1)","decl":{"start":{"line":22,"column":62},"end":{"line":22,"column":63}},"loc":{"start":{"line":22,"column":77},"end":{"line":28,"column":9}}}},"branchMap":{"0":{"loc":{"start":{"line":22,"column":34},"end":{"line":22,"column":36}},"type":"cond-expr","locations":[{"start":{"line":22,"column":34},"end":{"line":22,"column":36}},{"start":{"line":22,"column":34},"end":{"line":28,"column":10}}]},"1":{"loc":{"start":{"line":22,"column":8},"end":{"line":22,"column":36}},"type":"binary-expr","locations":[{"start":{"line":22,"column":8},"end":{"line":22,"column":36}},{"start":{"line":22,"column":34},"end":{"line":22,"column":36}}]}},"s":{"0":1,"1":2,"2":2,"3":2,"4":2,"5":2,"6":2,"7":1,"8":1,"9":2,"10":1},"f":{"0":2,"1":1},"b":{"0":[0,2],"1":[2,2]}}
,"C:\\Source\\FutureNHS\\MVCForum.Website\\UI\\assets\\src\\ts\\modules\\ui\\components\\siteHeaderNav\\index.ts": {"path":"C:\\Source\\FutureNHS\\MVCForum.Website\\UI\\assets\\src\\ts\\modules\\ui\\components\\siteHeaderNav\\index.ts","statementMap":{"0":{"start":{"line":1,"column":1},"end":{"line":1,"column":37}},"1":{"start":{"line":2,"column":0},"end":{"line":2,"column":66}},"2":{"start":{"line":24,"column":8},"end":{"line":24,"column":22}},"3":{"start":{"line":9,"column":4},"end":{"line":9,"column":45}},"4":{"start":{"line":10,"column":4},"end":{"line":10,"column":61}},"5":{"start":{"line":12,"column":4},"end":{"line":12,"column":58}},"6":{"start":{"line":66,"column":12},"end":{"line":105,"column":null}},"7":{"start":{"line":68,"column":34},"end":{"line":68,"column":52}},"8":{"start":{"line":69,"column":35},"end":{"line":69,"column":54}},"9":{"start":{"line":71,"column":8},"end":{"line":71,"column":39}},"10":{"start":{"line":83,"column":8},"end":{"line":97,"column":11}},"11":{"start":{"line":87,"column":12},"end":{"line":95,"column":null}},"12":{"start":{"line":89,"column":16},"end":{"line":89,"column":58}},"13":{"start":{"line":93,"column":16},"end":{"line":93,"column":57}},"14":{"start":{"line":110,"column":12},"end":{"line":114,"column":null}},"15":{"start":{"line":112,"column":8},"end":{"line":112,"column":65}},"16":{"start":{"line":119,"column":12},"end":{"line":123,"column":null}},"17":{"start":{"line":121,"column":8},"end":{"line":121,"column":65}},"18":{"start":{"line":128,"column":12},"end":{"line":146,"column":null}},"19":{"start":{"line":130,"column":8},"end":{"line":144,"column":null}},"20":{"start":{"line":132,"column":12},"end":{"line":135,"column":42}},"21":{"start":{"line":139,"column":12},"end":{"line":142,"column":45}},"22":{"start":{"line":151,"column":12},"end":{"line":170,"column":null}},"23":{"start":{"line":153,"column":8},"end":{"line":168,"column":11}},"24":{"start":{"line":155,"column":12},"end":{"line":166,"column":15}},"25":{"start":{"line":157,"column":42},"end":{"line":157,"column":60}},"26":{"start":{"line":158,"column":40},"end":{"line":158,"column":77}},"27":{"start":{"line":160,"column":16},"end":{"line":164,"column":null}},"28":{"start":{"line":162,"column":20},"end":{"line":162,"column":52}},"29":{"start":{"line":175,"column":12},"end":{"line":195,"column":null}},"30":{"start":{"line":177,"column":8},"end":{"line":193,"column":11}},"31":{"start":{"line":179
[...]
,"C:\\Source\\FutureNHS\\MVCForum.Website\\UI\\assets\\src\\ts\\modules\\utilities\\fetch\\index.ts": {"path":"C:\\Source\\FutureNHS\\MVCForum.Website\\UI\\assets\\src\\ts\\modules\\utilities\\fetch\\index.ts","statementMap":{"0":{"start":{"line":6,"column":31},"end":{"line":46,"column":1}},"1":{"start":{"line":14,"column":64},"end":{"line":14,"column":77}},"2":{"start":{"line":15,"column":31},"end":{"line":15,"column":57}},"3":{"start":{"line":16,"column":25},"end":{"line":16,"column":43}},"4":{"start":{"line":17,"column":22},"end":{"line":17,"column":33}},"5":{"start":{"line":18,"column":32},"end":{"line":18,"column":72}},"6":{"start":{"line":20,"column":29},"end":{"line":24,"column":22}},"7":{"start":{"line":26,"column":4},"end":{"line":30,"column":null}},"8":{"start":{"line":28,"column":8},"end":{"line":28,"column":85}},"9":{"start":{"line":32,"column":36},"end":{"line":36,"column":6}},"10":{"start":{"line":38,"column":4},"end":{"line":42,"column":null}},"11":{"start":{"line":40,"column":8},"end":{"line":40,"column":46}},"12":{"start":{"line":44,"column":4},"end":{"line":44,"column":21}},"13":{"start":{"line":6,"column":13},"end":{"line":6,"column":31}},"14":{"start":{"line":51,"column":32},"end":{"line":77,"column":1}},"15":{"start":{"line":59,"column":38},"end":{"line":59,"column":44}},"16":{"start":{"line":60,"column":23},"end":{"line":60,"column":58}},"17":{"start":{"line":62,"column":4},"end":{"line":75,"column":7}},"18":{"start":{"line":65,"column":12},"end":{"line":69,"column":null}},"19":{"start":{"line":67,"column":16},"end":{"line":67,"column":78}},"20":{"start":{"line":71,"column":12},"end":{"line":71,"column":28}},"21":{"start":{"line":74,"column":35},"end":{"line":74,"column":104}},"22":{"start":{"line":74,"column":52},"end":{"line":74,"column":94}},"23":{"start":{"line":51,"column":13},"end":{"line":51,"column":32}},"24":{"start":{"line":82,"column":25},"end":{"line":126,"column":1}},"25":{"start":{"line":89,"column":34},"end":{"line":89,"column":40}},"26":{"start":{"line":91,"column":4},"end":{"line":124,"column":11}},"27":{"start":{"line":97,"column":12},"end":{"line":122,"column":15}},"28":{"start":{"line":99,"column":16},"end":{"line":101,"column":null}},"29":{"start":{"line":100,"column":20},"end":{"line":100,"column":32}},"30":{"start":{"line":103,"column":16},"end":{"line":106,"column":null}},"31":{"start":{"line":105,"column":20},"end":{"line":105,"column":32}},"32":{"start":{"line":108,"column":45},"end":{"line":108,"column":47}},"33":{"start":{"line":110,"column":16},"end":{"line":118,"column":null}},"34":{"start":{"line":112,"column":20},"end":{"line":112,"column":54}},"35":{"start":{"line":116,"column":20},"end":{"line":116,"column":42}},"36":{"start":{"line":120,"column":16},"end":{"line":120,"column":38}},"37":{"start":{"line":82,"column":13},"end":{"line":82,"column":25}},"38":{"start":{"line":131,"column":37},"end":{"line":143,"column":1}},"39":{"start":{"line":133,"column":4},"end":{"line":137,"column":null}},"40":{"start":{"line":135,"column":8},"end":{"line":135,"column":25}},"41":{"start":{"line":139,"column":26},"end":{"line":139,"column":61}},"42":{"start":{"line":141,"column":4},"end":{"line":141,"column":19}},"43":{"start":{"line":131,"column":13},"end":{"line":131,"column":37}},"44":{"start":{"line":146,"column":0},"end":{"line":151,"column":2}}},"fnMap":{"0":{"name":"(anonymous_0)","decl":{"start":{"line":6,"column":31},"end":{"line":6,"column":32}},"loc":{"start":{"line":12,"column":19},"end":{"line":46,"column":1}}},"1":{"name":"(anonymous_1)","decl":{"start":{"line":51,"column":32},"end":{"line":51,"column":33}},"loc":{"start":{"line":57,"column":19},"end":{"line":77,"column":1}}},"2":{"name":"(anonymous_2)","decl":{"start":{"line":63,"column":33},"end":{"line":63,"column":34}},"loc":{"start":{"line":63,"column":51},"end":{"line":73,"column":9}}},"3":{"name":"(anonymous_3)","decl":{"start":{"line":74,"column":20},"end":{"line":74,"column":21}},"loc":{"start":{"line":74,"column":35},"end":{"line":74,"column":104}}},"4":{"name":"(anonymous_4)","decl":{"start":{"line":74,"column":46},"end":{"line":74,"column":49}},"loc":{"start":{"line":74,"column":52},"end":{"line":74,"column":94}}},"5":{"name":"(anonymous_5)","decl":{"start":{"line":82,"column":25},"end":{"line":82,"column":26}},"loc":{"start":{"line":87,"column":19},"end":{"line":126,"column":1}}},"6":{"name":"(anonymous_6)","decl":{"start":{"line":92,"column":14},"end":{"line":92,"column":15}},"loc":{"start":{"line":92,"column":32},"end":{"line":124,"column":9}}},"7":{"name":"(anonymous_7)","decl":{"start":{"line":97,"column":40},"end":{"line":97,"column":41}},"loc":{"start":{"line":97,"column":57},"end":{"line":122,"column":13}}},"8":{"name":"(anonymous_8)","decl":{"start":{"line":131,"column":37},"end":{"line":131,"column":38}},"loc":{"start":{"line":131,"column":62},"end":{"line":143,"column":1}}}},"branchMap":{"0":{"loc":{"start":{"line":15,"column":51},"end":{"line":15,"column":55}},"type":"cond-expr","locations":[{"start":{"line":15,"column":51},"end":{"line":15,"column":55}},{"start":{"line":15,"column":55},"end":{"line":15,"column":57}}]},"1":{"loc":{"start":{"line":15,"column":31},"end":{"line":15,"column":55}},"type":"binary-expr","locations":[{"start":{"line":15,"column":31},"end":{"line":15,"column":55}},{"start":{"line":15,"column":51},"end":{"line":15,"column":55}}]},"2":{"loc":{"start":{"line":16,"column":36},"end":{"line":16,"column":40}},"type":"cond-expr","locations":[{"start":{"line":16,"column":36},"end":{"line":16,"column":40}},{"start":{"line":16,"column":40},"end":{"line":16,"column":43}}]},"3":{"loc":{"start":{"line":16,"column":25},"end":{"line":16,"column":40}},"type":"binary-expr","locations":[{"start":{"line":16,"column":25},"end":{"line":16,"column":40}},{"start":{"line":16,"column":36},"end":{"line":16,"column":40}}]},"4":{"loc":{"start":{"line":18,"column":50},"end":{"line":18,"column":54}},"type":"cond-expr","locations":[{"start":{"line":18,"column":50},"end":{"line":18,"column":54}},{"start":{"line":18,"column":54},"end":{"line":18,"column":72}}]},"5":{"loc":{"start":{"line":18,"column":32},"end":{"line":18,"column":54}},"type":"binary-expr","locations":[{"start":{"line":18,"column":32},"end":{"line":18,"column":54}},{"start":{"line":18,"column":50},"end":{"line":18,"column":54}}]},"6":{"loc":{"start":{"line":26,"column":4},"end":{"line":30,"column":null}},"type":"if","locations":[{"start":{"line":26,"column":4},"end":{"line":30,"column":null}},{"start":{"line":26,"column":4},"end":{"line":30,"column":null}}]},"7":{"loc":{"start":{"line":38,"column":4},"end":{"line":42,"column":null}},"type":"if","locations":[{"start":{"line":38,"column":4},"end":{"line":42,"column":null}},{"start":{"line":38,"column":4},"end":{"line":42,"column":null}}]},"8":{"loc":{"start":{"line":38,"column":8},"end":{"line":38,"column":12}},"type":"binary-expr","locations":[{"start":{"line":38,"column":8},"end":{"line":38,"column":12}},{"start":{"line":38,"column":16},"end":{"line":38,"column":32}}]},"9":{"loc":{"start":{"line":60,"column":42},"end":{"line":60,"column":46}},"type":"cond-expr","locations":[{"start":{"line":60,"column":42},"end":{"line":60,"column":46}},{"start":{"line":60,"column":46},"end":{"line":60,"column":58}}]},"10":{"loc":{"start":{"line":60,"column":23},"end":{"line":60,"column":46}},"type":"binary-expr","locations":[{"start":{"line":60,"column":23},"end":{"line":60,"column":46}},{"start":{"line":60,"column":42},"end":{"line":60,"column":46}}]},"11":{"loc":{"start":{"line":60,"column":35},"end":{"line":60,"column":37}},"type":"cond-expr","locations":[{"start":{"line":60,"column":35},"end":{"line":60,"column":37}},{"start":{"line":60,"column":23},"end":{"line":60,"column":42}}]},"12":{"loc":{"start":{"line":60,"column":23},"end":{"line":60,"column":37}},"type":"binary-expr","locations":[{"start":{"line":60,"column":23},"end":{"line":60,"column":37}},{"start":{"line":60,"column":23},"end":{"line":60,"column":37}}]},"13":{"loc":{"start":{"line":65,"column":12},"end":{"line":69,"column":null}},"type":"if","locations":[{"start":{"line":65,"column":12},"end":{"line":69,"column":null}},{"start":{"line":65,"column":12},"end":{"line":69,"column":null}}]},"14":{"loc":{"start":{"line":99,"column":16},"end":{"line":101,"column":null}},"type":"if","locations":[{"start":{"line":99,"column":16},"end":{"line":101,"column":null}},{"start":{"line":99,"column":16},"end":{"line":101,"column":null}}]},"15":{"loc":{"start":{"line":103,"column":16},"end":{"line":106,"column":null}},"type":"if","locations":[{"start":{"line":103,"column":16},"end":{"line":106,"column":null}},{"start":{"line":103,"column":16},"end":{"line":106,"column":null}}]},"16":{"loc":{"start":{"line":133,"column":4},"end":{"line":137,"column":null}},"type":"if","locations":[{"start":{"line":133,"column":4},"end":{"line":137,"column":null}},{"start":{"line":133,"column":4},"end":{"line":137,"column":null}}]},"17":{"loc":{"start":{"line":139,"column":26},"end":{"line":139,"column":39}},"type":"binary-expr","locations":[{"start":{"line":139,"column":26},"end":{"line":139,"column":39}},{"start":{"line":139,"column":43},"end":{"line":139,"column":61}}]}},"s":{"0":5,"1":13,"2":13,"3":13,"4":13,"5":13,"6":13,"7":13,"8":5,"9":13,"10":13,"11":3,"12":13,"13":5,"14":5,"15":10,"16":10,"17":10,"18":7,"19":1,"20":6,"21":10,"22":0,"23":5,"24":5,"25":7,"26":7,"27":6,"28":6,"29":3,"30":3,"31":0,"32":3,"33":3,"34":3,"35":2,"36":3,"37":5,"38":5,"39":3,"40":1,"41":2,"42":2,"43":5,"44":5},"f":{"0":13,"1":10,"2":7,"3":10,"4":0,"5":7,"6":6,"7":6,"8":3},"b":{"0":[3,10],"1":[13,13],"2":[1,12],"3":[13,13],"4":[3,10],"5":[13,13],"6":[5,8],"7":[3,10],"8":[13,4],"9":[3,7],"10":[10,10],"11":[7,3],"12":[10,10],"13":[1,6],"14":[3,3],"15":[0,3],"16":[1,2],"17":[2,1]}}
,"C:\\Source\\FutureNHS\\MVCForum.Website\\UI\\assets\\src\\ts\\modules\\utilities\\gtmDataLayer\\index.ts": {"path":"C:\\Source\\FutureNHS\\MVCForum.Website\\UI\\assets\\src\\ts\\modules\\utilities\\gtmDataLayer\\index.ts","statementMap":{"0":{"start":{"line":4,"column":47},"end":{"line":38,"column":1}},"1":{"start":{"line":6,"column":4},"end":{"line":10,"column":null}},"2":{"start":{"line":8,"column":8},"end":{"line":8,"column":78}},"3":{"start":{"line":12,"column":4},"end":{"line":16,"column":null}},"4":{"start":{"line":14,"column":8},"end":{"line":14,"column":70}},"5":{"start":{"line":18,"column":4},"end":{"line":18,"column":55}},"6":{"start":{"line":20,"column":23},"end":{"line":22,"column":6}},"7":{"start":{"line":24,"column":4},"end":{"line":28,"column":null}},"8":{"start":{"line":26,"column":8},"end":{"line":26,"column":27}},"9":{"start":{"line":30,"column":4},"end":{"line":34,"column":null}},"10":{"start":{"line":32,"column":8},"end":{"line":32,"column":47}},"11":{"start":{"line":36,"column":4},"end":{"line":36,"column":35}},"12":{"start":{"line":4,"column":13},"end":{"line":4,"column":47}}},"fnMap":{"0":{"name":"(anonymous_0)","decl":{"start":{"line":4,"column":47},"end":{"line":4,"column":48}},"loc":{"start":{"line":4,"column":99},"end":{"line":38,"column":1}}}},"branchMap":{"0":{"loc":{"start":{"line":6,"column":4},"end":{"line":10,"column":null}},"type":"if","locations":[{"start":{"line":6,"column":4},"end":{"line":10,"column":null}},{"start":{"line":6,"column":4},"end":{"line":10,"column":null}}]},"1":{"loc":{"start":{"line":12,"column":4},"end":{"line":16,"column":null}},"type":"if","locations":[{"start":{"line":12,"column":4},"end":{"line":16,"column":null}},{"start":{"line":12,"column":4},"end":{"line":16,"column":null}}]},"2":{"loc":{"start":{"line":18,"column":24},"end":{"line":18,"column":48}},"type":"binary-expr","locations":[{"start":{"line":18,"column":24},"end":{"line":18,"column":48}},{"start":{"line":18,"column":52},"end":{"line":18,"column":54}}]},"3":{"loc":{"start":{"line":24,"column":4},"end":{"line":28,"column":null}},"type":"if","locations":[{"start":{"line":24,"column":4},"end":{"line":28,"column":null}},{"start":{"line":24,"column":4},"end":{"line":28,"column":null}}]},"4":{"loc":{"start":{"line":30,"column":4},"end":{"line":34,"column":null}},"type":"if","locations":[{"start":{"line":30,"column":4},"end":{"line":34,"column":null}},{"start":{"line":30,"column":4},"end":{"line":34,"column":null}}]},"5":{"loc":{"start":{"line":30,"column":7},"end":{"line":30,"column":11}},"type":"binary-expr","locations":[{"start":{"line":30,"column":7},"end":{"line":30,"column":11}},{"start":{"line":30,"column":15},"end":{"line":30,"column":39}}]}},"s":{"0":1,"1":6,"2":1,"3":5,"4":1,"5":4,"6":4,"7":4,"8":3,"9":4,"10":1,"11":4,"12":1},"f":{"0":6},"b":{"0":[1,5],"1":[1,4],"2":[4,1],"3":[3,1],"4":[1,3],"5":[4,1]}}
,"C:\\Source\\FutureNHS\\MVCForum.Website\\UI\\assets\\src\\ts\\modules\\utilities\\routing\\index.ts": {"path":"C:\\Source\\FutureNHS\\MVCForum.Website\\UI\\assets\\src\\ts\\modules\\utilities\\routing\\index.ts","statementMap":{"0":{"start":{"line":4,"column":51},"end":{"line":30,"column":1}},"1":{"start":{"line":6,"column":4},"end":{"line":10,"column":null}},"2":{"start":{"line":8,"column":8},"end":{"line":8,"column":null}},"3":{"start":{"line":12,"column":24},"end":{"line":26,"column":20}},"4":{"start":{"line":15,"column":31},"end":{"line":15,"column":46}},"5":{"start":{"line":18,"column":33},"end":{"line":18,"column":61}},"6":{"start":{"line":20,"column":12},"end":{"line":24,"column":null}},"7":{"start":{"line":22,"column":16},"end":{"line":22,"column":null}},"8":{"start":{"line":28,"column":4},"end":{"line":28,"column":18}},"9":{"start":{"line":4,"column":13},"end":{"line":4,"column":51}},"10":{"start":{"line":35,"column":51},"end":{"line":62,"column":1}},"11":{"start":{"line":37,"column":30},"end":{"line":37,"column":32}},"12":{"start":{"line":39,"column":4},"end":{"line":43,"column":null}},"13":{"start":{"line":41,"column":8},"end":{"line":41,"column":27}},"14":{"start":{"line":45,"column":4},"end":{"line":58,"column":7}},"15":{"start":{"line":47,"column":31},"end":{"line":47,"column":54}},"16":{"start":{"line":48,"column":25},"end":{"line":48,"column":36}},"17":{"start":{"line":50,"column":8},"end":{"line":54,"column":null}},"18":{"start":{"line":52,"column":12},"end":{"line":52,"column":23}},"19":{"start":{"line":56,"column":8},"end":{"line":56,"column":50}},"20":{"start":{"line":60,"column":4},"end":{"line":60,"column":23}},"21":{"start":{"line":35,"column":13},"end":{"line":35,"column":51}},"22":{"start":{"line":67,"column":31},"end":{"line":71,"column":1}},"23":{"start":{"line":69,"column":4},"end":{"line":69,"column":24}},"24":{"start":{"line":67,"column":14},"end":{"line":67,"column":31}}},"fnMap":{"0":{"name":"(anonymous_0)","decl":{"start":{"line":4,"column":51},"end":{"line":4,"column":52}},"loc":{"start":{"line":4,"column":78},"end":{"line":30,"column":1}}},"1":{"name":"(anonymous_1)","decl":{"start":{"line":15,"column":13},"end":{"line":15,"column":14}},"loc":{"start":{"line":15,"column":31},"end":{"line":15,"column":46}}},"2":{"name":"(anonymous_2)","decl":{"start":{"line":16,"column":16},"end":{"line":16,"column":17}},"loc":{"start":{"line":16,"column":40},"end":{"line":26,"column":9}}},"3":{"name":"(anonymous_3)","decl":{"start":{"line":35,"column":51},"end":{"line":35,"column":52}},"loc":{"start":{"line":35,"column":75},"end":{"line":62,"column":1}}},"4":{"name":"(anonymous_4)","decl":{"start":{"line":45,"column":32},"end":{"line":45,"column":33}},"loc":{"start":{"line":45,"column":63},"end":{"line":58,"column":5}}},"5":{"name":"(anonymous_5)","decl":{"start":{"line":67,"column":31},"end":{"line":67,"column":32}},"loc":{"start":{"line":67,"column":58},"end":{"line":71,"column":1}}}},"branchMap":{"0":{"loc":{"start":{"line":6,"column":4},"end":{"line":10,"column":null}},"type":"if","locations":[{"start":{"line":6,"column":4},"end":{"line":10,"column":null}},{"start":{"line":6,"column":4},"end":{"line":10,"column":null}}]},"1":{"loc":{"start":{"line":6,"column":7},"end":{"line":6,"column":14}},"type":"binary-expr","locations":[{"start":{"line":6,"column":7},"end":{"line":6,"column":14}},{"start":{"line":6,"column":18},"end":{"line":6,"column":44}},{"start":{"line":6,"column":48},"end":{"line":6,"column":62}}]},"2":{"loc":{"start":{"line":12,"column":24},"end":{"line":26,"column":14}},"type":"binary-expr","locations":[{"start":{"line":12,"column":24},"end":{"line":26,"column":14}},{"start":{"line":26,"column":18},"end":{"line":26,"column":20}}]},"3":{"loc":{"start":{"line":20,"column":12},"end":{"line":24,"column":null}},"type":"if","locations":[{"start":{"line":20,"column":12},"end":{"line":24,"column":null}},{"start":{"line":20,"column":12},"end":{"line":24,"column":null}}]},"4":{"loc":{"start":{"line":39,"column":4},"end":{"line":43,"column":null}},"type":"if","locations":[{"start":{"line":39,"column":4},"end":{"line":43,"column":null}},{"start":{"line":39,"column":4},"end":{"line":43,"column":null}}]},"5":{"loc":{"start":{"line":39,"column":7},"end":{"line":39,"column":14}},"type":"binary-expr","locations":[{"start":{"line":39,"column":7},"end":{"line":39,"column":14}},{"start":{"line":39,"column":18},"end":{"line":39,"column":44}},{"start":{"line":39,"column":48},"end":{"line":39,"column":80}}]},"6":{"loc":{"start":{"line":47,"column":45},"end":{"line":47,"column":48}},"type":"cond-expr","locations":[{"start":{"line":47,"column":45},"end":{"line":47,"column":48}},{"start":{"line":47,"column":51},"end":{"line":47,"column":54}}]},"7":{"loc":{"start":{"line":50,"column":8},"end":{"line":54,"column":null}},"type":"if","locations":[{"start":{"line":50,"column":8},"end":{"line":54,"column":null}},{"start":{"line":50,"column":8},"end":{"line":54,"column":null}}]}},"s":{"0":1,"1":2,"2":1,"3":1,"4":2,"5":2,"6":2,"7":2,"8":1,"9":1,"10":1,"11":3,"12":3,"13":2,"14":1,"15":2,"16":2,"17":2,"18":1,"19":2,"20":1,"21":1,"22":1,"23":1,"24":1},"f":{"0":2,"1":2,"2":2,"3":3,"4":2,"5":1},"b":{"0":[1,1],"1":[2,1,1],"2":[1,0],"3":[2,0],"4":[2,1],"5":[3,2,2],"6":[1,1],"7":[1,1]}}
,"C:\\Source\\FutureNHS\\MVCForum.Website\\UI\\assets\\src\\ts\\modules\\utilities\\sw\\index.ts": {"path":"C:\\Source\\FutureNHS\\MVCForum.Website\\UI\\assets\\src\\ts\\modules\\utilities\\sw\\index.ts","statementMap":{"0":{"start":{"line":4,"column":47},"end":{"line":26,"column":1}},"1":{"start":{"line":6,"column":4},"end":{"line":24,"column":null}},"2":{"start":{"line":8,"column":8},"end":{"line":22,"column":11}},"3":{"start":{"line":20,"column":12},"end":{"line":20,"column":76}},"4":{"start":{"line":4,"column":13},"end":{"line":4,"column":47}}},"fnMap":{"0":{"name":"(anonymous_0)","decl":{"start":{"line":4,"column":47},"end":{"line":4,"column":56}},"loc":{"start":{"line":4,"column":58},"end":{"line":26,"column":1}}},"1":{"name":"(anonymous_1)","decl":{"start":{"line":11,"column":14},"end":{"line":11,"column":17}},"loc":{"start":{"line":11,"column":19},"end":{"line":17,"column":9}}},"2":{"name":"(anonymous_2)","decl":{"start":{"line":18,"column":15},"end":{"line":18,"column":16}},"loc":{"start":{"line":18,"column":25},"end":{"line":22,"column":9}}}},"branchMap":{"0":{"loc":{"start":{"line":6,"column":4},"end":{"line":24,"column":null}},"type":"if","locations":[{"start":{"line":6,"column":4},"end":{"line":24,"column":null}},{"start":{"line":6,"column":4},"end":{"line":24,"column":null}}]}},"s":{"0":0,"1":0,"2":0,"3":0,"4":0},"f":{"0":0,"1":0,"2":0},"b":{"0":[0,0]}}
}
