<?xml version="1.0" encoding="UTF-8"?>
<testsuites name="Jest tests" tests="71" failures="0" errors="0" time="25.343">
  <testsuite name="Generic dialog" errors="0" failures="0" skipped="0" timestamp="2021-10-29T15:27:59" time="12.203" tests="2">
    <testcase classname="Generic dialog Cancelling dialog and preventing the default behaviour" name="Generic dialog Cancelling dialog and preventing the default behaviour" time="0.042">
    </testcase>
    <testcase classname="Generic dialog Triggers the expected behaviour if the dialog has been confirmed" name="Generic dialog Triggers the expected behaviour if the dialog has been confirmed" time="0.011">
    </testcase>
  </testsuite>
  <testsuite name="CSS helpers: hasPrefersReducedMotionEnabled" errors="0" failures="0" skipped="0" timestamp="2021-10-29T15:27:58" time="12.357" tests="4">
    <testcase classname="CSS helpers: hasPrefersReducedMotionEnabled Correctly returns whether the user has enabled prefersReducedMotion" name="CSS helpers: hasPrefersReducedMotionEnabled Correctly returns whether the user has enabled prefersReducedMotion" time="0.008">
    </testcase>
    <testcase classname="CSS helpers: isSmoothScrollSupported Correctly returns whether the browser supports smoothScroll" name="CSS helpers: isSmoothScrollSupported Correctly returns whether the browser supports smoothScroll" time="0.008">
    </testcase>
    <testcase classname="CSS helpers: fancyScrollTo Conditionally uses smoothScroll when supported and the user does not have prefersReducedMotion enabled" name="CSS helpers: fancyScrollTo Conditionally uses smoothScroll when supported and the user does not have prefersReducedMotion enabled" time="0.003">
    </testcase>
    <testcase classname="CSS helpers: lockPageScroll Conditionally sets the document style when the page is locked from scrolling" name="CSS helpers: lockPageScroll Conditionally sets the document style when the page is locked from scrolling" time="0.11">
    </testcase>
  </testsuite>
  <testsuite name="Ajax form" errors="0" failures="0" skipped="0" timestamp="2021-10-29T15:27:59" time="12.407" tests="5">
    <testcase classname="Ajax form Binds successfully" name="Ajax form Binds successfully" time="0.017">
    </testcase>
    <testcase classname="Ajax form Creates a fetch call config and makes a fetch call correctly when the form is valid" name="Ajax form Creates a fetch call config and makes a fetch call correctly when the form is valid" time="0.029">
    </testcase>
    <testcase classname="Ajax form Emits an event on form subission success" name="Ajax form Emits an event on form subission success" time="0.023">
    </testcase>
    <testcase classname="Ajax form Emits an event on form subission error" name="Ajax form Emits an event on form subission error" time="0.034">
    </testcase>
    <testcase classname="Ajax form Does nothing when the form is not valid" name="Ajax form Does nothing when the form is not valid" time="0.011">
    </testcase>
  </testsuite>
  <testsuite name="Create topic" errors="0" failures="0" skipped="0" timestamp="2021-10-29T15:27:59" time="12.606" tests="3">
    <testcase classname="Create topic Get related questions - on input foucs out fetch data" name="Create topic Get related questions - on input foucs out fetch data" time="0.037">
    </testcase>
    <testcase classname="Create topic Choose group - show/hide elements based on selected group permission" name="Create topic Choose group - show/hide elements based on selected group permission" time="0.023">
    </testcase>
    <testcase classname="Create topic Polls - create/remove poll, add/remove answers to created poll" name="Create topic Polls - create/remove poll, add/remove answers to created poll" time="0.054">
    </testcase>
  </testsuite>
  <testsuite name="Topic post" errors="0" failures="0" skipped="0" timestamp="2021-10-29T15:27:59" time="12.569" tests="6">
    <testcase classname="Topic post Vote in poll" name="Topic post Vote in poll" time="0.074">
    </testcase>
    <testcase classname="Topic post Get all likes" name="Topic post Get all likes" time="0.019">
    </testcase>
    <testcase classname="Topic post Display file uploader" name="Topic post Display file uploader" time="0.027">
    </testcase>
    <testcase classname="Topic post Show post options" name="Topic post Show post options" time="0.02">
    </testcase>
    <testcase classname="Topic post Select poll answer" name="Topic post Select poll answer" time="0.024">
    </testcase>
    <testcase classname="Topic post Display loading attachments" name="Topic post Display loading attachments" time="0.016">
    </testcase>
  </testsuite>
  <testsuite name="UI Component Base" errors="0" failures="0" skipped="0" timestamp="2021-10-29T15:28:11" time="0.717" tests="2">
    <testcase classname="UI Component Base Binds successfully" name="UI Component Base Binds successfully" time="0.006">
    </testcase>
    <testcase classname="UI Component Base Creates breakpoints object from scss import" name="UI Component Base Creates breakpoints object from scss import" time="0.003">
    </testcase>
  </testsuite>
  <testsuite name="Load more button" errors="0" failures="0" skipped="0" timestamp="2021-10-29T15:27:59" time="13.175" tests="3">
    <testcase classname="Load more button Hides the button when there are no more posts to fetch" name="Load more button Hides the button when there are no more posts to fetch" time="0.013">
    </testcase>
    <testcase classname="Load more button Appends HTML response to target" name="Load more button Appends HTML response to target" time="0.538">
    </testcase>
    <testcase classname="Load more button Fetch data from given url" name="Load more button Fetch data from given url" time="0.518">
    </testcase>
  </testsuite>
  <testsuite name="Tags input" errors="0" failures="0" skipped="0" timestamp="2021-10-29T15:28:11" time="0.736" tests="2">
    <testcase classname="Tags input Binds and inits tags successfully" name="Tags input Binds and inits tags successfully" time="0.008">
    </testcase>
    <testcase classname="Tags input Binds additional input tags config " name="Tags input Binds additional input tags config " time="0.003">
    </testcase>
  </testsuite>
  <testsuite name="Routing helpers: getObjectFromSearchParams" errors="0" failures="0" skipped="0" timestamp="2021-10-29T15:28:11" time="1.153" tests="5">
    <testcase classname="Routing helpers: getObjectFromSearchParams Returns any empty object for when given empty parameters" name="Routing helpers: getObjectFromSearchParams Returns any empty object for when given empty parameters" time="0.005">
    </testcase>
    <testcase classname="Routing helpers: getObjectFromSearchParams Returns the correct object for given search parameters" name="Routing helpers: getObjectFromSearchParams Returns the correct object for given search parameters" time="0.001">
    </testcase>
    <testcase classname="Routing helpers: getSearchParamsFromObject Returns any empty string when given a falsey object" name="Routing helpers: getSearchParamsFromObject Returns any empty string when given a falsey object" time="0.002">
    </testcase>
    <testcase classname="Routing helpers: getSearchParamsFromObject Returns the correct search string for given object" name="Routing helpers: getSearchParamsFromObject Returns the correct search string for given object" time="0.001">
    </testcase>
    <testcase classname="Routing helpers: ping Calls getJson with the given endpoint" name="Routing helpers: ping Calls getJson with the given endpoint" time="0.425">
    </testcase>
  </testsuite>
  <testsuite name="Mobile nav" errors="0" failures="0" skipped="0" timestamp="2021-10-29T15:27:59" time="14.852" tests="2">
    <testcase classname="Mobile nav Binds successfully" name="Mobile nav Binds successfully" time="0.017">
    </testcase>
    <testcase classname="Mobile nav Calls slideToggle on content on button click" name="Mobile nav Calls slideToggle on content on button click" time="0.007">
    </testcase>
  </testsuite>
  <testsuite name="Language switcher" errors="0" failures="0" skipped="0" timestamp="2021-10-29T15:27:59" time="15.036" tests="4">
    <testcase classname="Language switcher Binds successfully" name="Language switcher Binds successfully" time="0.014">
    </testcase>
    <testcase classname="Language switcher Creates a fetch call config and makes a fetch call correctly when the select is changed" name="Language switcher Creates a fetch call config and makes a fetch call correctly when the select is changed" time="0.009">
    </testcase>
    <testcase classname="Language switcher Emits an event on language change success" name="Language switcher Emits an event on language change success" time="0.022">
    </testcase>
    <testcase classname="Language switcher Emits an event on language change error" name="Language switcher Emits an event on language change error" time="0.014">
    </testcase>
  </testsuite>
  <testsuite name="TinyMCE" errors="0" failures="0" skipped="0" timestamp="2021-10-29T15:27:59" time="15.124" tests="2">
    <testcase classname="TinyMCE Binds successfully and displays error when validation criteria is not met" name="TinyMCE Binds successfully and displays error when validation criteria is not met" time="0.019">
    </testcase>
    <testcase classname="TinyMCE Test clear button" name="TinyMCE Test clear button" time="0.009">
    </testcase>
  </testsuite>
  <testsuite name="Input component" errors="0" failures="0" skipped="0" timestamp="2021-10-29T15:27:59" time="15.039" tests="1">
    <testcase classname="Input component Binds successfully and displays error when validation criteria is not met" name="Input component Binds successfully and displays error when validation criteria is not met" time="0.016">
    </testcase>
  </testsuite>
  <testsuite name="Admin Dashboard" errors="0" failures="0" skipped="0" timestamp="2021-10-29T15:27:59" time="15.223" tests="1">
    <testcase classname="Admin Dashboard fetches APIs and gets the expected HTML response" name="Admin Dashboard fetches APIs and gets the expected HTML response" time="0.019">
    </testcase>
  </testsuite>
  <testsuite name="Details" errors="0" failures="0" skipped="0" timestamp="2021-10-29T15:27:59" time="15.121" tests="3">
    <testcase classname="Details Binds successfully" name="Details Binds successfully" time="0.02">
    </testcase>
    <testcase classname="Details Sets correct icon on init when detail is closed" name="Details Sets correct icon on init when detail is closed" time="0.008">
    </testcase>
    <testcase classname="Details Sets correct icon on init when detail is open" name="Details Sets correct icon on init when detail is open" time="0.006">
    </testcase>
  </testsuite>
  <testsuite name="GTM data layer helper" errors="0" failures="0" skipped="0" timestamp="2021-10-29T15:27:59" time="15.175" tests="6">
    <testcase classname="GTM data layer helper Throws if the event name is not provided" name="GTM data layer helper Throws if the event name is not provided" time="0.017">
    </testcase>
    <testcase classname="GTM data layer helper Throws if the event id is not provided" name="GTM data layer helper Throws if the event id is not provided" time="0.001">
    </testcase>
    <testcase classname="GTM data layer helper Creates an empty dataLayer of it doesn&apos;t already exist" name="GTM data layer helper Creates an empty dataLayer of it doesn&apos;t already exist" time="0.003">
    </testcase>
    <testcase classname="GTM data layer helper Pushes an event to the data layer" name="GTM data layer helper Pushes an event to the data layer" time="0.001">
    </testcase>
    <testcase classname="GTM data layer helper Omits the id from the event if not supplied" name="GTM data layer helper Omits the id from the event if not supplied" time="0.001">
    </testcase>
    <testcase classname="GTM data layer helper Pushes an event to the data layer with optional meta data" name="GTM data layer helper Pushes an event to the data layer with optional meta data" time="0.002">
    </testcase>
  </testsuite>
  <testsuite name="Fetch helpers: setFetchOptions" errors="0" failures="0" skipped="0" timestamp="2021-10-29T15:27:59" time="15.526" tests="15">
    <testcase classname="Fetch helpers: setFetchOptions Should append an idempotency key if the http method is not GET" name="Fetch helpers: setFetchOptions Should append an idempotency key if the http method is not GET" time="0.005">
    </testcase>
    <testcase classname="Fetch helpers: setFetchOptions Should set a custom content type header if provided" name="Fetch helpers: setFetchOptions Should set a custom content type header if provided" time="0.002">
    </testcase>
    <testcase classname="Fetch helpers: setFetchOptions Should set a custom header if provided" name="Fetch helpers: setFetchOptions Should set a custom header if provided" time="0.001">
    </testcase>
    <testcase classname="Fetch helpers: setFetchOptions Should set a custom etag if provided" name="Fetch helpers: setFetchOptions Should set a custom etag if provided" time="0">
    </testcase>
    <testcase classname="Fetch helpers: setFetchOptions Should add a body if provided and the http method is not GET" name="Fetch helpers: setFetchOptions Should add a body if provided and the http method is not GET" time="0.001">
    </testcase>
    <testcase classname="Fetch helpers: fetchWithTimeOut Should return the correct data from a mocked api response" name="Fetch helpers: fetchWithTimeOut Should return the correct data from a mocked api response" time="0.002">
    </testcase>
    <testcase classname="Fetch helpers: fetchWithTimeOut Should conditionally reject on timeout" name="Fetch helpers: fetchWithTimeOut Should conditionally reject on timeout" time="0.001">
    </testcase>
    <testcase classname="Fetch helpers: fetchData Should return the correct data from a mocked api response" name="Fetch helpers: fetchData Should return the correct data from a mocked api response" time="0.004">
    </testcase>
    <testcase classname="Fetch helpers: fetchData Should return null if the response is empty" name="Fetch helpers: fetchData Should return null if the response is empty" time="0">
    </testcase>
    <testcase classname="Fetch helpers: fetchData Should return null if the json response is invalid" name="Fetch helpers: fetchData Should return null if the json response is invalid" time="0.001">
    </testcase>
    <testcase classname="Fetch helpers: fetchData Should return html given the appropriate request header" name="Fetch helpers: fetchData Should return html given the appropriate request header" time="0">
    </testcase>
    <testcase classname="Fetch helpers: fetchData Should return an error from a mocked api response" name="Fetch helpers: fetchData Should return an error from a mocked api response" time="0.001">
    </testcase>
    <testcase classname="Fetch helpers: getErrorMessageString Should return the message from a passed in error object" name="Fetch helpers: getErrorMessageString Should return the message from a passed in error object" time="0">
    </testcase>
    <testcase classname="Fetch helpers: getErrorMessageString Should return a generic message if the passed in error object is missing a message" name="Fetch helpers: getErrorMessageString Should return a generic message if the passed in error object is missing a message" time="0">
    </testcase>
    <testcase classname="Fetch helpers: getErrorMessageString Should return undefined if no error is present" name="Fetch helpers: getErrorMessageString Should return undefined if no error is present" time="0">
    </testcase>
  </testsuite>
  <testsuite name="Toast" errors="0" failures="0" skipped="0" timestamp="2021-10-29T15:27:59" time="15.809" tests="5">
    <testcase classname="Toast Binds successfully" name="Toast Binds successfully" time="0.01">
    </testcase>
    <testcase classname="Toast Shows nothing on init by default" name="Toast Shows nothing on init by default" time="0.006">
    </testcase>
    <testcase classname="Toast Shows toast on init when provided with content in config" name="Toast Shows toast on init when provided with content in config" time="0.068">
    </testcase>
    <testcase classname="Toast Shows the expected content inside the toast when provided with content in config and when set via public method" name="Toast Shows the expected content inside the toast when provided with content in config and when set via public method" time="0.019">
    </testcase>
    <testcase classname="Toast Hides toast after the prescribed timeout" name="Toast Hides toast after the prescribed timeout" time="0.526">
    </testcase>
  </testsuite>
</testsuites>