TN:
SF:MVCForum.Website\UI\assets\src\ts\modules\ui\componentBase\index.ts
FN:16,(anonymous_0)
FNF:1
FNH:1
FNDA:50,(anonymous_0)
DA:1,14
DA:3,14
DA:5,14
DA:10,14
DA:12,50
DA:23,50
DA:25,50
DA:27,0
DA:29,0
DA:36,0
LF:10
LH:7
BRDA:25,0,0,0
BRDA:25,0,1,50
BRDA:25,1,0,50
BRDA:25,1,1,0
BRDA:25,2,0,50
BRDA:25,2,1,50
BRF:6
BRH:4
end_of_record
TN:
SF:MVCForum.Website\UI\assets\src\ts\modules\ui\components\adminDashboard\index.ts
FN:10,(anonymous_0)
FN:23,(anonymous_1)
FN:33,(anonymous_2)
FNF:3
FNH:3
FNDA:1,(anonymous_0)
FNDA:1,(anonymous_1)
FNDA:3,(anonymous_2)
DA:1,1
DA:6,1
DA:8,1
DA:15,1
DA:17,1
DA:19,1
DA:23,1
DA:25,1
DA:27,3
DA:29,3
DA:30,3
DA:32,3
DA:35,3
LF:13
LH:13
BRDA:27,0,0,3
BRDA:27,0,1,0
BRF:2
BRH:1
end_of_record
TN:
SF:MVCForum.Website\UI\assets\src\ts\modules\ui\components\ajaxForm\index.ts
FN:13,(anonymous_0)
FN:25,(anonymous_1)
FN:48,(anonymous_2)
FN:49,(anonymous_3)
FNF:4
FNH:4
FNDA:5,(anonymous_0)
FNDA:4,(anonymous_1)
FNDA:2,(anonymous_2)
FNDA:1,(anonymous_3)
DA:1,1
DA:2,1
DA:8,1
DA:10,5
DA:11,5
DA:20,5
DA:22,5
DA:23,5
DA:25,5
DA:27,4
DA:29,4
DA:31,4
DA:33,4
DA:35,3
DA:36,3
DA:43,3
DA:48,2
DA:49,1
LF:18
LH:18
BRDA:16,0,0,1
BRDA:33,1,0,3
BRDA:33,1,1,1
BRF:3
BRH:3
end_of_record
TN:
SF:MVCForum.Website\UI\assets\src\ts\modules\ui\components\createTopic\index.ts
FN:23,(anonymous_0)
FN:38,(anonymous_1)
FN:46,(anonymous_2)
FN:62,(anonymous_3)
FN:75,(anonymous_4)
FN:89,(anonymous_5)
FN:116,(anonymous_6)
FN:141,(anonymous_7)
FN:156,(anonymous_8)
FN:161,(anonymous_9)
FN:175,(anonymous_10)
FN:185,(anonymous_11)
FN:197,(anonymous_12)
FN:212,(anonymous_13)
FN:229,(anonymous_14)
FNF:15
FNH:12
FNDA:3,(anonymous_0)
FNDA:3,(anonymous_1)
FNDA:3,(anonymous_2)
FNDA:0,(anonymous_3)
FNDA:0,(anonymous_4)
FNDA:3,(anonymous_5)
FNDA:1,(anonymous_6)
FNDA:4,(anonymous_7)
FNDA:1,(anonymous_8)
FNDA:0,(anonymous_9)
FNDA:3,(anonymous_10)
FNDA:1,(anonymous_11)
FNDA:1,(anonymous_12)
FNDA:3,(anonymous_13)
FNDA:1,(anonymous_14)
DA:1,1
DA:17,1
DA:20,3
DA:21,3
DA:25,3
DA:27,3
DA:28,3
DA:31,3
DA:32,3
DA:33,3
DA:38,3
DA:40,3
DA:42,3
DA:43,0
DA:46,3
DA:49,3
DA:51,3
DA:52,0
DA:55,3
DA:64,0
DA:65,0
DA:68,0
DA:69,0
DA:71,0
DA:72,0
DA:76,0
DA:83,3
DA:89,3
DA:91,3
DA:92,3
DA:94,3
DA:95,0
DA:98,3
DA:99,3
DA:100,3
DA:101,3
DA:102,3
DA:106,3
DA:116,3
DA:118,1
DA:120,5
DA:122,5
DA:123,5
DA:125,5
DA:127,3
DA:131,2
DA:141,3
DA:143,4
DA:145,4
DA:147,4
DA:148,3
DA:151,1
DA:158,1
DA:163,0
DA:170,3
DA:171,3
DA:175,3
DA:177,3
DA:178,3
DA:179,3
DA:180,3
DA:181,3
DA:182,3
DA:183,3
DA:185,3
DA:187,1
DA:189,1
DA:190,1
DA:191,1
DA:193,1
DA:197,3
DA:199,1
DA:201,1
DA:202,1
DA:203,1
DA:205,1
DA:207,1
DA:212,3
DA:214,3
DA:216,3
DA:217,3
DA:218,3
DA:220,3
DA:221,3
DA:223,3
DA:225,3
DA:229,3
DA:231,1
DA:233,1
DA:235,1
DA:236,0
DA:239,1
DA:241,1
DA:245,3
DA:246,3
DA:247,3
DA:248,3
LF:97
LH:85
BRDA:40,0,0,0
BRDA:40,0,1,3
BRDA:40,1,0,3
BRDA:40,1,1,3
BRDA:42,2,0,0
BRDA:42,2,1,3
BRDA:51,3,0,0
BRDA:51,3,1,3
BRDA:64,4,0,0
BRDA:64,4,1,0
BRDA:68,5,0,0
BRDA:68,5,1,0
BRDA:68,6,0,0
BRDA:68,6,1,0
BRDA:69,7,0,0
BRDA:69,7,1,0
BRDA:69,8,0,0
BRDA:69,8,1,0
BRDA:91,9,0,0
BRDA:91,9,1,3
BRDA:91,10,0,3
BRDA:91,10,1,3
BRDA:94,11,0,0
BRDA:94,11,1,3
BRDA:120,12,0,5
BRDA:120,12,1,0
BRDA:125,13,0,3
BRDA:125,13,1,2
BRDA:147,14,0,3
BRDA:147,14,1,1
BRDA:178,15,0,0
BRDA:178,15,1,3
BRDA:178,16,0,3
BRDA:178,16,1,3
BRDA:179,17,0,0
BRDA:179,17,1,3
BRDA:179,18,0,3
BRDA:179,18,1,3
BRDA:180,19,0,0
BRDA:180,19,1,3
BRDA:180,20,0,3
BRDA:180,20,1,3
BRDA:181,21,0,0
BRDA:181,21,1,3
BRDA:181,22,0,3
BRDA:181,22,1,3
BRDA:182,23,0,0
BRDA:182,23,1,3
BRDA:182,24,0,3
BRDA:182,24,1,3
BRDA:183,25,0,0
BRDA:183,25,1,3
BRDA:183,26,0,3
BRDA:183,26,1,3
BRDA:214,27,0,1
BRDA:214,27,1,2
BRDA:214,28,0,3
BRDA:214,28,1,3
BRDA:235,29,0,0
BRDA:235,29,1,1
BRDA:245,30,0,0
BRDA:245,30,1,3
BRDA:245,31,0,3
BRDA:245,31,1,3
BRDA:246,32,0,0
BRDA:246,32,1,3
BRDA:246,33,0,3
BRDA:246,33,1,3
BRDA:247,34,0,0
BRDA:247,34,1,3
BRDA:247,35,0,3
BRDA:247,35,1,3
BRDA:248,36,0,0
BRDA:248,36,1,3
BRDA:248,37,0,3
BRDA:248,37,1,3
BRF:76
BRH:49
end_of_record
TN:
SF:MVCForum.Website\UI\assets\src\ts\modules\ui\components\details\index.ts
FN:19,(anonymous_0)
FN:82,(anonymous_1)
FN:91,(anonymous_2)
FN:38,(anonymous_3)
FN:68,(anonymous_4)
FNF:5
FNH:1
FNDA:3,(anonymous_0)
FNDA:0,(anonymous_1)
FNDA:0,(anonymous_2)
FNDA:0,(anonymous_3)
FNDA:0,(anonymous_4)
DA:1,1
DA:2,1
DA:3,1
DA:8,1
DA:10,3
DA:11,3
DA:12,3
DA:13,3
DA:14,3
DA:15,3
DA:16,3
DA:23,3
DA:25,3
DA:26,3
DA:27,3
DA:28,3
DA:29,3
DA:30,3
DA:31,3
DA:32,3
DA:35,3
DA:36,0
DA:38,0
DA:40,0
DA:48,3
DA:50,3
DA:57,3
DA:58,3
DA:63,3
DA:68,3
DA:70,0
DA:71,0
DA:73,0
DA:82,3
DA:84,0
DA:91,3
DA:92,0
DA:95,0
DA:97,0
DA:101,0
LF:40
LH:29
BRDA:95,0,0,0
BRDA:95,0,1,0
BRDA:27,1,0,0
BRDA:27,1,1,3
BRDA:27,2,0,3
BRDA:27,2,1,3
BRDA:28,3,0,0
BRDA:28,3,1,3
BRDA:28,4,0,3
BRDA:28,4,1,3
BRDA:28,5,0,0
BRDA:28,5,1,3
BRDA:28,6,0,3
BRDA:28,6,1,3
BRDA:29,7,0,0
BRDA:29,7,1,3
BRDA:29,8,0,3
BRDA:29,8,1,3
BRDA:29,9,0,0
BRDA:29,9,1,3
BRDA:29,10,0,3
BRDA:29,10,1,3
BRDA:30,11,0,0
BRDA:30,11,1,3
BRDA:30,12,0,3
BRDA:30,12,1,3
BRDA:30,13,0,0
BRDA:30,13,1,3
BRDA:30,14,0,3
BRDA:30,14,1,3
BRDA:35,15,0,0
BRDA:35,15,1,3
BRDA:48,16,0,3
BRDA:48,16,1,0
BRDA:48,17,0,3
BRDA:48,17,1,3
BRDA:48,17,2,3
BRDA:58,18,0,1
BRDA:58,18,1,2
BRDA:63,19,0,0
BRDA:63,19,1,3
BRDA:63,20,0,3
BRDA:63,20,1,3
BRDA:68,21,0,0
BRDA:68,21,1,3
BRDA:68,22,0,3
BRDA:68,22,1,3
BRDA:71,23,0,0
BRDA:71,23,1,0
BRDA:73,24,0,0
BRDA:73,24,1,0
BRDA:73,25,0,0
BRDA:73,25,1,0
BRF:53
BRH:34
end_of_record
TN:
SF:MVCForum.Website\UI\assets\src\ts\modules\ui\components\dialog\index.ts
FN:10,(anonymous_0)
FN:24,(anonymous_1)
FN:33,(anonymous_2)
FN:41,(anonymous_3)
FN:51,(anonymous_4)
FNF:5
FNH:5
FNDA:2,(anonymous_0)
FNDA:2,(anonymous_1)
FNDA:1,(anonymous_2)
FNDA:1,(anonymous_3)
FNDA:3,(anonymous_4)
DA:1,1
DA:6,1
DA:8,2
DA:14,2
DA:16,2
DA:18,2
DA:20,2
DA:24,2
DA:26,2
DA:28,2
DA:29,2
DA:30,2
DA:31,2
DA:33,2
DA:35,1
DA:37,1
DA:41,2
DA:43,1
DA:45,1
DA:47,1
DA:51,2
DA:53,3
DA:55,2
DA:57,2
DA:61,3
LF:25
LH:25
BRDA:53,0,0,2
BRDA:53,0,1,1
BRF:2
BRH:2
end_of_record
TN:
SF:MVCForum.Website\UI\assets\src\ts\modules\ui\components\drawer\index.ts
FN:14,(anonymous_0)
FN:42,(anonymous_1)
FN:52,(anonymous_2)
FN:54,(anonymous_3)
FN:93,(anonymous_4)
FN:102,(anonymous_5)
FN:106,(anonymous_6)
FN:110,(anonymous_7)
FNF:8
FNH:0
FNDA:0,(anonymous_0)
FNDA:0,(anonymous_1)
FNDA:0,(anonymous_2)
FNDA:0,(anonymous_3)
FNDA:0,(anonymous_4)
FNDA:0,(anonymous_5)
FNDA:0,(anonymous_6)
FNDA:0,(anonymous_7)
DA:1,0
DA:2,0
DA:8,0
DA:10,0
DA:11,0
DA:12,0
DA:22,0
DA:24,0
DA:25,0
DA:26,0
DA:30,0
DA:31,0
DA:32,0
DA:33,0
DA:34,0
DA:36,0
DA:38,0
DA:42,0
DA:44,0
DA:45,0
DA:47,0
DA:48,0
DA:52,0
DA:54,0
DA:56,0
DA:58,0
DA:60,0
DA:62,0
DA:64,0
DA:66,0
DA:67,0
DA:73,0
DA:74,0
DA:80,0
DA:81,0
DA:85,0
DA:93,0
DA:95,0
DA:97,0
DA:98,0
DA:102,0
DA:104,0
DA:106,0
DA:110,0
DA:112,0
DA:114,0
LF:46
LH:0
BRDA:56,0,0,0
BRDA:56,0,1,0
BRDA:56,1,0,0
BRDA:56,1,1,0
BRDA:58,2,0,0
BRDA:58,2,1,0
BRDA:60,3,0,0
BRDA:60,3,1,0
BRDA:60,4,0,0
BRDA:60,4,1,0
BRDA:60,5,0,0
BRDA:60,5,1,0
BRDA:60,6,0,0
BRDA:60,6,1,0
BRDA:62,7,0,0
BRDA:62,7,1,0
BRDA:64,8,0,0
BRDA:64,8,1,0
BRDA:25,9,0,0
BRDA:25,9,1,0
BRDA:25,10,0,0
BRDA:25,10,1,0
BRF:22
BRH:0
end_of_record
TN:
SF:MVCForum.Website\UI\assets\src\ts\modules\ui\components\emailSubscription\index.ts
FN:12,(anonymous_0)
FN:26,(anonymous_1)
FN:30,(anonymous_2)
FN:50,(anonymous_3)
FN:53,(anonymous_4)
FN:61,(anonymous_5)
FN:67,(anonymous_6)
FN:90,(anonymous_7)
FN:107,(anonymous_8)
FNF:9
FNH:0
FNDA:0,(anonymous_0)
FNDA:0,(anonymous_1)
FNDA:0,(anonymous_2)
FNDA:0,(anonymous_3)
FNDA:0,(anonymous_4)
FNDA:0,(anonymous_5)
FNDA:0,(anonymous_6)
FNDA:0,(anonymous_7)
FNDA:0,(anonymous_8)
DA:1,0
DA:7,0
DA:9,0
DA:10,0
DA:20,0
DA:22,0
DA:23,0
DA:26,0
DA:28,0
DA:29,0
DA:30,0
DA:31,0
DA:32,0
DA:33,0
DA:35,0
DA:37,0
DA:38,0
DA:39,0
DA:42,0
DA:44,0
DA:51,0
DA:54,0
DA:61,0
DA:63,0
DA:65,0
DA:67,0
DA:69,0
DA:71,0
DA:72,0
DA:73,0
DA:74,0
DA:76,0
DA:78,0
DA:79,0
DA:82,0
DA:84,0
DA:93,0
DA:94,0
DA:95,0
DA:97,0
DA:98,0
DA:99,0
DA:102,0
DA:103,0
DA:104,0
DA:108,0
DA:116,0
DA:117,0
LF:48
LH:0
BRDA:29,0,0,0
BRDA:29,0,1,0
BRDA:65,1,0,0
BRDA:65,1,1,0
BRDA:94,2,0,0
BRDA:94,2,1,0
BRDA:98,3,0,0
BRDA:98,3,1,0
BRDA:103,4,0,0
BRDA:103,4,1,0
BRDA:108,5,0,0
BRDA:108,5,1,0
BRDA:108,6,0,0
BRDA:108,6,1,0
BRF:14
BRH:0
end_of_record
TN:
SF:MVCForum.Website\UI\assets\src\ts\modules\ui\components\icon\index.ts
FN:12,(anonymous_0)
FN:28,(anonymous_1)
FNF:2
FNH:2
FNDA:3,(anonymous_0)
FNDA:3,(anonymous_1)
DA:1,1
DA:6,1
DA:8,3
DA:9,3
DA:10,3
DA:17,3
DA:19,3
DA:20,3
DA:22,3
DA:24,3
DA:30,3
DA:31,3
DA:32,3
LF:13
LH:13
BRDA:32,0,0,0
BRDA:32,0,1,3
BRDA:32,1,0,3
BRDA:32,1,1,3
BRF:4
BRH:3
end_of_record
TN:
SF:MVCForum.Website\UI\assets\src\ts\modules\ui\components\input\index.ts
FN:10,(anonymous_0)
FN:28,(anonymous_1)
FN:34,(anonymous_2)
FN:41,(anonymous_3)
FN:45,(anonymous_4)
FNF:5
FNH:5
FNDA:1,(anonymous_0)
FNDA:1,(anonymous_1)
FNDA:1,(anonymous_2)
FNDA:1,(anonymous_3)
FNDA:1,(anonymous_4)
DA:1,1
DA:3,1
DA:5,1
DA:6,1
DA:17,1
DA:19,1
DA:20,1
DA:22,1
DA:24,1
DA:28,1
DA:30,1
DA:34,1
DA:36,1
DA:37,1
DA:38,1
DA:39,1
DA:41,1
DA:43,1
DA:45,1
DA:47,1
DA:49,1
DA:50,0
DA:53,1
DA:56,1
DA:57,1
DA:59,1
DA:60,1
DA:61,1
DA:63,0
DA:68,1
DA:70,1
DA:71,1
DA:72,1
DA:75,0
DA:76,0
DA:80,1
LF:36
LH:32
BRDA:39,0,0,0
BRDA:39,0,1,1
BRDA:39,1,0,1
BRDA:39,1,1,1
BRDA:45,2,0,0
BRDA:45,2,1,1
BRDA:45,3,0,1
BRDA:45,3,1,1
BRDA:49,4,0,0
BRDA:49,4,1,1
BRDA:57,5,0,0
BRDA:57,5,1,1
BRDA:57,6,0,1
BRDA:57,6,1,1
BRDA:59,7,0,1
BRDA:59,7,1,0
BRDA:68,8,0,1
BRDA:68,8,1,0
BRDA:80,9,0,0
BRDA:80,9,1,1
BRDA:80,10,0,1
BRDA:80,10,1,1
BRF:22
BRH:15
end_of_record
TN:
SF:MVCForum.Website\UI\assets\src\ts\modules\ui\components\languageSwitcher\index.ts
FN:14,(anonymous_0)
FN:33,(anonymous_1)
FN:49,(anonymous_2)
FN:50,(anonymous_3)
FN:29,(anonymous_4)
FNF:5
FNH:4
FNDA:4,(anonymous_0)
FNDA:2,(anonymous_1)
FNDA:1,(anonymous_2)
FNDA:1,(anonymous_3)
FNDA:0,(anonymous_4)
DA:1,1
DA:2,1
DA:8,1
DA:10,4
DA:11,4
DA:12,4
DA:21,4
DA:23,4
DA:24,4
DA:25,4
DA:27,4
DA:29,4
DA:33,4
DA:35,2
DA:36,2
DA:37,2
DA:44,2
DA:49,1
DA:50,1
LF:19
LH:19
BRDA:17,0,0,1
BRDA:24,1,0,0
BRDA:24,1,1,4
BRDA:24,2,0,4
BRDA:24,2,1,4
BRF:5
BRH:4
end_of_record
TN:
SF:MVCForum.Website\UI\assets\src\ts\modules\ui\components\loadMoreButton\index.ts
FN:20,(anonymous_0)
FN:53,(anonymous_1)
FN:63,(anonymous_2)
FN:81,(anonymous_3)
FN:98,(anonymous_4)
FNF:5
FNH:4
FNDA:3,(anonymous_0)
FNDA:3,(anonymous_1)
FNDA:2,(anonymous_2)
FNDA:2,(anonymous_3)
FNDA:0,(anonymous_4)
DA:1,1
DA:2,1
DA:8,1
DA:10,3
DA:11,3
DA:12,3
DA:13,3
DA:14,3
DA:15,3
DA:16,3
DA:17,3
DA:34,3
DA:36,3
DA:37,3
DA:38,3
DA:39,3
DA:40,3
DA:41,3
DA:42,3
DA:43,3
DA:44,3
DA:45,3
DA:47,3
DA:49,3
DA:53,3
DA:55,3
DA:56,3
DA:58,3
DA:59,1
DA:63,2
DA:65,2
DA:67,2
DA:68,2
DA:69,2
DA:70,2
DA:75,2
DA:83,2
DA:85,2
DA:87,2
DA:89,0
DA:91,0
DA:95,2
DA:100,0
DA:101,0
LF:44
LH:40
BRDA:30,0,0,0
BRDA:58,1,0,1
BRDA:58,1,1,2
BRDA:65,2,0,0
BRDA:65,2,1,2
BRDA:65,3,0,2
BRDA:65,3,1,2
BRDA:85,4,0,2
BRDA:85,4,1,0
BRDA:85,5,0,2
BRDA:85,5,1,2
BRDA:87,6,0,0
BRDA:87,6,1,2
BRDA:37,7,0,0
BRDA:37,7,1,3
BRDA:37,8,0,3
BRDA:37,8,1,3
BRDA:38,9,0,0
BRDA:38,9,1,3
BRDA:38,10,0,3
BRDA:38,10,1,3
BRDA:39,11,0,0
BRDA:39,11,1,3
BRDA:39,12,0,3
BRDA:39,12,1,3
BRF:25
BRH:18
end_of_record
TN:
SF:MVCForum.Website\UI\assets\src\ts\modules\ui\components\mobileNav\index.ts
FN:11,(anonymous_0)
FN:22,(anonymous_1)
FNF:2
FNH:2
FNDA:2,(anonymous_0)
FNDA:1,(anonymous_1)
DA:1,1
DA:6,1
DA:8,2
DA:9,2
DA:17,2
DA:19,2
DA:20,2
DA:22,2
DA:24,1
DA:26,1
DA:30,2
LF:11
LH:11
BRDA:22,0,0,0
BRDA:22,0,1,2
BRDA:22,1,0,2
BRDA:22,1,1,2
BRF:4
BRH:3
end_of_record
TN:
SF:MVCForum.Website\UI\assets\src\ts\modules\ui\components\siteHeaderNav\index.ts
FN:14,(anonymous_0)
FN:66,(anonymous_1)
FN:83,(anonymous_2)
FN:110,(anonymous_3)
FN:119,(anonymous_4)
FN:128,(anonymous_5)
FN:151,(anonymous_6)
FN:153,(anonymous_7)
FN:155,(anonymous_8)
FN:175,(anonymous_9)
FN:177,(anonymous_10)
FN:179,(anonymous_11)
FN:181,(anonymous_12)
FN:200,(anonymous_13)
FN:211,(anonymous_14)
FN:223,(anonymous_15)
FN:48,(anonymous_16)
FNF:17
FNH:0
FNDA:0,(anonymous_0)
FNDA:0,(anonymous_1)
FNDA:0,(anonymous_2)
FNDA:0,(anonymous_3)
FNDA:0,(anonymous_4)
FNDA:0,(anonymous_5)
FNDA:0,(anonymous_6)
FNDA:0,(anonymous_7)
FNDA:0,(anonymous_8)
FNDA:0,(anonymous_9)
FNDA:0,(anonymous_10)
FNDA:0,(anonymous_11)
FNDA:0,(anonymous_12)
FNDA:0,(anonymous_13)
FNDA:0,(anonymous_14)
FNDA:0,(anonymous_15)
FNDA:0,(anonymous_16)
DA:1,0
DA:2,0
DA:7,0
DA:9,0
DA:10,0
DA:12,0
DA:24,0
DA:26,0
DA:27,0
DA:28,0
DA:29,0
DA:30,0
DA:31,0
DA:33,0
DA:34,0
DA:36,0
DA:37,0
DA:38,0
DA:40,0
DA:41,0
DA:42,0
DA:43,0
DA:48,0
DA:50,0
DA:57,0
DA:58,0
DA:66,0
DA:68,0
DA:69,0
DA:71,0
DA:83,0
DA:87,0
DA:89,0
DA:93,0
DA:110,0
DA:112,0
DA:119,0
DA:121,0
DA:128,0
DA:130,0
DA:132,0
DA:139,0
DA:151,0
DA:153,0
DA:155,0
DA:157,0
DA:158,0
DA:160,0
DA:162,0
DA:175,0
DA:177,0
DA:179,0
DA:181,0
DA:183,0
DA:185,0
DA:200,0
DA:202,0
DA:211,0
DA:213,0
DA:215,0
DA:217,0
DA:223,0
DA:225,0
DA:227,0
DA:229,0
LF:65
LH:0
BRDA:16,0,0,0
BRDA:87,1,0,0
BRDA:87,1,1,0
BRDA:130,2,0,0
BRDA:130,2,1,0
BRDA:160,3,0,0
BRDA:160,3,1,0
BRDA:183,4,0,0
BRDA:183,4,1,0
BRDA:215,5,0,0
BRDA:215,5,1,0
BRDA:215,6,0,0
BRDA:215,6,1,0
BRDA:227,7,0,0
BRDA:227,7,1,0
BRF:15
BRH:0
end_of_record
TN:
SF:MVCForum.Website\UI\assets\src\ts\modules\ui\components\tagsInput\index.ts
FN:25,(anonymous_0)
FN:36,(anonymous_1)
FN:53,(anonymous_2)
FN:67,(anonymous_3)
FNF:4
FNH:2
FNDA:2,(anonymous_0)
FNDA:0,(anonymous_1)
FNDA:2,(anonymous_2)
FNDA:0,(anonymous_3)
DA:1,1
DA:19,1
DA:22,2
DA:23,2
DA:27,2
DA:29,2
DA:30,2
DA:32,2
DA:36,2
DA:38,0
DA:39,0
DA:41,0
DA:43,0
DA:45,0
DA:46,0
DA:53,2
DA:55,2
DA:65,2
DA:67,2
DA:69,0
DA:70,0
LF:21
LH:13
BRDA:41,0,0,0
BRDA:41,0,1,0
BRDA:45,1,0,0
BRDA:45,1,1,0
BRDA:65,2,0,0
BRDA:65,2,1,2
BRDA:65,3,0,2
BRDA:65,3,1,2
BRDA:67,4,0,0
BRDA:67,4,1,2
BRDA:67,5,0,2
BRDA:67,5,1,2
BRF:12
BRH:6
end_of_record
TN:
SF:MVCForum.Website\UI\assets\src\ts\modules\ui\components\tinyMCE\index.ts
FN:11,(anonymous_0)
FN:32,(anonymous_1)
FN:39,(anonymous_2)
FN:43,(anonymous_3)
FN:53,(anonymous_4)
FN:60,(anonymous_5)
FN:64,(anonymous_6)
FNF:7
FNH:7
FNDA:2,(anonymous_0)
FNDA:2,(anonymous_1)
FNDA:2,(anonymous_2)
FNDA:1,(anonymous_3)
FNDA:2,(anonymous_4)
FNDA:1,(anonymous_5)
FNDA:1,(anonymous_6)
DA:1,1
DA:3,1
DA:5,2
DA:6,2
DA:7,2
DA:19,2
DA:21,2
DA:22,2
DA:23,2
DA:25,2
DA:27,2
DA:32,2
DA:34,2
DA:35,2
DA:39,2
DA:41,2
DA:43,2
DA:45,1
DA:46,1
DA:47,1
DA:53,2
DA:54,2
DA:55,2
DA:56,2
DA:57,2
DA:58,2
DA:60,2
DA:62,1
DA:64,1
DA:66,1
DA:68,1
DA:69,0
DA:72,1
DA:73,1
DA:74,1
DA:76,1
DA:77,1
DA:78,1
DA:80,0
DA:85,1
DA:87,1
DA:88,1
DA:90,1
DA:92,1
DA:95,0
DA:99,2
LF:46
LH:43
BRDA:41,0,0,0
BRDA:41,0,1,2
BRDA:41,1,0,2
BRDA:41,1,1,2
BRDA:43,2,0,0
BRDA:43,2,1,2
BRDA:43,3,0,2
BRDA:43,3,1,2
BRDA:57,4,0,0
BRDA:57,4,1,2
BRDA:57,5,0,2
BRDA:57,5,1,2
BRDA:58,6,0,0
BRDA:58,6,1,2
BRDA:58,7,0,2
BRDA:58,7,1,2
BRDA:64,8,0,0
BRDA:64,8,1,1
BRDA:64,9,0,1
BRDA:64,9,1,1
BRDA:68,10,0,0
BRDA:68,10,1,1
BRDA:74,11,0,0
BRDA:74,11,1,1
BRDA:74,12,0,1
BRDA:74,12,1,1
BRDA:76,13,0,1
BRDA:76,13,1,0
BRDA:85,14,0,1
BRDA:85,14,1,0
BRDA:99,15,0,0
BRDA:99,15,1,2
BRDA:99,16,0,2
BRDA:99,16,1,2
BRF:34
BRH:24
end_of_record
TN:
SF:MVCForum.Website\UI\assets\src\ts\modules\ui\components\toast\index.ts
FN:14,(anonymous_0)
FN:39,(anonymous_1)
FN:50,(anonymous_2)
FN:58,(anonymous_3)
FNF:4
FNH:4
FNDA:11,(anonymous_0)
FNDA:4,(anonymous_1)
FNDA:4,(anonymous_2)
FNDA:1,(anonymous_3)
DA:1,2
DA:6,2
DA:8,11
DA:9,11
DA:10,11
DA:11,11
DA:12,11
DA:20,11
DA:22,11
DA:23,11
DA:24,11
DA:26,11
DA:27,11
DA:29,11
DA:31,3
DA:35,11
DA:39,11
DA:41,4
DA:50,11
DA:52,4
DA:54,4
DA:56,4
DA:58,4
DA:60,1
DA:62,1
DA:64,1
DA:68,4
DA:70,1
DA:72,1
DA:74,1
DA:78,3
DA:80,3
LF:32
LH:32
BRDA:45,0,0,1
BRDA:45,0,1,3
BRDA:45,1,0,4
BRDA:45,1,1,4
BRDA:68,2,0,1
BRDA:68,2,1,3
BRDA:23,3,0,1
BRDA:23,3,1,10
BRDA:23,4,0,11
BRDA:23,4,1,11
BRDA:24,5,0,3
BRDA:24,5,1,8
BRDA:24,6,0,11
BRDA:24,6,1,11
BRDA:29,7,0,3
BRDA:29,7,1,8
BRF:16
BRH:16
end_of_record
TN:
SF:MVCForum.Website\UI\assets\src\ts\modules\ui\components\topicPost\index.ts
FN:30,(anonymous_0)
FN:44,(anonymous_1)
FN:68,(anonymous_2)
FN:80,(anonymous_3)
FN:85,(anonymous_4)
FN:115,(anonymous_5)
FN:121,(anonymous_6)
FN:133,(anonymous_7)
FN:138,(anonymous_8)
FN:149,(anonymous_9)
FN:173,(anonymous_10)
FN:178,(anonymous_11)
FN:194,(anonymous_12)
FN:199,(anonymous_13)
FN:204,(anonymous_14)
FN:221,(anonymous_15)
FN:227,(anonymous_16)
FN:232,(anonymous_17)
FN:247,(anonymous_18)
FN:253,(anonymous_19)
FN:264,(anonymous_20)
FN:271,(anonymous_21)
FN:276,(anonymous_22)
FN:296,(anonymous_23)
FN:301,(anonymous_24)
FN:306,(anonymous_25)
FN:317,(anonymous_26)
FN:326,(anonymous_27)
FN:336,(anonymous_28)
FN:340,(anonymous_29)
FN:341,(anonymous_30)
FN:349,(anonymous_31)
FN:373,(anonymous_32)
FN:388,(anonymous_33)
FN:392,(anonymous_34)
FN:398,(anonymous_35)
FN:418,(anonymous_36)
FN:461,(anonymous_37)
FN:465,(anonymous_38)
FN:479,(anonymous_39)
FN:483,(anonymous_40)
FN:487,(anonymous_41)
FN:499,(anonymous_42)
FN:537,(anonymous_43)
FN:551,(anonymous_44)
FN:557,(anonymous_45)
FN:588,(anonymous_46)
FN:597,(anonymous_47)
FN:606,(anonymous_48)
FN:615,(anonymous_49)
FN:631,(anonymous_50)
FN:637,(anonymous_51)
FN:673,(anonymous_52)
FN:681,(anonymous_53)
FNF:54
FNH:25
FNDA:6,(anonymous_0)
FNDA:6,(anonymous_1)
FNDA:0,(anonymous_2)
FNDA:6,(anonymous_3)
FNDA:1,(anonymous_4)
FNDA:1,(anonymous_5)
FNDA:0,(anonymous_6)
FNDA:6,(anonymous_7)
FNDA:6,(anonymous_8)
FNDA:1,(anonymous_9)
FNDA:1,(anonymous_10)
FNDA:0,(anonymous_11)
FNDA:6,(anonymous_12)
FNDA:6,(anonymous_13)
FNDA:3,(anonymous_14)
FNDA:6,(anonymous_15)
FNDA:6,(anonymous_16)
FNDA:2,(anonymous_17)
FNDA:6,(anonymous_18)
FNDA:1,(anonymous_19)
FNDA:6,(anonymous_20)
FNDA:0,(anonymous_21)
FNDA:0,(anonymous_22)
FNDA:6,(anonymous_23)
FNDA:6,(anonymous_24)
FNDA:1,(anonymous_25)
FNDA:6,(anonymous_26)
FNDA:0,(anonymous_27)
FNDA:0,(anonymous_28)
FNDA:0,(anonymous_29)
FNDA:0,(anonymous_30)
FNDA:0,(anonymous_31)
FNDA:0,(anonymous_32)
FNDA:6,(anonymous_33)
FNDA:0,(anonymous_34)
FNDA:0,(anonymous_35)
FNDA:0,(anonymous_36)
FNDA:0,(anonymous_37)
FNDA:0,(anonymous_38)
FNDA:6,(anonymous_39)
FNDA:0,(anonymous_40)
FNDA:0,(anonymous_41)
FNDA:0,(anonymous_42)
FNDA:0,(anonymous_43)
FNDA:12,(anonymous_44)
FNDA:0,(anonymous_45)
FNDA:0,(anonymous_46)
FNDA:0,(anonymous_47)
FNDA:0,(anonymous_48)
FNDA:0,(anonymous_49)
FNDA:0,(anonymous_50)
FNDA:0,(anonymous_51)
FNDA:0,(anonymous_52)
FNDA:0,(anonymous_53)
DA:1,1
DA:22,1
DA:24,6
DA:25,6
DA:26,6
DA:27,6
DA:28,6
DA:32,6
DA:34,6
DA:35,6
DA:36,6
DA:37,6
DA:38,6
DA:40,6
DA:44,6
DA:46,6
DA:47,6
DA:48,6
DA:49,6
DA:50,6
DA:51,6
DA:52,6
DA:53,6
DA:54,6
DA:55,6
DA:56,6
DA:68,6
DA:70,0
DA:71,0
DA:72,0
DA:73,0
DA:74,0
DA:75,0
DA:80,6
DA:82,6
DA:83,6
DA:84,6
DA:85,6
DA:87,1
DA:88,1
DA:90,1
DA:92,1
DA:97,1
DA:98,1
DA:109,1
DA:117,1
DA:118,1
DA:123,0
DA:129,6
DA:133,6
DA:135,6
DA:136,6
DA:138,6
DA:140,6
DA:142,6
DA:143,0
DA:146,6
DA:147,6
DA:149,6
DA:151,1
DA:153,1
DA:154,1
DA:167,1
DA:175,1
DA:180,0
DA:186,6
DA:194,6
DA:196,6
DA:197,6
DA:199,6
DA:201,6
DA:202,6
DA:204,6
DA:206,3
DA:207,3
DA:209,3
DA:214,6
DA:221,6
DA:223,6
DA:225,6
DA:227,6
DA:229,6
DA:230,6
DA:232,6
DA:234,2
DA:235,2
DA:237,2
DA:241,6
DA:247,6
DA:249,6
DA:250,6
DA:251,6
DA:253,6
DA:255,1
DA:256,1
DA:257,1
DA:259,1
DA:260,1
DA:264,6
DA:266,6
DA:271,6
DA:273,0
DA:274,0
DA:276,0
DA:278,0
DA:279,0
DA:280,0
DA:282,0
DA:283,0
DA:285,0
DA:289,0
DA:296,6
DA:298,6
DA:299,6
DA:301,6
DA:303,6
DA:304,6
DA:306,6
DA:308,1
DA:309,1
DA:317,6
DA:319,6
DA:320,6
DA:321,6
DA:322,6
DA:323,6
DA:324,6
DA:326,6
DA:328,0
DA:330,0
DA:331,0
DA:334,0
DA:336,0
DA:338,0
DA:340,0
DA:341,0
DA:343,0
DA:344,0
DA:349,0
DA:351,0
DA:353,0
DA:355,0
DA:367,0
DA:375,0
DA:382,0
DA:388,6
DA:390,6
DA:392,6
DA:394,0
DA:395,0
DA:396,0
DA:398,0
DA:400,0
DA:401,0
DA:403,0
DA:404,0
DA:407,0
DA:409,0
DA:410,0
DA:411,0
DA:412,0
DA:413,0
DA:414,0
DA:415,0
DA:416,0
DA:418,0
DA:420,0
DA:422,0
DA:424,0
DA:425,0
DA:426,0
DA:427,0
DA:428,0
DA:432,0
DA:433,0
DA:434,0
DA:435,0
DA:436,0
DA:442,0
DA:443,0
DA:455,0
DA:463,0
DA:467,0
DA:472,0
DA:479,6
DA:481,6
DA:483,6
DA:485,0
DA:487,0
DA:489,0
DA:490,0
DA:492,0
DA:493,0
DA:494,0
DA:495,0
DA:496,0
DA:497,0
DA:499,0
DA:501,0
DA:503,0
DA:505,0
DA:506,0
DA:507,0
DA:508,0
DA:512,0
DA:513,0
DA:514,0
DA:518,0
DA:519,0
DA:531,0
DA:539,0
DA:545,0
DA:551,6
DA:553,12
DA:554,12
DA:555,12
DA:557,12
DA:559,0
DA:561,0
DA:562,0
DA:563,0
DA:564,0
DA:565,0
DA:567,0
DA:568,0
DA:571,0
DA:572,0
DA:573,0
DA:578,0
DA:583,0
DA:590,0
DA:591,0
DA:593,0
DA:599,0
DA:606,12
DA:609,0
DA:615,6
DA:617,0
DA:619,0
DA:621,0
DA:623,0
DA:627,0
DA:631,6
DA:633,0
DA:637,6
DA:640,0
DA:641,0
DA:642,0
DA:644,0
DA:646,0
DA:647,0
DA:648,0
DA:649,0
DA:651,0
DA:652,0
DA:655,0
DA:656,0
DA:659,0
DA:660,0
DA:663,0
DA:664,0
DA:667,0
DA:669,0
DA:673,6
DA:675,0
DA:677,0
DA:681,6
DA:683,0
LF:268
LH:126
BRDA:84,0,0,0
BRDA:84,0,1,6
BRDA:84,1,0,6
BRDA:84,1,1,6
BRDA:90,2,0,0
BRDA:90,2,1,1
BRDA:90,3,0,1
BRDA:90,3,1,1
BRDA:90,4,0,0
BRDA:90,4,1,1
BRDA:90,5,0,1
BRDA:90,5,1,1
BRDA:129,6,0,0
BRDA:129,6,1,6
BRDA:129,7,0,6
BRDA:129,7,1,6
BRDA:142,8,0,0
BRDA:142,8,1,6
BRDA:199,9,0,0
BRDA:199,9,1,6
BRDA:199,10,0,6
BRDA:199,10,1,6
BRDA:201,11,0,0
BRDA:201,11,1,6
BRDA:201,12,0,6
BRDA:201,12,1,6
BRDA:214,13,0,0
BRDA:214,13,1,6
BRDA:214,14,0,6
BRDA:214,14,1,6
BRDA:227,15,0,0
BRDA:227,15,1,6
BRDA:227,16,0,6
BRDA:227,16,1,6
BRDA:251,17,0,6
BRDA:251,17,1,0
BRDA:251,18,0,0
BRDA:251,18,1,6
BRDA:251,19,0,6
BRDA:251,19,1,6
BRDA:264,20,0,0
BRDA:264,20,1,6
BRDA:264,21,0,6
BRDA:264,21,1,6
BRDA:289,22,0,0
BRDA:289,22,1,0
BRDA:289,23,0,0
BRDA:289,23,1,0
BRDA:328,24,0,0
BRDA:328,24,1,0
BRDA:328,25,0,0
BRDA:328,25,1,0
BRDA:330,26,0,0
BRDA:330,26,1,0
BRDA:382,27,0,0
BRDA:382,27,1,0
BRDA:382,28,0,0
BRDA:382,28,1,0
BRDA:403,29,0,0
BRDA:403,29,1,0
BRDA:412,30,0,0
BRDA:412,30,1,0
BRDA:415,31,0,0
BRDA:415,31,1,0
BRDA:422,32,0,0
BRDA:422,32,1,0
BRDA:424,33,0,0
BRDA:424,33,1,0
BRDA:424,34,0,0
BRDA:424,34,1,0
BRDA:432,35,0,0
BRDA:432,35,1,0
BRDA:432,36,0,0
BRDA:432,36,1,0
BRDA:472,37,0,0
BRDA:472,37,1,0
BRDA:472,38,0,0
BRDA:472,38,1,0
BRDA:503,39,0,0
BRDA:503,39,1,0
BRDA:545,40,0,0
BRDA:545,40,1,0
BRDA:545,41,0,0
BRDA:545,41,1,0
BRDA:567,42,0,0
BRDA:567,42,1,0
BRDA:567,43,0,0
BRDA:567,43,1,0
BRDA:571,44,0,0
BRDA:571,44,1,0
BRDA:590,45,0,0
BRDA:590,45,1,0
BRDA:615,46,0,0
BRDA:619,47,0,0
BRDA:619,47,1,0
BRDA:621,48,0,0
BRDA:621,48,1,0
BRDA:621,49,0,0
BRDA:621,49,1,0
BRDA:627,50,0,0
BRDA:627,50,1,0
BRDA:627,51,0,0
BRDA:627,51,1,0
BRDA:644,52,0,0
BRDA:644,52,1,0
BRDA:644,53,0,0
BRDA:644,53,1,0
BRDA:651,54,0,0
BRDA:651,54,1,0
BRDA:655,55,0,0
BRDA:655,55,1,0
BRDA:659,56,0,0
BRDA:659,56,1,0
BRDA:663,57,0,0
BRDA:663,57,1,0
BRF:115
BRH:32
end_of_record
TN:
SF:MVCForum.Website\UI\assets\src\ts\modules\utilities\css\index.ts
FN:4,(anonymous_0)
FN:15,(anonymous_1)
FN:24,(anonymous_2)
FN:51,(anonymous_3)
FNF:4
FNH:4
FNDA:2,(anonymous_0)
FNDA:1,(anonymous_1)
FNDA:2,(anonymous_2)
FNDA:2,(anonymous_3)
DA:4,1
DA:6,2
DA:8,2
DA:15,1
DA:17,1
DA:24,1
DA:29,2
DA:30,2
DA:32,2
DA:34,1
DA:42,1
DA:51,1
DA:53,2
DA:55,1
DA:56,1
DA:60,1
DA:61,1
LF:17
LH:17
BRDA:29,0,0,2
BRDA:29,0,1,0
BRDA:29,1,0,2
BRDA:29,1,1,2
BRDA:29,2,0,0
BRDA:29,2,1,2
BRDA:29,3,0,2
BRDA:29,3,1,2
BRDA:30,4,0,2
BRDA:30,4,1,0
BRDA:30,5,0,2
BRDA:30,5,1,2
BRDA:30,6,0,0
BRDA:30,6,1,2
BRDA:30,7,0,2
BRDA:30,7,1,2
BRDA:32,8,0,1
BRDA:32,8,1,1
BRDA:32,9,0,2
BRDA:32,9,1,1
BRDA:53,10,0,1
BRDA:53,10,1,1
BRF:22
BRH:18
end_of_record
TN:
SF:MVCForum.Website\UI\assets\src\ts\modules\utilities\fetch\index.ts
FN:6,(anonymous_0)
FN:51,(anonymous_1)
FN:63,(anonymous_2)
FN:74,(anonymous_3)
FN:74,(anonymous_4)
FN:82,(anonymous_5)
FN:92,(anonymous_6)
FN:97,(anonymous_7)
FN:131,(anonymous_8)
FNF:9
FNH:8
FNDA:13,(anonymous_0)
FNDA:10,(anonymous_1)
FNDA:7,(anonymous_2)
FNDA:10,(anonymous_3)
FNDA:0,(anonymous_4)
FNDA:7,(anonymous_5)
FNDA:6,(anonymous_6)
FNDA:6,(anonymous_7)
FNDA:3,(anonymous_8)
DA:6,5
DA:14,13
DA:15,13
DA:16,13
DA:17,13
DA:18,13
DA:20,13
DA:26,13
DA:28,5
DA:32,13
DA:38,13
DA:40,3
DA:44,13
DA:51,5
DA:59,10
DA:60,10
DA:62,10
DA:65,7
DA:67,1
DA:71,6
DA:74,10
DA:82,5
DA:89,7
DA:91,7
DA:97,6
DA:99,6
DA:100,3
DA:103,3
DA:105,0
DA:108,3
DA:110,3
DA:112,3
DA:116,2
DA:120,3
DA:131,5
DA:133,3
DA:135,1
DA:139,2
DA:141,2
DA:146,5
LF:40
LH:39
BRDA:15,0,0,3
BRDA:15,0,1,10
BRDA:15,1,0,13
BRDA:15,1,1,13
BRDA:16,2,0,1
BRDA:16,2,1,12
BRDA:16,3,0,13
BRDA:16,3,1,13
BRDA:18,4,0,3
BRDA:18,4,1,10
BRDA:18,5,0,13
BRDA:18,5,1,13
BRDA:26,6,0,5
BRDA:26,6,1,8
BRDA:38,7,0,3
BRDA:38,7,1,10
BRDA:38,8,0,13
BRDA:38,8,1,4
BRDA:60,9,0,3
BRDA:60,9,1,7
BRDA:60,10,0,10
BRDA:60,10,1,10
BRDA:60,11,0,7
BRDA:60,11,1,3
BRDA:60,12,0,10
BRDA:60,12,1,10
BRDA:65,13,0,1
BRDA:65,13,1,6
BRDA:99,14,0,3
BRDA:99,14,1,3
BRDA:103,15,0,0
BRDA:103,15,1,3
BRDA:133,16,0,1
BRDA:133,16,1,2
BRDA:139,17,0,2
BRDA:139,17,1,1
BRF:36
BRH:35
end_of_record
TN:
SF:MVCForum.Website\UI\assets\src\ts\modules\utilities\gtmDataLayer\index.ts
FN:4,(anonymous_0)
FNF:1
FNH:1
FNDA:6,(anonymous_0)
DA:4,1
DA:6,6
DA:8,1
DA:12,5
DA:14,1
DA:18,4
DA:20,4
DA:24,4
DA:26,3
DA:30,4
DA:32,1
DA:36,4
LF:12
LH:12
BRDA:6,0,0,1
BRDA:6,0,1,5
BRDA:12,1,0,1
BRDA:12,1,1,4
BRDA:18,2,0,4
BRDA:18,2,1,1
BRDA:24,3,0,3
BRDA:24,3,1,1
BRDA:30,4,0,1
BRDA:30,4,1,3
BRDA:30,5,0,4
BRDA:30,5,1,1
BRF:12
BRH:12
end_of_record
TN:
SF:MVCForum.Website\UI\assets\src\ts\modules\utilities\routing\index.ts
FN:4,(anonymous_0)
FN:15,(anonymous_1)
FN:16,(anonymous_2)
FN:35,(anonymous_3)
FN:45,(anonymous_4)
FN:67,(anonymous_5)
FNF:6
FNH:6
FNDA:2,(anonymous_0)
FNDA:2,(anonymous_1)
FNDA:2,(anonymous_2)
FNDA:3,(anonymous_3)
FNDA:2,(anonymous_4)
FNDA:1,(anonymous_5)
DA:4,1
DA:6,2
DA:8,1
DA:12,1
DA:15,2
DA:18,2
DA:20,2
DA:22,2
DA:28,1
DA:35,1
DA:37,3
DA:39,3
DA:41,2
DA:45,1
DA:47,2
DA:48,2
DA:50,2
DA:52,1
DA:56,2
DA:60,1
DA:67,1
DA:69,1
LF:22
LH:22
BRDA:6,0,0,1
BRDA:6,0,1,1
BRDA:6,1,0,2
BRDA:6,1,1,1
BRDA:6,1,2,1
BRDA:12,2,0,1
BRDA:12,2,1,0
BRDA:20,3,0,2
BRDA:20,3,1,0
BRDA:39,4,0,2
BRDA:39,4,1,1
BRDA:39,5,0,3
BRDA:39,5,1,2
BRDA:39,5,2,2
BRDA:47,6,0,1
BRDA:47,6,1,1
BRDA:50,7,0,1
BRDA:50,7,1,1
BRF:18
BRH:16
end_of_record
TN:
SF:MVCForum.Website\UI\assets\src\ts\modules\utilities\sw\index.ts
FN:4,(anonymous_0)
FN:11,(anonymous_1)
FN:18,(anonymous_2)
FNF:3
FNH:0
FNDA:0,(anonymous_0)
FNDA:0,(anonymous_1)
FNDA:0,(anonymous_2)
DA:4,0
DA:6,0
DA:8,0
DA:20,0
LF:4
LH:0
BRDA:6,0,0,0
BRDA:6,0,1,0
BRF:2
BRH:0
end_of_record
